{"uid":"5894bcc329cb5e4b","name":"givenUserWantsToRegister_whenTheyProvideValidDetails_thenAccountIsCreatedSuccessfully","fullName":"com.wire.android.tests.core.tests.PersonalUserRegistrationTest.givenUserWantsToRegister_whenTheyProvideValidDetails_thenAccountIsCreatedSuccessfully","historyId":"f4774ca3f19e3fbf3da62c80bbe7051d","time":{"start":1771173198451,"stop":1771173255630,"duration":57179},"status":"broken","statusMessage":"404 page not found\n","statusTrace":"network.HttpRequestException: 404 page not found\n\n\tat network.NetworkBackendClient.handleResponseError(ApiNetworkClient.kt:137)\n\tat network.NetworkBackendClient.makeRequest(ApiNetworkClient.kt:109)\n\tat network.NetworkBackendClient.sendJsonRequest(ApiNetworkClient.kt:148)\n\tat network.NetworkBackendClient.sendJsonRequest$default(ApiNetworkClient.kt:141)\n\tat InbucketClient.getVerificationCode(InbucketClient.kt:50)\n\tat InbucketClient$getVerificationCode$1.invokeSuspend(Unknown Source:18)\n\tat kotlin.coroutines.jvm.internal.BaseContinuationImpl.resumeWith(ContinuationImpl.kt:33)\n\tat kotlinx.coroutines.DispatchedTaskKt.resume(DispatchedTask.kt:231)\n\tat kotlinx.coroutines.DispatchedTaskKt.dispatch(DispatchedTask.kt:164)\n\tat kotlinx.coroutines.CancellableContinuationImpl.dispatchResume(CancellableContinuationImpl.kt:466)\n\tat kotlinx.coroutines.CancellableContinuationImpl.resumeImpl(CancellableContinuationImpl.kt:500)\n\tat kotlinx.coroutines.CancellableContinuationImpl.resumeImpl$default(CancellableContinuationImpl.kt:489)\n\tat kotlinx.coroutines.CancellableContinuationImpl.resumeUndispatched(CancellableContinuationImpl.kt:587)\n\tat kotlinx.coroutines.EventLoopImplBase$DelayedResumeTask.run(EventLoop.common.kt:490)\n\tat kotlinx.coroutines.EventLoopImplBase.processNextEvent(EventLoop.common.kt:277)\n\tat kotlinx.coroutines.BlockingCoroutine.joinBlocking(Builders.kt:95)\n\tat kotlinx.coroutines.BuildersKt__BuildersKt.runBlocking(Builders.kt:69)\n\tat kotlinx.coroutines.BuildersKt.runBlocking(Unknown Source:1)\n\tat kotlinx.coroutines.BuildersKt__BuildersKt.runBlocking$default(Builders.kt:48)\n\tat kotlinx.coroutines.BuildersKt.runBlocking$default(Unknown Source:1)\n\tat com.wire.android.tests.core.tests.PersonalUserRegistrationTest.givenUserWantsToRegister_whenTheyProvideValidDetails_thenAccountIsCreatedSuccessfully$lambda$12(PersonalUserRegistrationTest.kt:118)\n\tat com.wire.android.tests.core.tests.PersonalUserRegistrationTest.$r8$lambda$LyMLokS7QsEYTb_6hK0S5nrDr_c(Unknown Source:0)\n\tat com.wire.android.tests.core.tests.PersonalUserRegistrationTest$$ExternalSyntheticLambda6.invoke(D8$$SyntheticClass:0)\n\tat com.wire.android.tests.core.BaseUiTest.step$lambda$1(BaseUiTest.kt:54)\n\tat com.wire.android.tests.core.BaseUiTest.$r8$lambda$CSKDAIjp6271vtVFMpsHBDVw5qY(Unknown Source:0)\n\tat com.wire.android.tests.core.BaseUiTest$$ExternalSyntheticLambda1.invoke(D8$$SyntheticClass:0)\n\tat io.qameta.allure.kotlin.Allure.step(Allure.kt:60)\n\tat com.wire.android.tests.core.BaseUiTest.step(BaseUiTest.kt:54)\n\tat com.wire.android.tests.core.tests.PersonalUserRegistrationTest.givenUserWantsToRegister_whenTheyProvideValidDetails_thenAccountIsCreatedSuccessfully(PersonalUserRegistrationTest.kt:117)\n\tat java.lang.reflect.Method.invoke(Native Method)\n\tat org.junit.runners.model.FrameworkMethod$1.runReflectiveCall(FrameworkMethod.java:59)\n\tat org.junit.internal.runners.model.ReflectiveCallable.run(ReflectiveCallable.java:12)\n\tat org.junit.runners.model.FrameworkMethod.invokeExplosively(FrameworkMethod.java:56)\n\tat org.junit.internal.runners.statements.InvokeMethod.evaluate(InvokeMethod.java:17)\n\tat androidx.test.internal.runner.junit4.statement.RunBefores.evaluate(RunBefores.java:80)\n\tat androidx.test.internal.runner.junit4.statement.RunAfters.evaluate(RunAfters.java:61)\n\tat com.wire.android.tests.support.suite.AllureFailureScreenshotRule$apply$1.evaluate(AllureFailureScreenshotRule.kt:44)\n\tat com.wire.android.tests.support.suite.AllureLabelsRule$apply$1.evaluate(AllureLabelsRule.kt:70)\n\tat org.junit.rules.TestWatcher$1.evaluate(TestWatcher.java:61)\n\tat com.wire.android.tests.support.suite.AllureLogcatRule$apply$1.evaluate(AllureLogcatRule.kt:41)\n\tat org.junit.runners.ParentRunner$3.evaluate(ParentRunner.java:306)\n\tat org.junit.runners.BlockJUnit4ClassRunner$1.evaluate(BlockJUnit4ClassRunner.java:100)\n\tat org.junit.runners.ParentRunner.runLeaf(ParentRunner.java:366)\n\tat org.junit.runners.BlockJUnit4ClassRunner.runChild(BlockJUnit4ClassRunner.java:103)\n\tat org.junit.runners.BlockJUnit4ClassRunner.runChild(BlockJUnit4ClassRunner.java:63)\n\tat org.junit.runners.ParentRunner$4.run(ParentRunner.java:331)\n\tat org.junit.runners.ParentRunner$1.schedule(ParentRunner.java:79)\n\tat org.junit.runners.ParentRunner.runChildren(ParentRunner.java:329)\n\tat org.junit.runners.ParentRunner.access$100(ParentRunner.java:66)\n\tat org.junit.runners.ParentRunner$2.evaluate(ParentRunner.java:293)\n\tat org.junit.runners.ParentRunner$3.evaluate(ParentRunner.java:306)\n\tat org.junit.runners.ParentRunner.run(ParentRunner.java:413)\n\tat androidx.test.ext.junit.runners.AndroidJUnit4.run(AndroidJUnit4.java:162)\n\tat org.junit.runners.Suite.runChild(Suite.java:128)\n\tat org.junit.runners.Suite.runChild(Suite.java:27)\n\tat org.junit.runners.ParentRunner$4.run(ParentRunner.java:331)\n\tat org.junit.runners.ParentRunner$1.schedule(ParentRunner.java:79)\n\tat org.junit.runners.ParentRunner.runChildren(ParentRunner.java:329)\n\tat org.junit.runners.ParentRunner.access$100(ParentRunner.java:66)\n\tat org.junit.runners.ParentRunner$2.evaluate(ParentRunner.java:293)\n\tat org.junit.runners.ParentRunner$3.evaluate(ParentRunner.java:306)\n\tat org.junit.runners.ParentRunner.run(ParentRunner.java:413)\n\tat org.junit.runner.JUnitCore.run(JUnitCore.java:137)\n\tat org.junit.runner.JUnitCore.run(JUnitCore.java:115)\n\tat androidx.test.internal.runner.TestExecutor.execute(TestExecutor.java:68)\n\tat androidx.test.internal.runner.TestExecutor.execute(TestExecutor.java:59)\n\tat androidx.test.runner.AndroidJUnitRunner.onStart(AndroidJUnitRunner.java:467)\n\tat com.wire.android.tests.support.suite.TaggedTestRunner.onStart(TaggedTestRunner.kt:51)\n\tat android.app.Instrumentation$InstrumentationThread.run(Instrumentation.java:2278)\n","flaky":false,"newFailed":false,"newBroken":false,"newPassed":false,"retriesCount":0,"retriesStatusChange":false,"beforeStages":[],"testStage":{"status":"broken","statusMessage":"404 page not found\n","statusTrace":"network.HttpRequestException: 404 page not found\n\n\tat network.NetworkBackendClient.handleResponseError(ApiNetworkClient.kt:137)\n\tat network.NetworkBackendClient.makeRequest(ApiNetworkClient.kt:109)\n\tat network.NetworkBackendClient.sendJsonRequest(ApiNetworkClient.kt:148)\n\tat network.NetworkBackendClient.sendJsonRequest$default(ApiNetworkClient.kt:141)\n\tat InbucketClient.getVerificationCode(InbucketClient.kt:50)\n\tat InbucketClient$getVerificationCode$1.invokeSuspend(Unknown Source:18)\n\tat kotlin.coroutines.jvm.internal.BaseContinuationImpl.resumeWith(ContinuationImpl.kt:33)\n\tat kotlinx.coroutines.DispatchedTaskKt.resume(DispatchedTask.kt:231)\n\tat kotlinx.coroutines.DispatchedTaskKt.dispatch(DispatchedTask.kt:164)\n\tat kotlinx.coroutines.CancellableContinuationImpl.dispatchResume(CancellableContinuationImpl.kt:466)\n\tat kotlinx.coroutines.CancellableContinuationImpl.resumeImpl(CancellableContinuationImpl.kt:500)\n\tat kotlinx.coroutines.CancellableContinuationImpl.resumeImpl$default(CancellableContinuationImpl.kt:489)\n\tat kotlinx.coroutines.CancellableContinuationImpl.resumeUndispatched(CancellableContinuationImpl.kt:587)\n\tat kotlinx.coroutines.EventLoopImplBase$DelayedResumeTask.run(EventLoop.common.kt:490)\n\tat kotlinx.coroutines.EventLoopImplBase.processNextEvent(EventLoop.common.kt:277)\n\tat kotlinx.coroutines.BlockingCoroutine.joinBlocking(Builders.kt:95)\n\tat kotlinx.coroutines.BuildersKt__BuildersKt.runBlocking(Builders.kt:69)\n\tat kotlinx.coroutines.BuildersKt.runBlocking(Unknown Source:1)\n\tat kotlinx.coroutines.BuildersKt__BuildersKt.runBlocking$default(Builders.kt:48)\n\tat kotlinx.coroutines.BuildersKt.runBlocking$default(Unknown Source:1)\n\tat com.wire.android.tests.core.tests.PersonalUserRegistrationTest.givenUserWantsToRegister_whenTheyProvideValidDetails_thenAccountIsCreatedSuccessfully$lambda$12(PersonalUserRegistrationTest.kt:118)\n\tat com.wire.android.tests.core.tests.PersonalUserRegistrationTest.$r8$lambda$LyMLokS7QsEYTb_6hK0S5nrDr_c(Unknown Source:0)\n\tat com.wire.android.tests.core.tests.PersonalUserRegistrationTest$$ExternalSyntheticLambda6.invoke(D8$$SyntheticClass:0)\n\tat com.wire.android.tests.core.BaseUiTest.step$lambda$1(BaseUiTest.kt:54)\n\tat com.wire.android.tests.core.BaseUiTest.$r8$lambda$CSKDAIjp6271vtVFMpsHBDVw5qY(Unknown Source:0)\n\tat com.wire.android.tests.core.BaseUiTest$$ExternalSyntheticLambda1.invoke(D8$$SyntheticClass:0)\n\tat io.qameta.allure.kotlin.Allure.step(Allure.kt:60)\n\tat com.wire.android.tests.core.BaseUiTest.step(BaseUiTest.kt:54)\n\tat com.wire.android.tests.core.tests.PersonalUserRegistrationTest.givenUserWantsToRegister_whenTheyProvideValidDetails_thenAccountIsCreatedSuccessfully(PersonalUserRegistrationTest.kt:117)\n\tat java.lang.reflect.Method.invoke(Native Method)\n\tat org.junit.runners.model.FrameworkMethod$1.runReflectiveCall(FrameworkMethod.java:59)\n\tat org.junit.internal.runners.model.ReflectiveCallable.run(ReflectiveCallable.java:12)\n\tat org.junit.runners.model.FrameworkMethod.invokeExplosively(FrameworkMethod.java:56)\n\tat org.junit.internal.runners.statements.InvokeMethod.evaluate(InvokeMethod.java:17)\n\tat androidx.test.internal.runner.junit4.statement.RunBefores.evaluate(RunBefores.java:80)\n\tat androidx.test.internal.runner.junit4.statement.RunAfters.evaluate(RunAfters.java:61)\n\tat com.wire.android.tests.support.suite.AllureFailureScreenshotRule$apply$1.evaluate(AllureFailureScreenshotRule.kt:44)\n\tat com.wire.android.tests.support.suite.AllureLabelsRule$apply$1.evaluate(AllureLabelsRule.kt:70)\n\tat org.junit.rules.TestWatcher$1.evaluate(TestWatcher.java:61)\n\tat com.wire.android.tests.support.suite.AllureLogcatRule$apply$1.evaluate(AllureLogcatRule.kt:41)\n\tat org.junit.runners.ParentRunner$3.evaluate(ParentRunner.java:306)\n\tat org.junit.runners.BlockJUnit4ClassRunner$1.evaluate(BlockJUnit4ClassRunner.java:100)\n\tat org.junit.runners.ParentRunner.runLeaf(ParentRunner.java:366)\n\tat org.junit.runners.BlockJUnit4ClassRunner.runChild(BlockJUnit4ClassRunner.java:103)\n\tat org.junit.runners.BlockJUnit4ClassRunner.runChild(BlockJUnit4ClassRunner.java:63)\n\tat org.junit.runners.ParentRunner$4.run(ParentRunner.java:331)\n\tat org.junit.runners.ParentRunner$1.schedule(ParentRunner.java:79)\n\tat org.junit.runners.ParentRunner.runChildren(ParentRunner.java:329)\n\tat org.junit.runners.ParentRunner.access$100(ParentRunner.java:66)\n\tat org.junit.runners.ParentRunner$2.evaluate(ParentRunner.java:293)\n\tat org.junit.runners.ParentRunner$3.evaluate(ParentRunner.java:306)\n\tat org.junit.runners.ParentRunner.run(ParentRunner.java:413)\n\tat androidx.test.ext.junit.runners.AndroidJUnit4.run(AndroidJUnit4.java:162)\n\tat org.junit.runners.Suite.runChild(Suite.java:128)\n\tat org.junit.runners.Suite.runChild(Suite.java:27)\n\tat org.junit.runners.ParentRunner$4.run(ParentRunner.java:331)\n\tat org.junit.runners.ParentRunner$1.schedule(ParentRunner.java:79)\n\tat org.junit.runners.ParentRunner.runChildren(ParentRunner.java:329)\n\tat org.junit.runners.ParentRunner.access$100(ParentRunner.java:66)\n\tat org.junit.runners.ParentRunner$2.evaluate(ParentRunner.java:293)\n\tat org.junit.runners.ParentRunner$3.evaluate(ParentRunner.java:306)\n\tat org.junit.runners.ParentRunner.run(ParentRunner.java:413)\n\tat org.junit.runner.JUnitCore.run(JUnitCore.java:137)\n\tat org.junit.runner.JUnitCore.run(JUnitCore.java:115)\n\tat androidx.test.internal.runner.TestExecutor.execute(TestExecutor.java:68)\n\tat androidx.test.internal.runner.TestExecutor.execute(TestExecutor.java:59)\n\tat androidx.test.runner.AndroidJUnitRunner.onStart(AndroidJUnitRunner.java:467)\n\tat com.wire.android.tests.support.suite.TaggedTestRunner.onStart(TaggedTestRunner.kt:51)\n\tat android.app.Instrumentation$InstrumentationThread.run(Instrumentation.java:2278)\n","steps":[{"name":"Generate unique user data for registration","time":{"start":1771173202886,"stop":1771173202887,"duration":1},"status":"passed","steps":[],"attachments":[],"parameters":[],"shouldDisplayMessage":false,"stepsCount":0,"attachmentsCount":0,"hasContent":false,"attachmentStep":false},{"name":"Open registration welcome screen","time":{"start":1771173202887,"stop":1771173203241,"duration":354},"status":"passed","steps":[],"attachments":[],"parameters":[],"shouldDisplayMessage":false,"stepsCount":0,"attachmentsCount":0,"hasContent":false,"attachmentStep":false},{"name":"Enter email and start account creation flow","time":{"start":1771173203242,"stop":1771173208281,"duration":5039},"status":"passed","steps":[],"attachments":[],"parameters":[],"shouldDisplayMessage":false,"stepsCount":0,"attachmentsCount":0,"hasContent":false,"attachmentStep":false},{"name":"Fill personal details (name + password) and validate password visibility toggles","time":{"start":1771173208281,"stop":1771173211780,"duration":3499},"status":"passed","steps":[],"attachments":[],"parameters":[],"shouldDisplayMessage":false,"stepsCount":0,"attachmentsCount":0,"hasContent":false,"attachmentStep":false},{"name":"Accept anonymous usage data option and continue","time":{"start":1771173211780,"stop":1771173213428,"duration":1648},"status":"passed","steps":[],"attachments":[],"parameters":[],"shouldDisplayMessage":false,"stepsCount":0,"attachmentsCount":0,"hasContent":false,"attachmentStep":false},{"name":"Review Terms of Use modal and confirm","time":{"start":1771173213429,"stop":1771173216961,"duration":3532},"status":"passed","steps":[],"attachments":[],"parameters":[],"shouldDisplayMessage":false,"stepsCount":0,"attachmentsCount":0,"hasContent":false,"attachmentStep":false},{"name":"Retrieve OTP from Inbucket using backend credentials","time":{"start":1771173216962,"stop":1771173255154,"duration":38192},"status":"broken","statusMessage":"404 page not found\n","statusTrace":"network.HttpRequestException: 404 page not found\n\n\tat network.NetworkBackendClient.handleResponseError(ApiNetworkClient.kt:137)\n\tat network.NetworkBackendClient.makeRequest(ApiNetworkClient.kt:109)\n\tat network.NetworkBackendClient.sendJsonRequest(ApiNetworkClient.kt:148)\n\tat network.NetworkBackendClient.sendJsonRequest$default(ApiNetworkClient.kt:141)\n\tat InbucketClient.getVerificationCode(InbucketClient.kt:50)\n\tat InbucketClient$getVerificationCode$1.invokeSuspend(Unknown Source:18)\n\tat kotlin.coroutines.jvm.internal.BaseContinuationImpl.resumeWith(ContinuationImpl.kt:33)\n\tat kotlinx.coroutines.DispatchedTaskKt.resume(DispatchedTask.kt:231)\n\tat kotlinx.coroutines.DispatchedTaskKt.dispatch(DispatchedTask.kt:164)\n\tat kotlinx.coroutines.CancellableContinuationImpl.dispatchResume(CancellableContinuationImpl.kt:466)\n\tat kotlinx.coroutines.CancellableContinuationImpl.resumeImpl(CancellableContinuationImpl.kt:500)\n\tat kotlinx.coroutines.CancellableContinuationImpl.resumeImpl$default(CancellableContinuationImpl.kt:489)\n\tat kotlinx.coroutines.CancellableContinuationImpl.resumeUndispatched(CancellableContinuationImpl.kt:587)\n\tat kotlinx.coroutines.EventLoopImplBase$DelayedResumeTask.run(EventLoop.common.kt:490)\n\tat kotlinx.coroutines.EventLoopImplBase.processNextEvent(EventLoop.common.kt:277)\n\tat kotlinx.coroutines.BlockingCoroutine.joinBlocking(Builders.kt:95)\n\tat kotlinx.coroutines.BuildersKt__BuildersKt.runBlocking(Builders.kt:69)\n\tat kotlinx.coroutines.BuildersKt.runBlocking(Unknown Source:1)\n\tat kotlinx.coroutines.BuildersKt__BuildersKt.runBlocking$default(Builders.kt:48)\n\tat kotlinx.coroutines.BuildersKt.runBlocking$default(Unknown Source:1)\n\tat com.wire.android.tests.core.tests.PersonalUserRegistrationTest.givenUserWantsToRegister_whenTheyProvideValidDetails_thenAccountIsCreatedSuccessfully$lambda$12(PersonalUserRegistrationTest.kt:118)\n\tat com.wire.android.tests.core.tests.PersonalUserRegistrationTest.$r8$lambda$LyMLokS7QsEYTb_6hK0S5nrDr_c(Unknown Source:0)\n\tat com.wire.android.tests.core.tests.PersonalUserRegistrationTest$$ExternalSyntheticLambda6.invoke(D8$$SyntheticClass:0)\n\tat com.wire.android.tests.core.BaseUiTest.step$lambda$1(BaseUiTest.kt:54)\n\tat com.wire.android.tests.core.BaseUiTest.$r8$lambda$CSKDAIjp6271vtVFMpsHBDVw5qY(Unknown Source:0)\n\tat com.wire.android.tests.core.BaseUiTest$$ExternalSyntheticLambda1.invoke(D8$$SyntheticClass:0)\n\tat io.qameta.allure.kotlin.Allure.step(Allure.kt:60)\n\tat com.wire.android.tests.core.BaseUiTest.step(BaseUiTest.kt:54)\n\tat com.wire.android.tests.core.tests.PersonalUserRegistrationTest.givenUserWantsToRegister_whenTheyProvideValidDetails_thenAccountIsCreatedSuccessfully(PersonalUserRegistrationTest.kt:117)\n\tat java.lang.reflect.Method.invoke(Native Method)\n\tat org.junit.runners.model.FrameworkMethod$1.runReflectiveCall(FrameworkMethod.java:59)\n\tat org.junit.internal.runners.model.ReflectiveCallable.run(ReflectiveCallable.java:12)\n\tat org.junit.runners.model.FrameworkMethod.invokeExplosively(FrameworkMethod.java:56)\n\tat org.junit.internal.runners.statements.InvokeMethod.evaluate(InvokeMethod.java:17)\n\tat androidx.test.internal.runner.junit4.statement.RunBefores.evaluate(RunBefores.java:80)\n\tat androidx.test.internal.runner.junit4.statement.RunAfters.evaluate(RunAfters.java:61)\n\tat com.wire.android.tests.support.suite.AllureFailureScreenshotRule$apply$1.evaluate(AllureFailureScreenshotRule.kt:44)\n\tat com.wire.android.tests.support.suite.AllureLabelsRule$apply$1.evaluate(AllureLabelsRule.kt:70)\n\tat org.junit.rules.TestWatcher$1.evaluate(TestWatcher.java:61)\n\tat com.wire.android.tests.support.suite.AllureLogcatRule$apply$1.evaluate(AllureLogcatRule.kt:41)\n\tat org.junit.runners.ParentRunner$3.evaluate(ParentRunner.java:306)\n\tat org.junit.runners.BlockJUnit4ClassRunner$1.evaluate(BlockJUnit4ClassRunner.java:100)\n\tat org.junit.runners.ParentRunner.runLeaf(ParentRunner.java:366)\n\tat org.junit.runners.BlockJUnit4ClassRunner.runChild(BlockJUnit4ClassRunner.java:103)\n\tat org.junit.runners.BlockJUnit4ClassRunner.runChild(BlockJUnit4ClassRunner.java:63)\n\tat org.junit.runners.ParentRunner$4.run(ParentRunner.java:331)\n\tat org.junit.runners.ParentRunner$1.schedule(ParentRunner.java:79)\n\tat org.junit.runners.ParentRunner.runChildren(ParentRunner.java:329)\n\tat org.junit.runners.ParentRunner.access$100(ParentRunner.java:66)\n\tat org.junit.runners.ParentRunner$2.evaluate(ParentRunner.java:293)\n\tat org.junit.runners.ParentRunner$3.evaluate(ParentRunner.java:306)\n\tat org.junit.runners.ParentRunner.run(ParentRunner.java:413)\n\tat androidx.test.ext.junit.runners.AndroidJUnit4.run(AndroidJUnit4.java:162)\n\tat org.junit.runners.Suite.runChild(Suite.java:128)\n\tat org.junit.runners.Suite.runChild(Suite.java:27)\n\tat org.junit.runners.ParentRunner$4.run(ParentRunner.java:331)\n\tat org.junit.runners.ParentRunner$1.schedule(ParentRunner.java:79)\n\tat org.junit.runners.ParentRunner.runChildren(ParentRunner.java:329)\n\tat org.junit.runners.ParentRunner.access$100(ParentRunner.java:66)\n\tat org.junit.runners.ParentRunner$2.evaluate(ParentRunner.java:293)\n\tat org.junit.runners.ParentRunner$3.evaluate(ParentRunner.java:306)\n\tat org.junit.runners.ParentRunner.run(ParentRunner.java:413)\n\tat org.junit.runner.JUnitCore.run(JUnitCore.java:137)\n\tat org.junit.runner.JUnitCore.run(JUnitCore.java:115)\n\tat androidx.test.internal.runner.TestExecutor.execute(TestExecutor.java:68)\n\tat androidx.test.internal.runner.TestExecutor.execute(TestExecutor.java:59)\n\tat androidx.test.runner.AndroidJUnitRunner.onStart(AndroidJUnitRunner.java:467)\n\tat com.wire.android.tests.support.suite.TaggedTestRunner.onStart(TaggedTestRunner.kt:51)\n\tat android.app.Instrumentation$InstrumentationThread.run(Instrumentation.java:2278)\n","steps":[],"attachments":[],"parameters":[],"shouldDisplayMessage":true,"stepsCount":0,"attachmentsCount":0,"hasContent":true,"attachmentStep":false}],"attachments":[{"uid":"a6a5313d2de85add","name":"failure-screenshot","source":"a6a5313d2de85add.png","type":"image/png","size":151148},{"uid":"a9650bcd5fc361fe","name":"logcat","source":"a9650bcd5fc361fe.txt","type":"text/plain","size":39814}],"parameters":[],"shouldDisplayMessage":false,"stepsCount":7,"attachmentsCount":2,"hasContent":true,"attachmentStep":false},"afterStages":[],"labels":[{"name":"package","value":"com.wire.android.tests.core.tests"},{"name":"testClass","value":"com.wire.android.tests.core.tests.PersonalUserRegistrationTest"},{"name":"testMethod","value":"givenUserWantsToRegister_whenTheyProvideValidDetails_thenAccountIsCreatedSuccessfully"},{"name":"suite","value":"com.wire.android.tests.core.tests.PersonalUserRegistrationTest"},{"name":"thread","value":"Instr: com.wire.android.tests.support.suite.TaggedTestRunner(291)"},{"name":"framework","value":"junit4"},{"name":"language","value":"kotlin"},{"name":"tag","value":"TC-8694"},{"name":"tag","value":"regression"},{"name":"tag","value":"RC"},{"name":"tag","value":"registration"},{"name":"device","value":"Pixel 3a - 12 (9BMAY1KFA3)"},{"name":"host","value":"Pixel 3a - 12 (9BMAY1KFA3)"},{"name":"resultFormat","value":"allure2"}],"parameters":[{"name":"device","value":"Pixel 3a - 12 (9BMAY1KFA3)"}],"links":[],"hidden":false,"retry":false,"extra":{"severity":"normal","retries":[],"categories":[{"name":"Test defects","matchedStatuses":[],"flaky":false}],"tags":["RC","TC-8694","regression","registration"]},"source":"5894bcc329cb5e4b.json","parameterValues":["Pixel 3a - 12 (9BMAY1KFA3)"]}