<?xml version="1.0" encoding="UTF-8"?>
<testsuite name="I want to be able to change group name as a Team owner 0" tests="1" skipped="0" failures="0" errors="0" time="103.405" hostname="emmanueloke-MacBook-Pro" timestamp="2025-03-18T22:11:03">
<properties>
[...]
</properties>
<testcase name="I want to be able to change group name as a Team owner 0" classname="Group Details" time="103.405">
<system-out><![CDATA[
unique-id: [engine:picklejar-engine]/[Feature:Group Details]/[Scenario:I want to be able to change group name as a Team owner]/[Example:0]
display-name: I want to be able to change group name as a Team owner 0
]]></system-out>
<system-out><![CDATA[
Report Entry #1 (timestamp: 2025-03-18T22:09:20.534723)
	- scenario: I want to be able to change group name as a Team owner 0
	- class: com.wearezeta.auto.androidreloaded.common.Lifecycle.setUp
	- status: started
Report Entry #2 (timestamp: 2025-03-18T22:09:55.930491)
	- scenario: I want to be able to change group name as a Team owner 0
	- class: com.wearezeta.auto.androidreloaded.common.Lifecycle.setUp
	- status: finished
Report Entry #3 (timestamp: 2025-03-18T22:09:55.950795)
	- method: com.wearezeta.auto.androidreloaded.steps.CommonBackendSteps.thereIsATeamOwner
	- step: There is a team owner "user1Name" with team "GroupDeletion"
	- status: started
Report Entry #4 (timestamp: 2025-03-18T22:10:06.043293)
	- duration: 10092458000
	- method: com.wearezeta.auto.androidreloaded.steps.CommonBackendSteps.thereIsATeamOwner
	- step: There is a team owner "user1Name" with team "GroupDeletion"
	- status: passed
Report Entry #5 (timestamp: 2025-03-18T22:10:06.094014)
	- method: com.wearezeta.auto.androidreloaded.steps.CommonBackendSteps.userXAddsUsersToTeam
	- step: User user1Name adds users user2Name,user3Name to team "GroupDeletion" with role Member
	- status: started
Report Entry #6 (timestamp: 2025-03-18T22:10:10.255572)
	- duration: 4161537000
	- method: com.wearezeta.auto.androidreloaded.steps.CommonBackendSteps.userXAddsUsersToTeam
	- step: User user1Name adds users user2Name,user3Name to team "GroupDeletion" with role Member
	- status: passed
Report Entry #7 (timestamp: 2025-03-18T22:10:10.286792)
	- method: com.wearezeta.auto.androidreloaded.steps.CommonBackendSteps.UserXIsMe
	- step: User user1Name is me
	- status: started
Report Entry #8 (timestamp: 2025-03-18T22:10:11.285205)
	- duration: 998412000
	- method: com.wearezeta.auto.androidreloaded.steps.CommonBackendSteps.UserXIsMe
	- step: User user1Name is me
	- status: passed
Report Entry #9 (timestamp: 2025-03-18T22:10:11.310704)
	- method: com.wearezeta.auto.androidreloaded.steps.CommonBackendSteps.UserHasGroupChatWithContacts
	- step: User user1Name has group conversation GroupName with user2Name,user3Name in team "GroupDeletion"
	- status: started
Report Entry #10 (timestamp: 2025-03-18T22:10:11.516935)
	- duration: 206223000
	- method: com.wearezeta.auto.androidreloaded.steps.CommonBackendSteps.UserHasGroupChatWithContacts
	- step: User user1Name has group conversation GroupName with user2Name,user3Name in team "GroupDeletion"
	- status: passed
Report Entry #11 (timestamp: 2025-03-18T22:10:11.539258)
	- method: com.wearezeta.auto.androidreloaded.steps.WelcomePageSteps.iSeeWelcomePage
	- step: I see Welcome Page
	- status: started
Report Entry #12 (timestamp: 2025-03-18T22:10:21.959109)
	- duration: 10419840000
	- method: com.wearezeta.auto.androidreloaded.steps.WelcomePageSteps.iSeeWelcomePage
	- step: I see Welcome Page
	- status: passed
Report Entry #13 (timestamp: 2025-03-18T22:10:22.492958)
	- method: com.wearezeta.auto.androidreloaded.steps.CommonDeviceSteps.iOpenDeepLinkForCustomBackend
	- step: I open staging backend deep link
	- status: started
Report Entry #14 (timestamp: 2025-03-18T22:10:22.619525)
	- duration: 126564000
	- method: com.wearezeta.auto.androidreloaded.steps.CommonDeviceSteps.iOpenDeepLinkForCustomBackend
	- step: I open staging backend deep link
	- status: passed
Report Entry #15 (timestamp: 2025-03-18T22:10:23.012953)
	- method: com.wearezeta.auto.androidreloaded.steps.WelcomePageSteps.iTapProceedButton
	- step: I tap proceed button on custom backend alert
	- status: started
Report Entry #16 (timestamp: 2025-03-18T22:10:27.081092)
	- duration: 4068124000
	- method: com.wearezeta.auto.androidreloaded.steps.WelcomePageSteps.iTapProceedButton
	- step: I tap proceed button on custom backend alert
	- status: passed
Report Entry #17 (timestamp: 2025-03-18T22:10:27.451466)
	- method: com.wearezeta.auto.androidreloaded.steps.WelcomePageSteps.iTapLoginButton
	- step: I tap login button on Welcome Page
	- status: started
Report Entry #18 (timestamp: 2025-03-18T22:10:28.356899)
	- duration: 905417000
	- method: com.wearezeta.auto.androidreloaded.steps.WelcomePageSteps.iTapLoginButton
	- step: I tap login button on Welcome Page
	- status: passed
Report Entry #19 (timestamp: 2025-03-18T22:10:28.841166)
	- method: com.wearezeta.auto.androidreloaded.steps.LoginPageSteps.iSignInUsingMyEmail
	- step: I sign in using my email
	- status: started
Report Entry #20 (timestamp: 2025-03-18T22:10:34.447122)
	- duration: 5605890000
	- method: com.wearezeta.auto.androidreloaded.steps.LoginPageSteps.iSignInUsingMyEmail
	- step: I sign in using my email
	- status: passed
Report Entry #21 (timestamp: 2025-03-18T22:10:34.880882)
	- method: com.wearezeta.auto.androidreloaded.steps.LoginPageSteps.itapLoginButton
	- step: I tap login button on email Login Page
	- status: started
Report Entry #22 (timestamp: 2025-03-18T22:10:36.299604)
	- duration: 1418720000
	- method: com.wearezeta.auto.androidreloaded.steps.LoginPageSteps.itapLoginButton
	- step: I tap login button on email Login Page
	- status: passed
Report Entry #23 (timestamp: 2025-03-18T22:10:36.627454)
	- method: com.wearezeta.auto.androidreloaded.steps.ConversationListPageSteps.iWaitUntilIAmLoggedIn
	- step: I wait until I am fully logged in
	- status: started
Report Entry #24 (timestamp: 2025-03-18T22:10:49.145028)
	- duration: 12517581000
	- method: com.wearezeta.auto.androidreloaded.steps.ConversationListPageSteps.iWaitUntilIAmLoggedIn
	- step: I wait until I am fully logged in
	- status: passed
Report Entry #25 (timestamp: 2025-03-18T22:10:49.669136)
	- method: com.wearezeta.auto.androidreloaded.steps.ConversationListPageSteps.iDeclineShareDataAlert
	- step: I decline share data alert
	- status: started
Report Entry #26 (timestamp: 2025-03-18T22:10:52.081205)
	- duration: 2412046000
	- method: com.wearezeta.auto.androidreloaded.steps.ConversationListPageSteps.iDeclineShareDataAlert
	- step: I decline share data alert
	- status: passed
Report Entry #27 (timestamp: 2025-03-18T22:10:52.531318)
	- method: com.wearezeta.auto.androidreloaded.steps.ConversationListPageSteps.iSeeConversationOnConversationList
	- step: I see conversation "GroupName" in conversation list
	- status: started
Report Entry #28 (timestamp: 2025-03-18T22:10:52.993879)
	- duration: 462544000
	- method: com.wearezeta.auto.androidreloaded.steps.ConversationListPageSteps.iSeeConversationOnConversationList
	- step: I see conversation "GroupName" in conversation list
	- status: passed
Report Entry #29 (timestamp: 2025-03-18T22:10:53.411361)
	- method: com.wearezeta.auto.androidreloaded.steps.ConversationListPageSteps.iTapOnConversationName
	- step: I tap on conversation name "GroupName" in conversation list
	- status: started
Report Entry #30 (timestamp: 2025-03-18T22:10:53.905814)
	- duration: 494428000
	- method: com.wearezeta.auto.androidreloaded.steps.ConversationListPageSteps.iTapOnConversationName
	- step: I tap on conversation name "GroupName" in conversation list
	- status: passed
Report Entry #31 (timestamp: 2025-03-18T22:10:54.210842)
	- method: com.wearezeta.auto.androidreloaded.steps.ConversationViewPageSteps.iOpenGroupDetails
	- step: I tap on group conversation title "GroupName" to open group details
	- status: started
Report Entry #32 (timestamp: 2025-03-18T22:10:54.578079)
	- duration: 367222000
	- method: com.wearezeta.auto.androidreloaded.steps.ConversationViewPageSteps.iOpenGroupDetails
	- step: I tap on group conversation title "GroupName" to open group details
	- status: passed
Report Entry #33 (timestamp: 2025-03-18T22:10:54.880017)
	- method: com.wearezeta.auto.androidreloaded.steps.GroupConversationDetailsPageSteps.iSeeGroupName
	- step: I see "GroupName" as group name
	- status: started
Report Entry #34 (timestamp: 2025-03-18T22:10:55.077097)
	- duration: 197085000
	- method: com.wearezeta.auto.androidreloaded.steps.GroupConversationDetailsPageSteps.iSeeGroupName
	- step: I see "GroupName" as group name
	- status: passed
Report Entry #35 (timestamp: 2025-03-18T22:10:55.552367)
	- method: com.wearezeta.auto.androidreloaded.steps.GroupConversationDetailsPageSteps.iTapOnGroupName
	- step: I tap on "GroupName" group name
	- status: started
Report Entry #36 (timestamp: 2025-03-18T22:10:56.104694)
	- duration: 552309000
	- method: com.wearezeta.auto.androidreloaded.steps.GroupConversationDetailsPageSteps.iTapOnGroupName
	- step: I tap on "GroupName" group name
	- status: passed
Report Entry #37 (timestamp: 2025-03-18T22:10:56.477777)
	- method: com.wearezeta.auto.androidreloaded.steps.GroupConversationDetailsPageSteps.iChangeGroupNameTo
	- step: I change group name to "NewGroupName" as new group name
	- status: started
Report Entry #38 (timestamp: 2025-03-18T22:10:57.221679)
	- duration: 743888000
	- method: com.wearezeta.auto.androidreloaded.steps.GroupConversationDetailsPageSteps.iChangeGroupNameTo
	- step: I change group name to "NewGroupName" as new group name
	- status: passed
Report Entry #39 (timestamp: 2025-03-18T22:10:57.521593)
	- method: com.wearezeta.auto.androidreloaded.steps.GroupConversationDetailsPageSteps.iSeeGroupName
	- step: I see "NewGroupName" as group name
	- status: started
Report Entry #40 (timestamp: 2025-03-18T22:10:57.691034)
	- duration: 169446000
	- method: com.wearezeta.auto.androidreloaded.steps.GroupConversationDetailsPageSteps.iSeeGroupName
	- step: I see "NewGroupName" as group name
	- status: passed
Report Entry #41 (timestamp: 2025-03-18T22:10:58.121678)
	- method: com.wearezeta.auto.androidreloaded.steps.GroupConversationDetailsPageSteps.iSeeToastMessageOnGroupDetails
	- step: I see toast message "Conversation renamed" on group details page
	- status: started
Report Entry #42 (timestamp: 2025-03-18T22:10:58.651752)
	- duration: 530056000
	- method: com.wearezeta.auto.androidreloaded.steps.GroupConversationDetailsPageSteps.iSeeToastMessageOnGroupDetails
	- step: I see toast message "Conversation renamed" on group details page
	- status: passed
Report Entry #43 (timestamp: 2025-03-18T22:10:59.130518)
	- method: com.wearezeta.auto.androidreloaded.steps.GroupConversationDetailsPageSteps.iCloseGroupDetails
	- step: I close the group conversation details through X icon
	- status: started
Report Entry #44 (timestamp: 2025-03-18T22:11:01.60698)
	- duration: 2476448000
	- method: com.wearezeta.auto.androidreloaded.steps.GroupConversationDetailsPageSteps.iCloseGroupDetails
	- step: I close the group conversation details through X icon
	- status: passed
Report Entry #45 (timestamp: 2025-03-18T22:11:02.004968)
	- method: com.wearezeta.auto.androidreloaded.steps.ConversationViewPageSteps.iSeeSystemMessageInConversation
	- step: I see system message "You renamed the conversation" in conversation view
	- status: started
Report Entry #46 (timestamp: 2025-03-18T22:11:02.453253)
	- duration: 448265000
	- method: com.wearezeta.auto.androidreloaded.steps.ConversationViewPageSteps.iSeeSystemMessageInConversation
	- step: I see system message "You renamed the conversation" in conversation view
	- status: passed
Report Entry #47 (timestamp: 2025-03-18T22:11:02.859384)
	- scenario: I want to be able to change group name as a Team owner 0
	- class: com.wearezeta.auto.androidreloaded.common.Lifecycle.tearDown
	- status: started
]]></system-out>
</testcase>
<system-out><![CDATA[
unique-id: [engine:picklejar-engine]/[Feature:Group Details]/[Scenario:I want to be able to change group name as a Team owner]/[Example:0]
display-name: I want to be able to change group name as a Team owner 0
]]></system-out>
</testsuite>
