<?xml version="1.0" encoding="UTF-8"?>
<testsuite name="I want to verify that I can receive and play audio files 0" tests="1" skipped="0" failures="0" errors="0" time="123.624" hostname="emmanueloke-MacBook-Pro" timestamp="2025-03-30T21:23:02">
<properties>
[...]
</properties>
<testcase name="I want to verify that I can receive and play audio files 0" classname="Audio Messages" time="123.624">
<system-out><![CDATA[
unique-id: [engine:picklejar-engine]/[Feature:Audio Messages]/[Scenario:I want to verify that I can receive and play audio files]/[Example:0]
display-name: I want to verify that I can receive and play audio files 0
]]></system-out>
<system-out><![CDATA[
Report Entry #1 (timestamp: 2025-03-30T21:20:58.48882)
	- scenario: I want to verify that I can receive and play audio files 0
	- class: com.wearezeta.auto.androidreloaded.common.Lifecycle.setUp
	- status: started
Report Entry #2 (timestamp: 2025-03-30T21:21:34.674135)
	- scenario: I want to verify that I can receive and play audio files 0
	- class: com.wearezeta.auto.androidreloaded.common.Lifecycle.setUp
	- status: finished
Report Entry #3 (timestamp: 2025-03-30T21:21:34.694207)
	- method: com.wearezeta.auto.androidreloaded.steps.CommonBackendSteps.thereIsATeamOwner
	- step: There is a team owner "user1Name" with team "Audio"
	- status: started
Report Entry #4 (timestamp: 2025-03-30T21:21:44.799269)
	- duration: 10104985000
	- method: com.wearezeta.auto.androidreloaded.steps.CommonBackendSteps.thereIsATeamOwner
	- step: There is a team owner "user1Name" with team "Audio"
	- status: passed
Report Entry #5 (timestamp: 2025-03-30T21:21:44.850389)
	- method: com.wearezeta.auto.androidreloaded.steps.CommonBackendSteps.userXAddsUsersToTeam
	- step: User user1Name adds users user2Name to team "Audio" with role Member
	- status: started
Report Entry #6 (timestamp: 2025-03-30T21:21:47.237847)
	- duration: 2387425000
	- method: com.wearezeta.auto.androidreloaded.steps.CommonBackendSteps.userXAddsUsersToTeam
	- step: User user1Name adds users user2Name to team "Audio" with role Member
	- status: passed
Report Entry #7 (timestamp: 2025-03-30T21:21:47.271245)
	- method: com.wearezeta.auto.androidreloaded.steps.TestServiceSteps.userAddsDevice
	- step: User user1Name adds a new device Device1 with label Device1
	- status: started
Report Entry #8 (timestamp: 2025-03-30T21:21:57.508455)
	- duration: 10237195000
	- method: com.wearezeta.auto.androidreloaded.steps.TestServiceSteps.userAddsDevice
	- step: User user1Name adds a new device Device1 with label Device1
	- status: passed
Report Entry #9 (timestamp: 2025-03-30T21:21:57.547871)
	- method: com.wearezeta.auto.androidreloaded.steps.CommonBackendSteps.UserXIsMe
	- step: User user2Name is me
	- status: started
Report Entry #10 (timestamp: 2025-03-30T21:21:58.835807)
	- duration: 1287882000
	- method: com.wearezeta.auto.androidreloaded.steps.CommonBackendSteps.UserXIsMe
	- step: User user2Name is me
	- status: passed
Report Entry #11 (timestamp: 2025-03-30T21:21:58.865767)
	- method: com.wearezeta.auto.androidreloaded.steps.CommonBackendSteps.UserHasGroupChatWithContacts
	- step: User user1Name has group conversation SendYourAudioHere with user2Name in team "Audio"
	- status: started
Report Entry #12 (timestamp: 2025-03-30T21:21:59.115173)
	- duration: 249382000
	- method: com.wearezeta.auto.androidreloaded.steps.CommonBackendSteps.UserHasGroupChatWithContacts
	- step: User user1Name has group conversation SendYourAudioHere with user2Name in team "Audio"
	- status: passed
Report Entry #13 (timestamp: 2025-03-30T21:21:59.141116)
	- method: com.wearezeta.auto.androidreloaded.steps.WelcomePageSteps.iSeeWelcomePage
	- step: I see Welcome Page
	- status: started
Report Entry #14 (timestamp: 2025-03-30T21:22:09.066333)
	- duration: 9925200000
	- method: com.wearezeta.auto.androidreloaded.steps.WelcomePageSteps.iSeeWelcomePage
	- step: I see Welcome Page
	- status: passed
Report Entry #15 (timestamp: 2025-03-30T21:22:09.631288)
	- method: com.wearezeta.auto.androidreloaded.steps.CommonDeviceSteps.iOpenDeepLinkForCustomBackend
	- step: I open staging backend deep link
	- status: started
Report Entry #16 (timestamp: 2025-03-30T21:22:09.755088)
	- duration: 123797000
	- method: com.wearezeta.auto.androidreloaded.steps.CommonDeviceSteps.iOpenDeepLinkForCustomBackend
	- step: I open staging backend deep link
	- status: passed
Report Entry #17 (timestamp: 2025-03-30T21:22:10.171435)
	- method: com.wearezeta.auto.androidreloaded.steps.WelcomePageSteps.iTapProceedButton
	- step: I tap proceed button on custom backend alert
	- status: started
Report Entry #18 (timestamp: 2025-03-30T21:22:14.237092)
	- duration: 4065665000
	- method: com.wearezeta.auto.androidreloaded.steps.WelcomePageSteps.iTapProceedButton
	- step: I tap proceed button on custom backend alert
	- status: passed
Report Entry #19 (timestamp: 2025-03-30T21:22:14.609209)
	- method: com.wearezeta.auto.androidreloaded.steps.WelcomePageSteps.iTapLoginButton
	- step: I tap login button on Welcome Page
	- status: started
Report Entry #20 (timestamp: 2025-03-30T21:22:15.076724)
	- duration: 467509000
	- method: com.wearezeta.auto.androidreloaded.steps.WelcomePageSteps.iTapLoginButton
	- step: I tap login button on Welcome Page
	- status: passed
Report Entry #21 (timestamp: 2025-03-30T21:22:15.380914)
	- method: com.wearezeta.auto.androidreloaded.steps.LoginPageSteps.iSignInUsingMyEmail
	- step: I sign in using my email
	- status: started
Report Entry #22 (timestamp: 2025-03-30T21:22:20.699077)
	- duration: 5318113000
	- method: com.wearezeta.auto.androidreloaded.steps.LoginPageSteps.iSignInUsingMyEmail
	- step: I sign in using my email
	- status: passed
Report Entry #23 (timestamp: 2025-03-30T21:22:21.129546)
	- method: com.wearezeta.auto.androidreloaded.steps.LoginPageSteps.itapLoginButton
	- step: I tap login button on email Login Page
	- status: started
Report Entry #24 (timestamp: 2025-03-30T21:22:22.830319)
	- duration: 1700755000
	- method: com.wearezeta.auto.androidreloaded.steps.LoginPageSteps.itapLoginButton
	- step: I tap login button on email Login Page
	- status: passed
Report Entry #25 (timestamp: 2025-03-30T21:22:23.18776)
	- method: com.wearezeta.auto.androidreloaded.steps.ConversationListPageSteps.iWaitUntilIAmLoggedIn
	- step: I wait until I am fully logged in
	- status: started
Report Entry #26 (timestamp: 2025-03-30T21:22:35.508837)
	- duration: 12321133000
	- method: com.wearezeta.auto.androidreloaded.steps.ConversationListPageSteps.iWaitUntilIAmLoggedIn
	- step: I wait until I am fully logged in
	- status: passed
Report Entry #27 (timestamp: 2025-03-30T21:22:35.985074)
	- method: com.wearezeta.auto.androidreloaded.steps.ConversationListPageSteps.iDeclineShareDataAlert
	- step: I decline share data alert
	- status: started
Report Entry #28 (timestamp: 2025-03-30T21:22:38.458722)
	- duration: 2473632000
	- method: com.wearezeta.auto.androidreloaded.steps.ConversationListPageSteps.iDeclineShareDataAlert
	- step: I decline share data alert
	- status: passed
Report Entry #29 (timestamp: 2025-03-30T21:22:38.94709)
	- method: com.wearezeta.auto.androidreloaded.steps.ConversationListPageSteps.iSeeConversationOnConversationList
	- step: I see conversation "SendYourAudioHere" in conversation list
	- status: started
Report Entry #30 (timestamp: 2025-03-30T21:22:39.374935)
	- duration: 427822000
	- method: com.wearezeta.auto.androidreloaded.steps.ConversationListPageSteps.iSeeConversationOnConversationList
	- step: I see conversation "SendYourAudioHere" in conversation list
	- status: passed
Report Entry #31 (timestamp: 2025-03-30T21:22:39.843527)
	- method: com.wearezeta.auto.androidreloaded.steps.ConversationListPageSteps.iTapOnConversationName
	- step: I tap on conversation name "SendYourAudioHere" in conversation list
	- status: started
Report Entry #32 (timestamp: 2025-03-30T21:22:40.343539)
	- duration: 499996000
	- method: com.wearezeta.auto.androidreloaded.steps.ConversationListPageSteps.iTapOnConversationName
	- step: I tap on conversation name "SendYourAudioHere" in conversation list
	- status: passed
Report Entry #33 (timestamp: 2025-03-30T21:22:40.664657)
	- method: com.wearezeta.auto.androidreloaded.steps.TestServiceSteps.contactSendsLocalAudio
	- step: User user1Name sends local audio file named "test.m4a" via device Device1 to group conversation "SendYourAudioHere"
	- status: started
Report Entry #34 (timestamp: 2025-03-30T21:22:43.078909)
	- duration: 2414282000
	- method: com.wearezeta.auto.androidreloaded.steps.TestServiceSteps.contactSendsLocalAudio
	- step: User user1Name sends local audio file named "test.m4a" via device Device1 to group conversation "SendYourAudioHere"
	- status: passed
Report Entry #35 (timestamp: 2025-03-30T21:22:43.468936)
	- method: com.wearezeta.auto.androidreloaded.steps.ConversationViewPageSteps.iSeeAudioFileInConversation
	- step: I see an audio file in the conversation view
	- status: started
Report Entry #36 (timestamp: 2025-03-30T21:22:45.854183)
	- duration: 2385246000
	- method: com.wearezeta.auto.androidreloaded.steps.ConversationViewPageSteps.iSeeAudioFileInConversation
	- step: I see an audio file in the conversation view
	- status: passed
Report Entry #37 (timestamp: 2025-03-30T21:22:46.154171)
	- method: com.wearezeta.auto.androidreloaded.steps.ConversationViewPageSteps.iSeeTimeAudioFile
	- step: I see the time played in the audio file is 00:00
	- status: started
Report Entry #38 (timestamp: 2025-03-30T21:22:46.395647)
	- duration: 241481000
	- method: com.wearezeta.auto.androidreloaded.steps.ConversationViewPageSteps.iSeeTimeAudioFile
	- step: I see the time played in the audio file is 00:00
	- status: passed
Report Entry #39 (timestamp: 2025-03-30T21:22:46.713677)
	- method: com.wearezeta.auto.androidreloaded.steps.ConversationViewPageSteps.iTapPlayPauseAudioFile
	- step: I tap play button on the audio file
	- status: started
Report Entry #40 (timestamp: 2025-03-30T21:22:47.79481)
	- duration: 1081138000
	- method: com.wearezeta.auto.androidreloaded.steps.ConversationViewPageSteps.iTapPlayPauseAudioFile
	- step: I tap play button on the audio file
	- status: passed
Report Entry #41 (timestamp: 2025-03-30T21:22:48.101085)
	- method: com.wearezeta.auto.androidreloaded.steps.CommonAppPageSteps.WaitForTime
	- step: I wait for 10 seconds
	- status: started
Report Entry #42 (timestamp: 2025-03-30T21:22:58.10743)
	- duration: 10006307000
	- method: com.wearezeta.auto.androidreloaded.steps.CommonAppPageSteps.WaitForTime
	- step: I wait for 10 seconds
	- status: passed
Report Entry #43 (timestamp: 2025-03-30T21:22:58.565511)
	- method: com.wearezeta.auto.androidreloaded.steps.ConversationViewPageSteps.iTapPlayPauseAudioFile
	- step: I tap pause button on the audio file
	- status: started
Report Entry #44 (timestamp: 2025-03-30T21:22:59.466089)
	- duration: 900558000
	- method: com.wearezeta.auto.androidreloaded.steps.ConversationViewPageSteps.iTapPlayPauseAudioFile
	- step: I tap pause button on the audio file
	- status: passed
Report Entry #45 (timestamp: 2025-03-30T21:22:59.870172)
	- method: com.wearezeta.auto.androidreloaded.steps.ConversationViewPageSteps.iSeeTimeAudioFileIsNot
	- step: I see the time played in the audio file is not 00:00
	- status: started
Report Entry #46 (timestamp: 2025-03-30T21:23:00.454484)
	- duration: 584283000
	- method: com.wearezeta.auto.androidreloaded.steps.ConversationViewPageSteps.iSeeTimeAudioFileIsNot
	- step: I see the time played in the audio file is not 00:00
	- status: passed
Report Entry #47 (timestamp: 2025-03-30T21:23:00.879992)
	- scenario: I want to verify that I can receive and play audio files 0
	- class: com.wearezeta.auto.androidreloaded.common.Lifecycle.tearDown
	- status: started
]]></system-out>
</testcase>
<system-out><![CDATA[
unique-id: [engine:picklejar-engine]/[Feature:Audio Messages]/[Scenario:I want to verify that I can receive and play audio files]/[Example:0]
display-name: I want to verify that I can receive and play audio files 0
]]></system-out>
</testsuite>
