{"uid":"377e5a78f8b61642","name":"givenUserWantsToRegister_whenTheyProvideValidDetails_thenAccountIsCreatedSuccessfully","fullName":"com.wire.android.tests.core.tests.PersonalUserRegistrationTest.givenUserWantsToRegister_whenTheyProvideValidDetails_thenAccountIsCreatedSuccessfully","historyId":"f4774ca3f19e3fbf3da62c80bbe7051d","time":{"start":1771439534236,"stop":1771439579256,"duration":45020},"status":"failed","statusMessage":"Element not found with selector: resourceId='com.android.permissioncontroller:id/permission_allow_button'","statusTrace":"java.lang.AssertionError: Element not found with selector: resourceId='com.android.permissioncontroller:id/permission_allow_button'\n\tat uiautomatorutils.UiWaitUtils.waitElement(UiWaitUtils.kt:94)\n\tat uiautomatorutils.UiWaitUtils.waitElement$default(UiWaitUtils.kt:85)\n\tat com.wire.android.tests.core.pages.RegistrationPage.clickAllowNotificationButton(RegistrationPage.kt:191)\n\tat com.wire.android.tests.core.tests.PersonalUserRegistrationTest.givenUserWantsToRegister_whenTheyProvideValidDetails_thenAccountIsCreatedSuccessfully$lambda$8(PersonalUserRegistrationTest.kt:144)\n\tat com.wire.android.tests.core.tests.PersonalUserRegistrationTest$$ExternalSyntheticLambda8.invoke(D8$$SyntheticClass:0)\n\tat com.wire.android.tests.core.BaseUiTest.step$lambda$0(BaseUiTest.kt:54)\n\tat com.wire.android.tests.core.BaseUiTest$$ExternalSyntheticLambda1.invoke(D8$$SyntheticClass:0)\n\tat io.qameta.allure.kotlin.Allure.step(Allure.kt:60)\n\tat com.wire.android.tests.core.BaseUiTest.step(BaseUiTest.kt:54)\n\tat com.wire.android.tests.core.tests.PersonalUserRegistrationTest.givenUserWantsToRegister_whenTheyProvideValidDetails_thenAccountIsCreatedSuccessfully(PersonalUserRegistrationTest.kt:141)\n\tat java.lang.reflect.Method.invoke(Native Method)\n\tat org.junit.runners.model.FrameworkMethod$1.runReflectiveCall(FrameworkMethod.java:59)\n\tat org.junit.internal.runners.model.ReflectiveCallable.run(ReflectiveCallable.java:12)\n\tat org.junit.runners.model.FrameworkMethod.invokeExplosively(FrameworkMethod.java:56)\n\tat org.junit.internal.runners.statements.InvokeMethod.evaluate(InvokeMethod.java:17)\n\tat androidx.test.internal.runner.junit4.statement.RunBefores.evaluate(RunBefores.java:80)\n\tat androidx.test.internal.runner.junit4.statement.RunAfters.evaluate(RunAfters.java:61)\n\tat com.wire.android.tests.support.suite.AllureFailureScreenshotRule$apply$1.evaluate(AllureFailureScreenshotRule.kt:44)\n\tat com.wire.android.tests.support.suite.AllureLabelsRule$apply$1.evaluate(AllureLabelsRule.kt:70)\n\tat org.junit.rules.TestWatcher$1.evaluate(TestWatcher.java:61)\n\tat com.wire.android.tests.support.suite.AllureLogcatRule$apply$1.evaluate(AllureLogcatRule.kt:41)\n\tat org.junit.runners.ParentRunner$3.evaluate(ParentRunner.java:306)\n\tat org.junit.runners.BlockJUnit4ClassRunner$1.evaluate(BlockJUnit4ClassRunner.java:100)\n\tat org.junit.runners.ParentRunner.runLeaf(ParentRunner.java:366)\n\tat org.junit.runners.BlockJUnit4ClassRunner.runChild(BlockJUnit4ClassRunner.java:103)\n\tat org.junit.runners.BlockJUnit4ClassRunner.runChild(BlockJUnit4ClassRunner.java:63)\n\tat org.junit.runners.ParentRunner$4.run(ParentRunner.java:331)\n\tat org.junit.runners.ParentRunner$1.schedule(ParentRunner.java:79)\n\tat org.junit.runners.ParentRunner.runChildren(ParentRunner.java:329)\n\tat org.junit.runners.ParentRunner.access$100(ParentRunner.java:66)\n\tat org.junit.runners.ParentRunner$2.evaluate(ParentRunner.java:293)\n\tat org.junit.runners.ParentRunner$3.evaluate(ParentRunner.java:306)\n\tat org.junit.runners.ParentRunner.run(ParentRunner.java:413)\n\tat androidx.test.ext.junit.runners.AndroidJUnit4.run(AndroidJUnit4.java:162)\n\tat org.junit.runners.Suite.runChild(Suite.java:128)\n\tat org.junit.runners.Suite.runChild(Suite.java:27)\n\tat org.junit.runners.ParentRunner$4.run(ParentRunner.java:331)\n\tat org.junit.runners.ParentRunner$1.schedule(ParentRunner.java:79)\n\tat org.junit.runners.ParentRunner.runChildren(ParentRunner.java:329)\n\tat org.junit.runners.ParentRunner.access$100(ParentRunner.java:66)\n\tat org.junit.runners.ParentRunner$2.evaluate(ParentRunner.java:293)\n\tat org.junit.runners.ParentRunner$3.evaluate(ParentRunner.java:306)\n\tat org.junit.runners.ParentRunner.run(ParentRunner.java:413)\n\tat org.junit.runner.JUnitCore.run(JUnitCore.java:137)\n\tat org.junit.runner.JUnitCore.run(JUnitCore.java:115)\n\tat androidx.test.internal.runner.TestExecutor.execute(TestExecutor.java:68)\n\tat androidx.test.internal.runner.TestExecutor.execute(TestExecutor.java:59)\n\tat androidx.test.runner.AndroidJUnitRunner.onStart(AndroidJUnitRunner.java:467)\n\tat com.wire.android.tests.support.suite.TaggedTestRunner.onStart(TaggedTestRunner.kt:51)\n\tat android.app.Instrumentation$InstrumentationThread.run(Instrumentation.java:2278)\n","flaky":false,"newFailed":false,"newBroken":false,"newPassed":false,"retriesCount":0,"retriesStatusChange":false,"beforeStages":[],"testStage":{"status":"failed","statusMessage":"Element not found with selector: resourceId='com.android.permissioncontroller:id/permission_allow_button'","statusTrace":"java.lang.AssertionError: Element not found with selector: resourceId='com.android.permissioncontroller:id/permission_allow_button'\n\tat uiautomatorutils.UiWaitUtils.waitElement(UiWaitUtils.kt:94)\n\tat uiautomatorutils.UiWaitUtils.waitElement$default(UiWaitUtils.kt:85)\n\tat com.wire.android.tests.core.pages.RegistrationPage.clickAllowNotificationButton(RegistrationPage.kt:191)\n\tat com.wire.android.tests.core.tests.PersonalUserRegistrationTest.givenUserWantsToRegister_whenTheyProvideValidDetails_thenAccountIsCreatedSuccessfully$lambda$8(PersonalUserRegistrationTest.kt:144)\n\tat com.wire.android.tests.core.tests.PersonalUserRegistrationTest$$ExternalSyntheticLambda8.invoke(D8$$SyntheticClass:0)\n\tat com.wire.android.tests.core.BaseUiTest.step$lambda$0(BaseUiTest.kt:54)\n\tat com.wire.android.tests.core.BaseUiTest$$ExternalSyntheticLambda1.invoke(D8$$SyntheticClass:0)\n\tat io.qameta.allure.kotlin.Allure.step(Allure.kt:60)\n\tat com.wire.android.tests.core.BaseUiTest.step(BaseUiTest.kt:54)\n\tat com.wire.android.tests.core.tests.PersonalUserRegistrationTest.givenUserWantsToRegister_whenTheyProvideValidDetails_thenAccountIsCreatedSuccessfully(PersonalUserRegistrationTest.kt:141)\n\tat java.lang.reflect.Method.invoke(Native Method)\n\tat org.junit.runners.model.FrameworkMethod$1.runReflectiveCall(FrameworkMethod.java:59)\n\tat org.junit.internal.runners.model.ReflectiveCallable.run(ReflectiveCallable.java:12)\n\tat org.junit.runners.model.FrameworkMethod.invokeExplosively(FrameworkMethod.java:56)\n\tat org.junit.internal.runners.statements.InvokeMethod.evaluate(InvokeMethod.java:17)\n\tat androidx.test.internal.runner.junit4.statement.RunBefores.evaluate(RunBefores.java:80)\n\tat androidx.test.internal.runner.junit4.statement.RunAfters.evaluate(RunAfters.java:61)\n\tat com.wire.android.tests.support.suite.AllureFailureScreenshotRule$apply$1.evaluate(AllureFailureScreenshotRule.kt:44)\n\tat com.wire.android.tests.support.suite.AllureLabelsRule$apply$1.evaluate(AllureLabelsRule.kt:70)\n\tat org.junit.rules.TestWatcher$1.evaluate(TestWatcher.java:61)\n\tat com.wire.android.tests.support.suite.AllureLogcatRule$apply$1.evaluate(AllureLogcatRule.kt:41)\n\tat org.junit.runners.ParentRunner$3.evaluate(ParentRunner.java:306)\n\tat org.junit.runners.BlockJUnit4ClassRunner$1.evaluate(BlockJUnit4ClassRunner.java:100)\n\tat org.junit.runners.ParentRunner.runLeaf(ParentRunner.java:366)\n\tat org.junit.runners.BlockJUnit4ClassRunner.runChild(BlockJUnit4ClassRunner.java:103)\n\tat org.junit.runners.BlockJUnit4ClassRunner.runChild(BlockJUnit4ClassRunner.java:63)\n\tat org.junit.runners.ParentRunner$4.run(ParentRunner.java:331)\n\tat org.junit.runners.ParentRunner$1.schedule(ParentRunner.java:79)\n\tat org.junit.runners.ParentRunner.runChildren(ParentRunner.java:329)\n\tat org.junit.runners.ParentRunner.access$100(ParentRunner.java:66)\n\tat org.junit.runners.ParentRunner$2.evaluate(ParentRunner.java:293)\n\tat org.junit.runners.ParentRunner$3.evaluate(ParentRunner.java:306)\n\tat org.junit.runners.ParentRunner.run(ParentRunner.java:413)\n\tat androidx.test.ext.junit.runners.AndroidJUnit4.run(AndroidJUnit4.java:162)\n\tat org.junit.runners.Suite.runChild(Suite.java:128)\n\tat org.junit.runners.Suite.runChild(Suite.java:27)\n\tat org.junit.runners.ParentRunner$4.run(ParentRunner.java:331)\n\tat org.junit.runners.ParentRunner$1.schedule(ParentRunner.java:79)\n\tat org.junit.runners.ParentRunner.runChildren(ParentRunner.java:329)\n\tat org.junit.runners.ParentRunner.access$100(ParentRunner.java:66)\n\tat org.junit.runners.ParentRunner$2.evaluate(ParentRunner.java:293)\n\tat org.junit.runners.ParentRunner$3.evaluate(ParentRunner.java:306)\n\tat org.junit.runners.ParentRunner.run(ParentRunner.java:413)\n\tat org.junit.runner.JUnitCore.run(JUnitCore.java:137)\n\tat org.junit.runner.JUnitCore.run(JUnitCore.java:115)\n\tat androidx.test.internal.runner.TestExecutor.execute(TestExecutor.java:68)\n\tat androidx.test.internal.runner.TestExecutor.execute(TestExecutor.java:59)\n\tat androidx.test.runner.AndroidJUnitRunner.onStart(AndroidJUnitRunner.java:467)\n\tat com.wire.android.tests.support.suite.TaggedTestRunner.onStart(TaggedTestRunner.kt:51)\n\tat android.app.Instrumentation$InstrumentationThread.run(Instrumentation.java:2278)\n","steps":[{"name":"Generate unique user data for registration","time":{"start":1771439538244,"stop":1771439538244,"duration":0},"status":"passed","steps":[],"attachments":[],"parameters":[],"shouldDisplayMessage":false,"stepsCount":0,"attachmentsCount":0,"hasContent":false,"attachmentStep":false},{"name":"Open registration welcome screen","time":{"start":1771439538244,"stop":1771439542480,"duration":4236},"status":"passed","steps":[],"attachments":[],"parameters":[],"shouldDisplayMessage":false,"stepsCount":0,"attachmentsCount":0,"hasContent":false,"attachmentStep":false},{"name":"Enter email and start account creation flow","time":{"start":1771439542481,"stop":1771439545636,"duration":3155},"status":"passed","steps":[],"attachments":[],"parameters":[],"shouldDisplayMessage":false,"stepsCount":0,"attachmentsCount":0,"hasContent":false,"attachmentStep":false},{"name":"Fill personal details (name + password) and validate password visibility toggles","time":{"start":1771439545636,"stop":1771439549797,"duration":4161},"status":"passed","steps":[],"attachments":[],"parameters":[],"shouldDisplayMessage":false,"stepsCount":0,"attachmentsCount":0,"hasContent":false,"attachmentStep":false},{"name":"Accept anonymous usage data option and continue","time":{"start":1771439549797,"stop":1771439550999,"duration":1202},"status":"passed","steps":[],"attachments":[],"parameters":[],"shouldDisplayMessage":false,"stepsCount":0,"attachmentsCount":0,"hasContent":false,"attachmentStep":false},{"name":"Review Terms of Use modal and confirm","time":{"start":1771439551000,"stop":1771439554665,"duration":3665},"status":"passed","steps":[],"attachments":[],"parameters":[],"shouldDisplayMessage":false,"stepsCount":0,"attachmentsCount":0,"hasContent":false,"attachmentStep":false},{"name":"Retrieve OTP from Inbucket using backend credentials","time":{"start":1771439554666,"stop":1771439556095,"duration":1429},"status":"passed","steps":[],"attachments":[],"parameters":[],"shouldDisplayMessage":false,"stepsCount":0,"attachmentsCount":0,"hasContent":false,"attachmentStep":false},{"name":"Enter OTP and complete account creation","time":{"start":1771439556096,"stop":1771439567212,"duration":11116},"status":"passed","steps":[],"attachments":[],"parameters":[],"shouldDisplayMessage":false,"stepsCount":0,"attachmentsCount":0,"hasContent":false,"attachmentStep":false},{"name":"Wait for registration flow to finish and handle post-registration prompts","time":{"start":1771439567212,"stop":1771439578700,"duration":11488},"status":"failed","statusMessage":"Element not found with selector: resourceId='com.android.permissioncontroller:id/permission_allow_button'","statusTrace":"java.lang.AssertionError: Element not found with selector: resourceId='com.android.permissioncontroller:id/permission_allow_button'\n\tat uiautomatorutils.UiWaitUtils.waitElement(UiWaitUtils.kt:94)\n\tat uiautomatorutils.UiWaitUtils.waitElement$default(UiWaitUtils.kt:85)\n\tat com.wire.android.tests.core.pages.RegistrationPage.clickAllowNotificationButton(RegistrationPage.kt:191)\n\tat com.wire.android.tests.core.tests.PersonalUserRegistrationTest.givenUserWantsToRegister_whenTheyProvideValidDetails_thenAccountIsCreatedSuccessfully$lambda$8(PersonalUserRegistrationTest.kt:144)\n\tat com.wire.android.tests.core.tests.PersonalUserRegistrationTest$$ExternalSyntheticLambda8.invoke(D8$$SyntheticClass:0)\n\tat com.wire.android.tests.core.BaseUiTest.step$lambda$0(BaseUiTest.kt:54)\n\tat com.wire.android.tests.core.BaseUiTest$$ExternalSyntheticLambda1.invoke(D8$$SyntheticClass:0)\n\tat io.qameta.allure.kotlin.Allure.step(Allure.kt:60)\n\tat com.wire.android.tests.core.BaseUiTest.step(BaseUiTest.kt:54)\n\tat com.wire.android.tests.core.tests.PersonalUserRegistrationTest.givenUserWantsToRegister_whenTheyProvideValidDetails_thenAccountIsCreatedSuccessfully(PersonalUserRegistrationTest.kt:141)\n\tat java.lang.reflect.Method.invoke(Native Method)\n\tat org.junit.runners.model.FrameworkMethod$1.runReflectiveCall(FrameworkMethod.java:59)\n\tat org.junit.internal.runners.model.ReflectiveCallable.run(ReflectiveCallable.java:12)\n\tat org.junit.runners.model.FrameworkMethod.invokeExplosively(FrameworkMethod.java:56)\n\tat org.junit.internal.runners.statements.InvokeMethod.evaluate(InvokeMethod.java:17)\n\tat androidx.test.internal.runner.junit4.statement.RunBefores.evaluate(RunBefores.java:80)\n\tat androidx.test.internal.runner.junit4.statement.RunAfters.evaluate(RunAfters.java:61)\n\tat com.wire.android.tests.support.suite.AllureFailureScreenshotRule$apply$1.evaluate(AllureFailureScreenshotRule.kt:44)\n\tat com.wire.android.tests.support.suite.AllureLabelsRule$apply$1.evaluate(AllureLabelsRule.kt:70)\n\tat org.junit.rules.TestWatcher$1.evaluate(TestWatcher.java:61)\n\tat com.wire.android.tests.support.suite.AllureLogcatRule$apply$1.evaluate(AllureLogcatRule.kt:41)\n\tat org.junit.runners.ParentRunner$3.evaluate(ParentRunner.java:306)\n\tat org.junit.runners.BlockJUnit4ClassRunner$1.evaluate(BlockJUnit4ClassRunner.java:100)\n\tat org.junit.runners.ParentRunner.runLeaf(ParentRunner.java:366)\n\tat org.junit.runners.BlockJUnit4ClassRunner.runChild(BlockJUnit4ClassRunner.java:103)\n\tat org.junit.runners.BlockJUnit4ClassRunner.runChild(BlockJUnit4ClassRunner.java:63)\n\tat org.junit.runners.ParentRunner$4.run(ParentRunner.java:331)\n\tat org.junit.runners.ParentRunner$1.schedule(ParentRunner.java:79)\n\tat org.junit.runners.ParentRunner.runChildren(ParentRunner.java:329)\n\tat org.junit.runners.ParentRunner.access$100(ParentRunner.java:66)\n\tat org.junit.runners.ParentRunner$2.evaluate(ParentRunner.java:293)\n\tat org.junit.runners.ParentRunner$3.evaluate(ParentRunner.java:306)\n\tat org.junit.runners.ParentRunner.run(ParentRunner.java:413)\n\tat androidx.test.ext.junit.runners.AndroidJUnit4.run(AndroidJUnit4.java:162)\n\tat org.junit.runners.Suite.runChild(Suite.java:128)\n\tat org.junit.runners.Suite.runChild(Suite.java:27)\n\tat org.junit.runners.ParentRunner$4.run(ParentRunner.java:331)\n\tat org.junit.runners.ParentRunner$1.schedule(ParentRunner.java:79)\n\tat org.junit.runners.ParentRunner.runChildren(ParentRunner.java:329)\n\tat org.junit.runners.ParentRunner.access$100(ParentRunner.java:66)\n\tat org.junit.runners.ParentRunner$2.evaluate(ParentRunner.java:293)\n\tat org.junit.runners.ParentRunner$3.evaluate(ParentRunner.java:306)\n\tat org.junit.runners.ParentRunner.run(ParentRunner.java:413)\n\tat org.junit.runner.JUnitCore.run(JUnitCore.java:137)\n\tat org.junit.runner.JUnitCore.run(JUnitCore.java:115)\n\tat androidx.test.internal.runner.TestExecutor.execute(TestExecutor.java:68)\n\tat androidx.test.internal.runner.TestExecutor.execute(TestExecutor.java:59)\n\tat androidx.test.runner.AndroidJUnitRunner.onStart(AndroidJUnitRunner.java:467)\n\tat com.wire.android.tests.support.suite.TaggedTestRunner.onStart(TaggedTestRunner.kt:51)\n\tat android.app.Instrumentation$InstrumentationThread.run(Instrumentation.java:2278)\n","steps":[],"attachments":[],"parameters":[],"shouldDisplayMessage":true,"stepsCount":0,"attachmentsCount":0,"hasContent":true,"attachmentStep":false}],"attachments":[{"uid":"c2fe4932c8dd3024","name":"failure-screenshot","source":"c2fe4932c8dd3024.png","type":"image/png","size":153694},{"uid":"e4f6a214639ff53b","name":"logcat","source":"e4f6a214639ff53b.txt","type":"text/plain","size":62760}],"parameters":[],"shouldDisplayMessage":false,"stepsCount":9,"attachmentsCount":2,"hasContent":true,"attachmentStep":false},"afterStages":[],"labels":[{"name":"package","value":"com.wire.android.tests.core.tests"},{"name":"testClass","value":"com.wire.android.tests.core.tests.PersonalUserRegistrationTest"},{"name":"testMethod","value":"givenUserWantsToRegister_whenTheyProvideValidDetails_thenAccountIsCreatedSuccessfully"},{"name":"suite","value":"com.wire.android.tests.core.tests.PersonalUserRegistrationTest"},{"name":"thread","value":"Instr: com.wire.android.tests.support.suite.TaggedTestRunner(511)"},{"name":"framework","value":"junit4"},{"name":"language","value":"kotlin"},{"name":"tag","value":"TC-8694"},{"name":"tag","value":"regression"},{"name":"tag","value":"RC"},{"name":"tag","value":"registration"},{"name":"device","value":"Pixel 3a - 12 (9BMAY1KFA3)"},{"name":"host","value":"Pixel 3a - 12 (9BMAY1KFA3)"},{"name":"resultFormat","value":"allure2"}],"parameters":[{"name":"device","value":"Pixel 3a - 12 (9BMAY1KFA3)"}],"links":[],"hidden":false,"retry":false,"extra":{"severity":"normal","retries":[],"categories":[{"name":"Product defects","matchedStatuses":[],"flaky":false}],"tags":["RC","TC-8694","regression","registration"]},"source":"377e5a78f8b61642.json","parameterValues":["Pixel 3a - 12 (9BMAY1KFA3)"]}