{"uid":"7ea257b2a0d4edea","name":"givenUserJoinsNewTeam_whenMessagingAndMentionedInGroup_thenReceivesMessagesAndMentions","fullName":"com.wire.android.tests.core.criticalFlows.NewMemberMessaging.givenUserJoinsNewTeam_whenMessagingAndMentionedInGroup_thenReceivesMessagesAndMentions","historyId":"1b70554dea4c34874e317a976c722da1","time":{"start":1771243253118,"stop":1771243297246,"duration":44128},"status":"failed","statusMessage":"Element not found with selector: description='Search for people or create a new conversation'","statusTrace":"java.lang.AssertionError: Element not found with selector: description='Search for people or create a new conversation'\n\tat uiautomatorutils.UiWaitUtils.waitElement(UiWaitUtils.kt:94)\n\tat uiautomatorutils.UiWaitUtils.waitElement$default(UiWaitUtils.kt:84)\n\tat com.wire.android.tests.core.pages.ConversationListPage.tapStartNewConversationButton(ConversationListPage.kt:144)\n\tat com.wire.android.tests.core.criticalFlows.NewMemberMessaging.givenUserJoinsNewTeam_whenMessagingAndMentionedInGroup_thenReceivesMessagesAndMentions$lambda$9(NewMemberMessaging.kt:134)\n\tat com.wire.android.tests.core.criticalFlows.NewMemberMessaging.$r8$lambda$JewH2jGgTbW18eJVVjNbrmWjV8k(Unknown Source:0)\n\tat com.wire.android.tests.core.criticalFlows.NewMemberMessaging$$ExternalSyntheticLambda2.invoke(D8$$SyntheticClass:0)\n\tat com.wire.android.tests.core.BaseUiTest.step$lambda$1(BaseUiTest.kt:54)\n\tat com.wire.android.tests.core.BaseUiTest.$r8$lambda$CSKDAIjp6271vtVFMpsHBDVw5qY(Unknown Source:0)\n\tat com.wire.android.tests.core.BaseUiTest$$ExternalSyntheticLambda1.invoke(D8$$SyntheticClass:0)\n\tat io.qameta.allure.kotlin.Allure.step(Allure.kt:60)\n\tat com.wire.android.tests.core.BaseUiTest.step(BaseUiTest.kt:54)\n\tat com.wire.android.tests.core.criticalFlows.NewMemberMessaging.givenUserJoinsNewTeam_whenMessagingAndMentionedInGroup_thenReceivesMessagesAndMentions(NewMemberMessaging.kt:131)\n\tat java.lang.reflect.Method.invoke(Native Method)\n\tat org.junit.runners.model.FrameworkMethod$1.runReflectiveCall(FrameworkMethod.java:59)\n\tat org.junit.internal.runners.model.ReflectiveCallable.run(ReflectiveCallable.java:12)\n\tat org.junit.runners.model.FrameworkMethod.invokeExplosively(FrameworkMethod.java:56)\n\tat org.junit.internal.runners.statements.InvokeMethod.evaluate(InvokeMethod.java:17)\n\tat androidx.test.internal.runner.junit4.statement.RunBefores.evaluate(RunBefores.java:80)\n\tat androidx.test.internal.runner.junit4.statement.RunAfters.evaluate(RunAfters.java:61)\n\tat com.wire.android.tests.support.suite.AllureFailureScreenshotRule$apply$1.evaluate(AllureFailureScreenshotRule.kt:44)\n\tat com.wire.android.tests.support.suite.AllureLabelsRule$apply$1.evaluate(AllureLabelsRule.kt:70)\n\tat org.junit.rules.TestWatcher$1.evaluate(TestWatcher.java:61)\n\tat com.wire.android.tests.support.suite.AllureLogcatRule$apply$1.evaluate(AllureLogcatRule.kt:41)\n\tat org.junit.runners.ParentRunner$3.evaluate(ParentRunner.java:306)\n\tat org.junit.runners.BlockJUnit4ClassRunner$1.evaluate(BlockJUnit4ClassRunner.java:100)\n\tat org.junit.runners.ParentRunner.runLeaf(ParentRunner.java:366)\n\tat org.junit.runners.BlockJUnit4ClassRunner.runChild(BlockJUnit4ClassRunner.java:103)\n\tat org.junit.runners.BlockJUnit4ClassRunner.runChild(BlockJUnit4ClassRunner.java:63)\n\tat org.junit.runners.ParentRunner$4.run(ParentRunner.java:331)\n\tat org.junit.runners.ParentRunner$1.schedule(ParentRunner.java:79)\n\tat org.junit.runners.ParentRunner.runChildren(ParentRunner.java:329)\n\tat org.junit.runners.ParentRunner.access$100(ParentRunner.java:66)\n\tat org.junit.runners.ParentRunner$2.evaluate(ParentRunner.java:293)\n\tat org.junit.runners.ParentRunner$3.evaluate(ParentRunner.java:306)\n\tat org.junit.runners.ParentRunner.run(ParentRunner.java:413)\n\tat androidx.test.ext.junit.runners.AndroidJUnit4.run(AndroidJUnit4.java:162)\n\tat org.junit.runners.Suite.runChild(Suite.java:128)\n\tat org.junit.runners.Suite.runChild(Suite.java:27)\n\tat org.junit.runners.ParentRunner$4.run(ParentRunner.java:331)\n\tat org.junit.runners.ParentRunner$1.schedule(ParentRunner.java:79)\n\tat org.junit.runners.ParentRunner.runChildren(ParentRunner.java:329)\n\tat org.junit.runners.ParentRunner.access$100(ParentRunner.java:66)\n\tat org.junit.runners.ParentRunner$2.evaluate(ParentRunner.java:293)\n\tat org.junit.runners.ParentRunner$3.evaluate(ParentRunner.java:306)\n\tat org.junit.runners.ParentRunner.run(ParentRunner.java:413)\n\tat org.junit.runner.JUnitCore.run(JUnitCore.java:137)\n\tat org.junit.runner.JUnitCore.run(JUnitCore.java:115)\n\tat androidx.test.internal.runner.TestExecutor.execute(TestExecutor.java:68)\n\tat androidx.test.internal.runner.TestExecutor.execute(TestExecutor.java:59)\n\tat androidx.test.runner.AndroidJUnitRunner.onStart(AndroidJUnitRunner.java:467)\n\tat com.wire.android.tests.support.suite.TaggedTestRunner.onStart(TaggedTestRunner.kt:51)\n\tat android.app.Instrumentation$InstrumentationThread.run(Instrumentation.java:2607)\n","flaky":false,"newFailed":false,"newBroken":false,"newPassed":false,"retriesCount":0,"retriesStatusChange":false,"beforeStages":[],"testStage":{"status":"failed","statusMessage":"Element not found with selector: description='Search for people or create a new conversation'","statusTrace":"java.lang.AssertionError: Element not found with selector: description='Search for people or create a new conversation'\n\tat uiautomatorutils.UiWaitUtils.waitElement(UiWaitUtils.kt:94)\n\tat uiautomatorutils.UiWaitUtils.waitElement$default(UiWaitUtils.kt:84)\n\tat com.wire.android.tests.core.pages.ConversationListPage.tapStartNewConversationButton(ConversationListPage.kt:144)\n\tat com.wire.android.tests.core.criticalFlows.NewMemberMessaging.givenUserJoinsNewTeam_whenMessagingAndMentionedInGroup_thenReceivesMessagesAndMentions$lambda$9(NewMemberMessaging.kt:134)\n\tat com.wire.android.tests.core.criticalFlows.NewMemberMessaging.$r8$lambda$JewH2jGgTbW18eJVVjNbrmWjV8k(Unknown Source:0)\n\tat com.wire.android.tests.core.criticalFlows.NewMemberMessaging$$ExternalSyntheticLambda2.invoke(D8$$SyntheticClass:0)\n\tat com.wire.android.tests.core.BaseUiTest.step$lambda$1(BaseUiTest.kt:54)\n\tat com.wire.android.tests.core.BaseUiTest.$r8$lambda$CSKDAIjp6271vtVFMpsHBDVw5qY(Unknown Source:0)\n\tat com.wire.android.tests.core.BaseUiTest$$ExternalSyntheticLambda1.invoke(D8$$SyntheticClass:0)\n\tat io.qameta.allure.kotlin.Allure.step(Allure.kt:60)\n\tat com.wire.android.tests.core.BaseUiTest.step(BaseUiTest.kt:54)\n\tat com.wire.android.tests.core.criticalFlows.NewMemberMessaging.givenUserJoinsNewTeam_whenMessagingAndMentionedInGroup_thenReceivesMessagesAndMentions(NewMemberMessaging.kt:131)\n\tat java.lang.reflect.Method.invoke(Native Method)\n\tat org.junit.runners.model.FrameworkMethod$1.runReflectiveCall(FrameworkMethod.java:59)\n\tat org.junit.internal.runners.model.ReflectiveCallable.run(ReflectiveCallable.java:12)\n\tat org.junit.runners.model.FrameworkMethod.invokeExplosively(FrameworkMethod.java:56)\n\tat org.junit.internal.runners.statements.InvokeMethod.evaluate(InvokeMethod.java:17)\n\tat androidx.test.internal.runner.junit4.statement.RunBefores.evaluate(RunBefores.java:80)\n\tat androidx.test.internal.runner.junit4.statement.RunAfters.evaluate(RunAfters.java:61)\n\tat com.wire.android.tests.support.suite.AllureFailureScreenshotRule$apply$1.evaluate(AllureFailureScreenshotRule.kt:44)\n\tat com.wire.android.tests.support.suite.AllureLabelsRule$apply$1.evaluate(AllureLabelsRule.kt:70)\n\tat org.junit.rules.TestWatcher$1.evaluate(TestWatcher.java:61)\n\tat com.wire.android.tests.support.suite.AllureLogcatRule$apply$1.evaluate(AllureLogcatRule.kt:41)\n\tat org.junit.runners.ParentRunner$3.evaluate(ParentRunner.java:306)\n\tat org.junit.runners.BlockJUnit4ClassRunner$1.evaluate(BlockJUnit4ClassRunner.java:100)\n\tat org.junit.runners.ParentRunner.runLeaf(ParentRunner.java:366)\n\tat org.junit.runners.BlockJUnit4ClassRunner.runChild(BlockJUnit4ClassRunner.java:103)\n\tat org.junit.runners.BlockJUnit4ClassRunner.runChild(BlockJUnit4ClassRunner.java:63)\n\tat org.junit.runners.ParentRunner$4.run(ParentRunner.java:331)\n\tat org.junit.runners.ParentRunner$1.schedule(ParentRunner.java:79)\n\tat org.junit.runners.ParentRunner.runChildren(ParentRunner.java:329)\n\tat org.junit.runners.ParentRunner.access$100(ParentRunner.java:66)\n\tat org.junit.runners.ParentRunner$2.evaluate(ParentRunner.java:293)\n\tat org.junit.runners.ParentRunner$3.evaluate(ParentRunner.java:306)\n\tat org.junit.runners.ParentRunner.run(ParentRunner.java:413)\n\tat androidx.test.ext.junit.runners.AndroidJUnit4.run(AndroidJUnit4.java:162)\n\tat org.junit.runners.Suite.runChild(Suite.java:128)\n\tat org.junit.runners.Suite.runChild(Suite.java:27)\n\tat org.junit.runners.ParentRunner$4.run(ParentRunner.java:331)\n\tat org.junit.runners.ParentRunner$1.schedule(ParentRunner.java:79)\n\tat org.junit.runners.ParentRunner.runChildren(ParentRunner.java:329)\n\tat org.junit.runners.ParentRunner.access$100(ParentRunner.java:66)\n\tat org.junit.runners.ParentRunner$2.evaluate(ParentRunner.java:293)\n\tat org.junit.runners.ParentRunner$3.evaluate(ParentRunner.java:306)\n\tat org.junit.runners.ParentRunner.run(ParentRunner.java:413)\n\tat org.junit.runner.JUnitCore.run(JUnitCore.java:137)\n\tat org.junit.runner.JUnitCore.run(JUnitCore.java:115)\n\tat androidx.test.internal.runner.TestExecutor.execute(TestExecutor.java:68)\n\tat androidx.test.internal.runner.TestExecutor.execute(TestExecutor.java:59)\n\tat androidx.test.runner.AndroidJUnitRunner.onStart(AndroidJUnitRunner.java:467)\n\tat com.wire.android.tests.support.suite.TaggedTestRunner.onStart(TaggedTestRunner.kt:51)\n\tat android.app.Instrumentation$InstrumentationThread.run(Instrumentation.java:2607)\n","steps":[{"name":"Prepare team via backend, add members, and create group conversation","time":{"start":1771243256192,"stop":1771243268959,"duration":12767},"status":"passed","steps":[],"attachments":[],"parameters":[],"shouldDisplayMessage":false,"stepsCount":0,"attachmentsCount":0,"hasContent":false,"attachmentStep":false},{"name":"Login as new team member in Android app","time":{"start":1771243268960,"stop":1771243285767,"duration":16807},"status":"passed","steps":[],"attachments":[],"parameters":[],"shouldDisplayMessage":false,"stepsCount":0,"attachmentsCount":0,"hasContent":false,"attachmentStep":false},{"name":"Verify group conversation is visible and start a new conversation flow","time":{"start":1771243285767,"stop":1771243296512,"duration":10745},"status":"failed","statusMessage":"Element not found with selector: description='Search for people or create a new conversation'","statusTrace":"java.lang.AssertionError: Element not found with selector: description='Search for people or create a new conversation'\n\tat uiautomatorutils.UiWaitUtils.waitElement(UiWaitUtils.kt:94)\n\tat uiautomatorutils.UiWaitUtils.waitElement$default(UiWaitUtils.kt:84)\n\tat com.wire.android.tests.core.pages.ConversationListPage.tapStartNewConversationButton(ConversationListPage.kt:144)\n\tat com.wire.android.tests.core.criticalFlows.NewMemberMessaging.givenUserJoinsNewTeam_whenMessagingAndMentionedInGroup_thenReceivesMessagesAndMentions$lambda$9(NewMemberMessaging.kt:134)\n\tat com.wire.android.tests.core.criticalFlows.NewMemberMessaging.$r8$lambda$JewH2jGgTbW18eJVVjNbrmWjV8k(Unknown Source:0)\n\tat com.wire.android.tests.core.criticalFlows.NewMemberMessaging$$ExternalSyntheticLambda2.invoke(D8$$SyntheticClass:0)\n\tat com.wire.android.tests.core.BaseUiTest.step$lambda$1(BaseUiTest.kt:54)\n\tat com.wire.android.tests.core.BaseUiTest.$r8$lambda$CSKDAIjp6271vtVFMpsHBDVw5qY(Unknown Source:0)\n\tat com.wire.android.tests.core.BaseUiTest$$ExternalSyntheticLambda1.invoke(D8$$SyntheticClass:0)\n\tat io.qameta.allure.kotlin.Allure.step(Allure.kt:60)\n\tat com.wire.android.tests.core.BaseUiTest.step(BaseUiTest.kt:54)\n\tat com.wire.android.tests.core.criticalFlows.NewMemberMessaging.givenUserJoinsNewTeam_whenMessagingAndMentionedInGroup_thenReceivesMessagesAndMentions(NewMemberMessaging.kt:131)\n\tat java.lang.reflect.Method.invoke(Native Method)\n\tat org.junit.runners.model.FrameworkMethod$1.runReflectiveCall(FrameworkMethod.java:59)\n\tat org.junit.internal.runners.model.ReflectiveCallable.run(ReflectiveCallable.java:12)\n\tat org.junit.runners.model.FrameworkMethod.invokeExplosively(FrameworkMethod.java:56)\n\tat org.junit.internal.runners.statements.InvokeMethod.evaluate(InvokeMethod.java:17)\n\tat androidx.test.internal.runner.junit4.statement.RunBefores.evaluate(RunBefores.java:80)\n\tat androidx.test.internal.runner.junit4.statement.RunAfters.evaluate(RunAfters.java:61)\n\tat com.wire.android.tests.support.suite.AllureFailureScreenshotRule$apply$1.evaluate(AllureFailureScreenshotRule.kt:44)\n\tat com.wire.android.tests.support.suite.AllureLabelsRule$apply$1.evaluate(AllureLabelsRule.kt:70)\n\tat org.junit.rules.TestWatcher$1.evaluate(TestWatcher.java:61)\n\tat com.wire.android.tests.support.suite.AllureLogcatRule$apply$1.evaluate(AllureLogcatRule.kt:41)\n\tat org.junit.runners.ParentRunner$3.evaluate(ParentRunner.java:306)\n\tat org.junit.runners.BlockJUnit4ClassRunner$1.evaluate(BlockJUnit4ClassRunner.java:100)\n\tat org.junit.runners.ParentRunner.runLeaf(ParentRunner.java:366)\n\tat org.junit.runners.BlockJUnit4ClassRunner.runChild(BlockJUnit4ClassRunner.java:103)\n\tat org.junit.runners.BlockJUnit4ClassRunner.runChild(BlockJUnit4ClassRunner.java:63)\n\tat org.junit.runners.ParentRunner$4.run(ParentRunner.java:331)\n\tat org.junit.runners.ParentRunner$1.schedule(ParentRunner.java:79)\n\tat org.junit.runners.ParentRunner.runChildren(ParentRunner.java:329)\n\tat org.junit.runners.ParentRunner.access$100(ParentRunner.java:66)\n\tat org.junit.runners.ParentRunner$2.evaluate(ParentRunner.java:293)\n\tat org.junit.runners.ParentRunner$3.evaluate(ParentRunner.java:306)\n\tat org.junit.runners.ParentRunner.run(ParentRunner.java:413)\n\tat androidx.test.ext.junit.runners.AndroidJUnit4.run(AndroidJUnit4.java:162)\n\tat org.junit.runners.Suite.runChild(Suite.java:128)\n\tat org.junit.runners.Suite.runChild(Suite.java:27)\n\tat org.junit.runners.ParentRunner$4.run(ParentRunner.java:331)\n\tat org.junit.runners.ParentRunner$1.schedule(ParentRunner.java:79)\n\tat org.junit.runners.ParentRunner.runChildren(ParentRunner.java:329)\n\tat org.junit.runners.ParentRunner.access$100(ParentRunner.java:66)\n\tat org.junit.runners.ParentRunner$2.evaluate(ParentRunner.java:293)\n\tat org.junit.runners.ParentRunner$3.evaluate(ParentRunner.java:306)\n\tat org.junit.runners.ParentRunner.run(ParentRunner.java:413)\n\tat org.junit.runner.JUnitCore.run(JUnitCore.java:137)\n\tat org.junit.runner.JUnitCore.run(JUnitCore.java:115)\n\tat androidx.test.internal.runner.TestExecutor.execute(TestExecutor.java:68)\n\tat androidx.test.internal.runner.TestExecutor.execute(TestExecutor.java:59)\n\tat androidx.test.runner.AndroidJUnitRunner.onStart(AndroidJUnitRunner.java:467)\n\tat com.wire.android.tests.support.suite.TaggedTestRunner.onStart(TaggedTestRunner.kt:51)\n\tat android.app.Instrumentation$InstrumentationThread.run(Instrumentation.java:2607)\n","steps":[],"attachments":[],"parameters":[],"shouldDisplayMessage":true,"stepsCount":0,"attachmentsCount":0,"hasContent":true,"attachmentStep":false}],"attachments":[{"uid":"bf9d92bb97e140b8","name":"failure-screenshot","source":"bf9d92bb97e140b8.png","type":"image/png","size":89463},{"uid":"23a9152322c5c919","name":"logcat","source":"23a9152322c5c919.txt","type":"text/plain","size":122013}],"parameters":[],"shouldDisplayMessage":false,"stepsCount":3,"attachmentsCount":2,"hasContent":true,"attachmentStep":false},"afterStages":[],"labels":[{"name":"package","value":"com.wire.android.tests.core.criticalFlows"},{"name":"testClass","value":"com.wire.android.tests.core.criticalFlows.NewMemberMessaging"},{"name":"testMethod","value":"givenUserJoinsNewTeam_whenMessagingAndMentionedInGroup_thenReceivesMessagesAndMentions"},{"name":"suite","value":"com.wire.android.tests.core.criticalFlows.NewMemberMessaging"},{"name":"thread","value":"Instr: com.wire.android.tests.support.suite.TaggedTestRunner(667)"},{"name":"framework","value":"junit4"},{"name":"language","value":"kotlin"},{"name":"tag","value":"TC-8605"},{"name":"tag","value":"criticalFlow"},{"name":"device","value":"SM-G990B - 15 (RFCT70854YJ)"},{"name":"host","value":"SM-G990B - 15 (RFCT70854YJ)"},{"name":"resultFormat","value":"allure2"}],"parameters":[{"name":"device","value":"SM-G990B - 15 (RFCT70854YJ)"}],"links":[],"hidden":false,"retry":false,"extra":{"severity":"normal","retries":[],"categories":[{"name":"Product defects","matchedStatuses":[],"flaky":false}],"tags":["TC-8605","criticalFlow"]},"source":"7ea257b2a0d4edea.json","parameterValues":["SM-G990B - 15 (RFCT70854YJ)"]}