{"uid":"235c996913f464e5","name":"givenSSOTeamWithOkta_whenSettingUpNewDeviceAndRestoringBackup_thenMessageIsRestored","fullName":"com.wire.android.tests.core.criticalFlows.SSODeviceBackup.givenSSOTeamWithOkta_whenSettingUpNewDeviceAndRestoringBackup_thenMessageIsRestored","historyId":"e131c19e0fc583dd3f58360540021770","time":{"start":1772111826035,"stop":1772111915811,"duration":89776},"status":"failed","statusMessage":"Element not found with selector: resourceId='com.android.permissioncontroller:id/permission_allow_button'","statusTrace":"java.lang.AssertionError: Element not found with selector: resourceId='com.android.permissioncontroller:id/permission_allow_button'\n\tat uiautomatorutils.UiWaitUtils.waitElement(UiWaitUtils.kt:94)\n\tat uiautomatorutils.UiWaitUtils.waitElement$default(UiWaitUtils.kt:85)\n\tat com.wire.android.tests.core.pages.RegistrationPage.clickAllowNotificationButton(RegistrationPage.kt:191)\n\tat com.wire.android.tests.core.criticalFlows.SSODeviceBackup.givenSSOTeamWithOkta_whenSettingUpNewDeviceAndRestoringBackup_thenMessageIsRestored$lambda$0$0$2(SSODeviceBackup.kt:138)\n\tat com.wire.android.tests.core.criticalFlows.SSODeviceBackup.$r8$lambda$xrcS-4O0RK8e9_MgQZonhlDG_vA(Unknown Source:0)\n\tat com.wire.android.tests.core.criticalFlows.SSODeviceBackup$$ExternalSyntheticLambda1.invoke(D8$$SyntheticClass:0)\n\tat com.wire.android.tests.core.BaseUiTest.step$lambda$0(BaseUiTest.kt:54)\n\tat com.wire.android.tests.core.BaseUiTest$$ExternalSyntheticLambda1.invoke(D8$$SyntheticClass:0)\n\tat io.qameta.allure.kotlin.Allure.step(Allure.kt:60)\n\tat com.wire.android.tests.core.BaseUiTest.step(BaseUiTest.kt:54)\n\tat com.wire.android.tests.core.criticalFlows.SSODeviceBackup.givenSSOTeamWithOkta_whenSettingUpNewDeviceAndRestoringBackup_thenMessageIsRestored$lambda$0$0(SSODeviceBackup.kt:135)\n\tat com.wire.android.tests.core.criticalFlows.SSODeviceBackup.$r8$lambda$C-hGdlCOzx_DKpIg3aBvqOpagm8(Unknown Source:0)\n\tat com.wire.android.tests.core.criticalFlows.SSODeviceBackup$$ExternalSyntheticLambda9.invoke(D8$$SyntheticClass:0)\n\tat com.wire.android.tests.core.BaseUiTest.step$lambda$0(BaseUiTest.kt:54)\n\tat com.wire.android.tests.core.BaseUiTest$$ExternalSyntheticLambda1.invoke(D8$$SyntheticClass:0)\n\tat io.qameta.allure.kotlin.Allure.step(Allure.kt:60)\n\tat com.wire.android.tests.core.BaseUiTest.step(BaseUiTest.kt:54)\n\tat com.wire.android.tests.core.criticalFlows.SSODeviceBackup.givenSSOTeamWithOkta_whenSettingUpNewDeviceAndRestoringBackup_thenMessageIsRestored$lambda$0(SSODeviceBackup.kt:107)\n\tat com.wire.android.tests.core.criticalFlows.SSODeviceBackup$$ExternalSyntheticLambda0.invoke(D8$$SyntheticClass:0)\n\tat com.wire.android.tests.core.BaseUiTest.step$lambda$0(BaseUiTest.kt:54)\n\tat com.wire.android.tests.core.BaseUiTest$$ExternalSyntheticLambda1.invoke(D8$$SyntheticClass:0)\n\tat io.qameta.allure.kotlin.Allure.step(Allure.kt:60)\n\tat com.wire.android.tests.core.BaseUiTest.step(BaseUiTest.kt:54)\n\tat com.wire.android.tests.core.criticalFlows.SSODeviceBackup.givenSSOTeamWithOkta_whenSettingUpNewDeviceAndRestoringBackup_thenMessageIsRestored(SSODeviceBackup.kt:84)\n\tat java.lang.reflect.Method.invoke(Native Method)\n\tat org.junit.runners.model.FrameworkMethod$1.runReflectiveCall(FrameworkMethod.java:59)\n\tat org.junit.internal.runners.model.ReflectiveCallable.run(ReflectiveCallable.java:12)\n\tat org.junit.runners.model.FrameworkMethod.invokeExplosively(FrameworkMethod.java:56)\n\tat org.junit.internal.runners.statements.InvokeMethod.evaluate(InvokeMethod.java:17)\n\tat androidx.test.internal.runner.junit4.statement.RunBefores.evaluate(RunBefores.java:80)\n\tat androidx.test.internal.runner.junit4.statement.RunAfters.evaluate(RunAfters.java:61)\n\tat com.wire.android.tests.support.suite.AllureFailureScreenshotRule$apply$1.evaluate(AllureFailureScreenshotRule.kt:44)\n\tat com.wire.android.tests.support.suite.AllureLabelsRule$apply$1.evaluate(AllureLabelsRule.kt:70)\n\tat org.junit.rules.TestWatcher$1.evaluate(TestWatcher.java:61)\n\tat com.wire.android.tests.support.suite.AllureLogcatRule$apply$1.evaluate(AllureLogcatRule.kt:41)\n\tat org.junit.runners.ParentRunner$3.evaluate(ParentRunner.java:306)\n\tat org.junit.runners.BlockJUnit4ClassRunner$1.evaluate(BlockJUnit4ClassRunner.java:100)\n\tat org.junit.runners.ParentRunner.runLeaf(ParentRunner.java:366)\n\tat org.junit.runners.BlockJUnit4ClassRunner.runChild(BlockJUnit4ClassRunner.java:103)\n\tat org.junit.runners.BlockJUnit4ClassRunner.runChild(BlockJUnit4ClassRunner.java:63)\n\tat org.junit.runners.ParentRunner$4.run(ParentRunner.java:331)\n\tat org.junit.runners.ParentRunner$1.schedule(ParentRunner.java:79)\n\tat org.junit.runners.ParentRunner.runChildren(ParentRunner.java:329)\n\tat org.junit.runners.ParentRunner.access$100(ParentRunner.java:66)\n\tat org.junit.runners.ParentRunner$2.evaluate(ParentRunner.java:293)\n\tat org.junit.runners.ParentRunner$3.evaluate(ParentRunner.java:306)\n\tat org.junit.runners.ParentRunner.run(ParentRunner.java:413)\n\tat androidx.test.ext.junit.runners.AndroidJUnit4.run(AndroidJUnit4.java:162)\n\tat org.junit.runners.Suite.runChild(Suite.java:128)\n\tat org.junit.runners.Suite.runChild(Suite.java:27)\n\tat org.junit.runners.ParentRunner$4.run(ParentRunner.java:331)\n\tat org.junit.runners.ParentRunner$1.schedule(ParentRunner.java:79)\n\tat org.junit.runners.ParentRunner.runChildren(ParentRunner.java:329)\n\tat org.junit.runners.ParentRunner.access$100(ParentRunner.java:66)\n\tat org.junit.runners.ParentRunner$2.evaluate(ParentRunner.java:293)\n\tat org.junit.runners.ParentRunner$3.evaluate(ParentRunner.java:306)\n\tat org.junit.runners.ParentRunner.run(ParentRunner.java:413)\n\tat org.junit.runner.JUnitCore.run(JUnitCore.java:137)\n\tat org.junit.runner.JUnitCore.run(JUnitCore.java:115)\n\tat androidx.test.internal.runner.TestExecutor.execute(TestExecutor.java:68)\n\tat androidx.test.internal.runner.TestExecutor.execute(TestExecutor.java:59)\n\tat androidx.test.runner.AndroidJUnitRunner.onStart(AndroidJUnitRunner.java:467)\n\tat com.wire.android.tests.support.suite.TaggedTestRunner.onStart(TaggedTestRunner.kt:51)\n\tat android.app.Instrumentation$InstrumentationThread.run(Instrumentation.java:2278)\n","flaky":false,"newFailed":false,"newBroken":false,"newPassed":false,"retriesCount":0,"retriesStatusChange":false,"beforeStages":[],"testStage":{"status":"failed","statusMessage":"Element not found with selector: resourceId='com.android.permissioncontroller:id/permission_allow_button'","statusTrace":"java.lang.AssertionError: Element not found with selector: resourceId='com.android.permissioncontroller:id/permission_allow_button'\n\tat uiautomatorutils.UiWaitUtils.waitElement(UiWaitUtils.kt:94)\n\tat uiautomatorutils.UiWaitUtils.waitElement$default(UiWaitUtils.kt:85)\n\tat com.wire.android.tests.core.pages.RegistrationPage.clickAllowNotificationButton(RegistrationPage.kt:191)\n\tat com.wire.android.tests.core.criticalFlows.SSODeviceBackup.givenSSOTeamWithOkta_whenSettingUpNewDeviceAndRestoringBackup_thenMessageIsRestored$lambda$0$0$2(SSODeviceBackup.kt:138)\n\tat com.wire.android.tests.core.criticalFlows.SSODeviceBackup.$r8$lambda$xrcS-4O0RK8e9_MgQZonhlDG_vA(Unknown Source:0)\n\tat com.wire.android.tests.core.criticalFlows.SSODeviceBackup$$ExternalSyntheticLambda1.invoke(D8$$SyntheticClass:0)\n\tat com.wire.android.tests.core.BaseUiTest.step$lambda$0(BaseUiTest.kt:54)\n\tat com.wire.android.tests.core.BaseUiTest$$ExternalSyntheticLambda1.invoke(D8$$SyntheticClass:0)\n\tat io.qameta.allure.kotlin.Allure.step(Allure.kt:60)\n\tat com.wire.android.tests.core.BaseUiTest.step(BaseUiTest.kt:54)\n\tat com.wire.android.tests.core.criticalFlows.SSODeviceBackup.givenSSOTeamWithOkta_whenSettingUpNewDeviceAndRestoringBackup_thenMessageIsRestored$lambda$0$0(SSODeviceBackup.kt:135)\n\tat com.wire.android.tests.core.criticalFlows.SSODeviceBackup.$r8$lambda$C-hGdlCOzx_DKpIg3aBvqOpagm8(Unknown Source:0)\n\tat com.wire.android.tests.core.criticalFlows.SSODeviceBackup$$ExternalSyntheticLambda9.invoke(D8$$SyntheticClass:0)\n\tat com.wire.android.tests.core.BaseUiTest.step$lambda$0(BaseUiTest.kt:54)\n\tat com.wire.android.tests.core.BaseUiTest$$ExternalSyntheticLambda1.invoke(D8$$SyntheticClass:0)\n\tat io.qameta.allure.kotlin.Allure.step(Allure.kt:60)\n\tat com.wire.android.tests.core.BaseUiTest.step(BaseUiTest.kt:54)\n\tat com.wire.android.tests.core.criticalFlows.SSODeviceBackup.givenSSOTeamWithOkta_whenSettingUpNewDeviceAndRestoringBackup_thenMessageIsRestored$lambda$0(SSODeviceBackup.kt:107)\n\tat com.wire.android.tests.core.criticalFlows.SSODeviceBackup$$ExternalSyntheticLambda0.invoke(D8$$SyntheticClass:0)\n\tat com.wire.android.tests.core.BaseUiTest.step$lambda$0(BaseUiTest.kt:54)\n\tat com.wire.android.tests.core.BaseUiTest$$ExternalSyntheticLambda1.invoke(D8$$SyntheticClass:0)\n\tat io.qameta.allure.kotlin.Allure.step(Allure.kt:60)\n\tat com.wire.android.tests.core.BaseUiTest.step(BaseUiTest.kt:54)\n\tat com.wire.android.tests.core.criticalFlows.SSODeviceBackup.givenSSOTeamWithOkta_whenSettingUpNewDeviceAndRestoringBackup_thenMessageIsRestored(SSODeviceBackup.kt:84)\n\tat java.lang.reflect.Method.invoke(Native Method)\n\tat org.junit.runners.model.FrameworkMethod$1.runReflectiveCall(FrameworkMethod.java:59)\n\tat org.junit.internal.runners.model.ReflectiveCallable.run(ReflectiveCallable.java:12)\n\tat org.junit.runners.model.FrameworkMethod.invokeExplosively(FrameworkMethod.java:56)\n\tat org.junit.internal.runners.statements.InvokeMethod.evaluate(InvokeMethod.java:17)\n\tat androidx.test.internal.runner.junit4.statement.RunBefores.evaluate(RunBefores.java:80)\n\tat androidx.test.internal.runner.junit4.statement.RunAfters.evaluate(RunAfters.java:61)\n\tat com.wire.android.tests.support.suite.AllureFailureScreenshotRule$apply$1.evaluate(AllureFailureScreenshotRule.kt:44)\n\tat com.wire.android.tests.support.suite.AllureLabelsRule$apply$1.evaluate(AllureLabelsRule.kt:70)\n\tat org.junit.rules.TestWatcher$1.evaluate(TestWatcher.java:61)\n\tat com.wire.android.tests.support.suite.AllureLogcatRule$apply$1.evaluate(AllureLogcatRule.kt:41)\n\tat org.junit.runners.ParentRunner$3.evaluate(ParentRunner.java:306)\n\tat org.junit.runners.BlockJUnit4ClassRunner$1.evaluate(BlockJUnit4ClassRunner.java:100)\n\tat org.junit.runners.ParentRunner.runLeaf(ParentRunner.java:366)\n\tat org.junit.runners.BlockJUnit4ClassRunner.runChild(BlockJUnit4ClassRunner.java:103)\n\tat org.junit.runners.BlockJUnit4ClassRunner.runChild(BlockJUnit4ClassRunner.java:63)\n\tat org.junit.runners.ParentRunner$4.run(ParentRunner.java:331)\n\tat org.junit.runners.ParentRunner$1.schedule(ParentRunner.java:79)\n\tat org.junit.runners.ParentRunner.runChildren(ParentRunner.java:329)\n\tat org.junit.runners.ParentRunner.access$100(ParentRunner.java:66)\n\tat org.junit.runners.ParentRunner$2.evaluate(ParentRunner.java:293)\n\tat org.junit.runners.ParentRunner$3.evaluate(ParentRunner.java:306)\n\tat org.junit.runners.ParentRunner.run(ParentRunner.java:413)\n\tat androidx.test.ext.junit.runners.AndroidJUnit4.run(AndroidJUnit4.java:162)\n\tat org.junit.runners.Suite.runChild(Suite.java:128)\n\tat org.junit.runners.Suite.runChild(Suite.java:27)\n\tat org.junit.runners.ParentRunner$4.run(ParentRunner.java:331)\n\tat org.junit.runners.ParentRunner$1.schedule(ParentRunner.java:79)\n\tat org.junit.runners.ParentRunner.runChildren(ParentRunner.java:329)\n\tat org.junit.runners.ParentRunner.access$100(ParentRunner.java:66)\n\tat org.junit.runners.ParentRunner$2.evaluate(ParentRunner.java:293)\n\tat org.junit.runners.ParentRunner$3.evaluate(ParentRunner.java:306)\n\tat org.junit.runners.ParentRunner.run(ParentRunner.java:413)\n\tat org.junit.runner.JUnitCore.run(JUnitCore.java:137)\n\tat org.junit.runner.JUnitCore.run(JUnitCore.java:115)\n\tat androidx.test.internal.runner.TestExecutor.execute(TestExecutor.java:68)\n\tat androidx.test.internal.runner.TestExecutor.execute(TestExecutor.java:59)\n\tat androidx.test.runner.AndroidJUnitRunner.onStart(AndroidJUnitRunner.java:467)\n\tat com.wire.android.tests.support.suite.TaggedTestRunner.onStart(TaggedTestRunner.kt:51)\n\tat android.app.Instrumentation$InstrumentationThread.run(Instrumentation.java:2278)\n","steps":[{"name":"Prepare backend SSO team in Okta (owner + member) and set current user","time":{"start":1772111829813,"stop":1772111880680,"duration":50867},"status":"failed","statusMessage":"Element not found with selector: resourceId='com.android.permissioncontroller:id/permission_allow_button'","statusTrace":"java.lang.AssertionError: Element not found with selector: resourceId='com.android.permissioncontroller:id/permission_allow_button'\n\tat uiautomatorutils.UiWaitUtils.waitElement(UiWaitUtils.kt:94)\n\tat uiautomatorutils.UiWaitUtils.waitElement$default(UiWaitUtils.kt:85)\n\tat com.wire.android.tests.core.pages.RegistrationPage.clickAllowNotificationButton(RegistrationPage.kt:191)\n\tat com.wire.android.tests.core.criticalFlows.SSODeviceBackup.givenSSOTeamWithOkta_whenSettingUpNewDeviceAndRestoringBackup_thenMessageIsRestored$lambda$0$0$2(SSODeviceBackup.kt:138)\n\tat com.wire.android.tests.core.criticalFlows.SSODeviceBackup.$r8$lambda$xrcS-4O0RK8e9_MgQZonhlDG_vA(Unknown Source:0)\n\tat com.wire.android.tests.core.criticalFlows.SSODeviceBackup$$ExternalSyntheticLambda1.invoke(D8$$SyntheticClass:0)\n\tat com.wire.android.tests.core.BaseUiTest.step$lambda$0(BaseUiTest.kt:54)\n\tat com.wire.android.tests.core.BaseUiTest$$ExternalSyntheticLambda1.invoke(D8$$SyntheticClass:0)\n\tat io.qameta.allure.kotlin.Allure.step(Allure.kt:60)\n\tat com.wire.android.tests.core.BaseUiTest.step(BaseUiTest.kt:54)\n\tat com.wire.android.tests.core.criticalFlows.SSODeviceBackup.givenSSOTeamWithOkta_whenSettingUpNewDeviceAndRestoringBackup_thenMessageIsRestored$lambda$0$0(SSODeviceBackup.kt:135)\n\tat com.wire.android.tests.core.criticalFlows.SSODeviceBackup.$r8$lambda$C-hGdlCOzx_DKpIg3aBvqOpagm8(Unknown Source:0)\n\tat com.wire.android.tests.core.criticalFlows.SSODeviceBackup$$ExternalSyntheticLambda9.invoke(D8$$SyntheticClass:0)\n\tat com.wire.android.tests.core.BaseUiTest.step$lambda$0(BaseUiTest.kt:54)\n\tat com.wire.android.tests.core.BaseUiTest$$ExternalSyntheticLambda1.invoke(D8$$SyntheticClass:0)\n\tat io.qameta.allure.kotlin.Allure.step(Allure.kt:60)\n\tat com.wire.android.tests.core.BaseUiTest.step(BaseUiTest.kt:54)\n\tat com.wire.android.tests.core.criticalFlows.SSODeviceBackup.givenSSOTeamWithOkta_whenSettingUpNewDeviceAndRestoringBackup_thenMessageIsRestored$lambda$0(SSODeviceBackup.kt:107)\n\tat com.wire.android.tests.core.criticalFlows.SSODeviceBackup$$ExternalSyntheticLambda0.invoke(D8$$SyntheticClass:0)\n\tat com.wire.android.tests.core.BaseUiTest.step$lambda$0(BaseUiTest.kt:54)\n\tat com.wire.android.tests.core.BaseUiTest$$ExternalSyntheticLambda1.invoke(D8$$SyntheticClass:0)\n\tat io.qameta.allure.kotlin.Allure.step(Allure.kt:60)\n\tat com.wire.android.tests.core.BaseUiTest.step(BaseUiTest.kt:54)\n\tat com.wire.android.tests.core.criticalFlows.SSODeviceBackup.givenSSOTeamWithOkta_whenSettingUpNewDeviceAndRestoringBackup_thenMessageIsRestored(SSODeviceBackup.kt:84)\n\tat java.lang.reflect.Method.invoke(Native Method)\n\tat org.junit.runners.model.FrameworkMethod$1.runReflectiveCall(FrameworkMethod.java:59)\n\tat org.junit.internal.runners.model.ReflectiveCallable.run(ReflectiveCallable.java:12)\n\tat org.junit.runners.model.FrameworkMethod.invokeExplosively(FrameworkMethod.java:56)\n\tat org.junit.internal.runners.statements.InvokeMethod.evaluate(InvokeMethod.java:17)\n\tat androidx.test.internal.runner.junit4.statement.RunBefores.evaluate(RunBefores.java:80)\n\tat androidx.test.internal.runner.junit4.statement.RunAfters.evaluate(RunAfters.java:61)\n\tat com.wire.android.tests.support.suite.AllureFailureScreenshotRule$apply$1.evaluate(AllureFailureScreenshotRule.kt:44)\n\tat com.wire.android.tests.support.suite.AllureLabelsRule$apply$1.evaluate(AllureLabelsRule.kt:70)\n\tat org.junit.rules.TestWatcher$1.evaluate(TestWatcher.java:61)\n\tat com.wire.android.tests.support.suite.AllureLogcatRule$apply$1.evaluate(AllureLogcatRule.kt:41)\n\tat org.junit.runners.ParentRunner$3.evaluate(ParentRunner.java:306)\n\tat org.junit.runners.BlockJUnit4ClassRunner$1.evaluate(BlockJUnit4ClassRunner.java:100)\n\tat org.junit.runners.ParentRunner.runLeaf(ParentRunner.java:366)\n\tat org.junit.runners.BlockJUnit4ClassRunner.runChild(BlockJUnit4ClassRunner.java:103)\n\tat org.junit.runners.BlockJUnit4ClassRunner.runChild(BlockJUnit4ClassRunner.java:63)\n\tat org.junit.runners.ParentRunner$4.run(ParentRunner.java:331)\n\tat org.junit.runners.ParentRunner$1.schedule(ParentRunner.java:79)\n\tat org.junit.runners.ParentRunner.runChildren(ParentRunner.java:329)\n\tat org.junit.runners.ParentRunner.access$100(ParentRunner.java:66)\n\tat org.junit.runners.ParentRunner$2.evaluate(ParentRunner.java:293)\n\tat org.junit.runners.ParentRunner$3.evaluate(ParentRunner.java:306)\n\tat org.junit.runners.ParentRunner.run(ParentRunner.java:413)\n\tat androidx.test.ext.junit.runners.AndroidJUnit4.run(AndroidJUnit4.java:162)\n\tat org.junit.runners.Suite.runChild(Suite.java:128)\n\tat org.junit.runners.Suite.runChild(Suite.java:27)\n\tat org.junit.runners.ParentRunner$4.run(ParentRunner.java:331)\n\tat org.junit.runners.ParentRunner$1.schedule(ParentRunner.java:79)\n\tat org.junit.runners.ParentRunner.runChildren(ParentRunner.java:329)\n\tat org.junit.runners.ParentRunner.access$100(ParentRunner.java:66)\n\tat org.junit.runners.ParentRunner$2.evaluate(ParentRunner.java:293)\n\tat org.junit.runners.ParentRunner$3.evaluate(ParentRunner.java:306)\n\tat org.junit.runners.ParentRunner.run(ParentRunner.java:413)\n\tat org.junit.runner.JUnitCore.run(JUnitCore.java:137)\n\tat org.junit.runner.JUnitCore.run(JUnitCore.java:115)\n\tat androidx.test.internal.runner.TestExecutor.execute(TestExecutor.java:68)\n\tat androidx.test.internal.runner.TestExecutor.execute(TestExecutor.java:59)\n\tat androidx.test.runner.AndroidJUnitRunner.onStart(AndroidJUnitRunner.java:467)\n\tat com.wire.android.tests.support.suite.TaggedTestRunner.onStart(TaggedTestRunner.kt:51)\n\tat android.app.Instrumentation$InstrumentationThread.run(Instrumentation.java:2278)\n","steps":[{"name":"Get SSO code and wait for Okta app assignment sync","time":{"start":1772111836004,"stop":1772111880678,"duration":44674},"status":"failed","statusMessage":"Element not found with selector: resourceId='com.android.permissioncontroller:id/permission_allow_button'","statusTrace":"java.lang.AssertionError: Element not found with selector: resourceId='com.android.permissioncontroller:id/permission_allow_button'\n\tat uiautomatorutils.UiWaitUtils.waitElement(UiWaitUtils.kt:94)\n\tat uiautomatorutils.UiWaitUtils.waitElement$default(UiWaitUtils.kt:85)\n\tat com.wire.android.tests.core.pages.RegistrationPage.clickAllowNotificationButton(RegistrationPage.kt:191)\n\tat com.wire.android.tests.core.criticalFlows.SSODeviceBackup.givenSSOTeamWithOkta_whenSettingUpNewDeviceAndRestoringBackup_thenMessageIsRestored$lambda$0$0$2(SSODeviceBackup.kt:138)\n\tat com.wire.android.tests.core.criticalFlows.SSODeviceBackup.$r8$lambda$xrcS-4O0RK8e9_MgQZonhlDG_vA(Unknown Source:0)\n\tat com.wire.android.tests.core.criticalFlows.SSODeviceBackup$$ExternalSyntheticLambda1.invoke(D8$$SyntheticClass:0)\n\tat com.wire.android.tests.core.BaseUiTest.step$lambda$0(BaseUiTest.kt:54)\n\tat com.wire.android.tests.core.BaseUiTest$$ExternalSyntheticLambda1.invoke(D8$$SyntheticClass:0)\n\tat io.qameta.allure.kotlin.Allure.step(Allure.kt:60)\n\tat com.wire.android.tests.core.BaseUiTest.step(BaseUiTest.kt:54)\n\tat com.wire.android.tests.core.criticalFlows.SSODeviceBackup.givenSSOTeamWithOkta_whenSettingUpNewDeviceAndRestoringBackup_thenMessageIsRestored$lambda$0$0(SSODeviceBackup.kt:135)\n\tat com.wire.android.tests.core.criticalFlows.SSODeviceBackup.$r8$lambda$C-hGdlCOzx_DKpIg3aBvqOpagm8(Unknown Source:0)\n\tat com.wire.android.tests.core.criticalFlows.SSODeviceBackup$$ExternalSyntheticLambda9.invoke(D8$$SyntheticClass:0)\n\tat com.wire.android.tests.core.BaseUiTest.step$lambda$0(BaseUiTest.kt:54)\n\tat com.wire.android.tests.core.BaseUiTest$$ExternalSyntheticLambda1.invoke(D8$$SyntheticClass:0)\n\tat io.qameta.allure.kotlin.Allure.step(Allure.kt:60)\n\tat com.wire.android.tests.core.BaseUiTest.step(BaseUiTest.kt:54)\n\tat com.wire.android.tests.core.criticalFlows.SSODeviceBackup.givenSSOTeamWithOkta_whenSettingUpNewDeviceAndRestoringBackup_thenMessageIsRestored$lambda$0(SSODeviceBackup.kt:107)\n\tat com.wire.android.tests.core.criticalFlows.SSODeviceBackup$$ExternalSyntheticLambda0.invoke(D8$$SyntheticClass:0)\n\tat com.wire.android.tests.core.BaseUiTest.step$lambda$0(BaseUiTest.kt:54)\n\tat com.wire.android.tests.core.BaseUiTest$$ExternalSyntheticLambda1.invoke(D8$$SyntheticClass:0)\n\tat io.qameta.allure.kotlin.Allure.step(Allure.kt:60)\n\tat com.wire.android.tests.core.BaseUiTest.step(BaseUiTest.kt:54)\n\tat com.wire.android.tests.core.criticalFlows.SSODeviceBackup.givenSSOTeamWithOkta_whenSettingUpNewDeviceAndRestoringBackup_thenMessageIsRestored(SSODeviceBackup.kt:84)\n\tat java.lang.reflect.Method.invoke(Native Method)\n\tat org.junit.runners.model.FrameworkMethod$1.runReflectiveCall(FrameworkMethod.java:59)\n\tat org.junit.internal.runners.model.ReflectiveCallable.run(ReflectiveCallable.java:12)\n\tat org.junit.runners.model.FrameworkMethod.invokeExplosively(FrameworkMethod.java:56)\n\tat org.junit.internal.runners.statements.InvokeMethod.evaluate(InvokeMethod.java:17)\n\tat androidx.test.internal.runner.junit4.statement.RunBefores.evaluate(RunBefores.java:80)\n\tat androidx.test.internal.runner.junit4.statement.RunAfters.evaluate(RunAfters.java:61)\n\tat com.wire.android.tests.support.suite.AllureFailureScreenshotRule$apply$1.evaluate(AllureFailureScreenshotRule.kt:44)\n\tat com.wire.android.tests.support.suite.AllureLabelsRule$apply$1.evaluate(AllureLabelsRule.kt:70)\n\tat org.junit.rules.TestWatcher$1.evaluate(TestWatcher.java:61)\n\tat com.wire.android.tests.support.suite.AllureLogcatRule$apply$1.evaluate(AllureLogcatRule.kt:41)\n\tat org.junit.runners.ParentRunner$3.evaluate(ParentRunner.java:306)\n\tat org.junit.runners.BlockJUnit4ClassRunner$1.evaluate(BlockJUnit4ClassRunner.java:100)\n\tat org.junit.runners.ParentRunner.runLeaf(ParentRunner.java:366)\n\tat org.junit.runners.BlockJUnit4ClassRunner.runChild(BlockJUnit4ClassRunner.java:103)\n\tat org.junit.runners.BlockJUnit4ClassRunner.runChild(BlockJUnit4ClassRunner.java:63)\n\tat org.junit.runners.ParentRunner$4.run(ParentRunner.java:331)\n\tat org.junit.runners.ParentRunner$1.schedule(ParentRunner.java:79)\n\tat org.junit.runners.ParentRunner.runChildren(ParentRunner.java:329)\n\tat org.junit.runners.ParentRunner.access$100(ParentRunner.java:66)\n\tat org.junit.runners.ParentRunner$2.evaluate(ParentRunner.java:293)\n\tat org.junit.runners.ParentRunner$3.evaluate(ParentRunner.java:306)\n\tat org.junit.runners.ParentRunner.run(ParentRunner.java:413)\n\tat androidx.test.ext.junit.runners.AndroidJUnit4.run(AndroidJUnit4.java:162)\n\tat org.junit.runners.Suite.runChild(Suite.java:128)\n\tat org.junit.runners.Suite.runChild(Suite.java:27)\n\tat org.junit.runners.ParentRunner$4.run(ParentRunner.java:331)\n\tat org.junit.runners.ParentRunner$1.schedule(ParentRunner.java:79)\n\tat org.junit.runners.ParentRunner.runChildren(ParentRunner.java:329)\n\tat org.junit.runners.ParentRunner.access$100(ParentRunner.java:66)\n\tat org.junit.runners.ParentRunner$2.evaluate(ParentRunner.java:293)\n\tat org.junit.runners.ParentRunner$3.evaluate(ParentRunner.java:306)\n\tat org.junit.runners.ParentRunner.run(ParentRunner.java:413)\n\tat org.junit.runner.JUnitCore.run(JUnitCore.java:137)\n\tat org.junit.runner.JUnitCore.run(JUnitCore.java:115)\n\tat androidx.test.internal.runner.TestExecutor.execute(TestExecutor.java:68)\n\tat androidx.test.internal.runner.TestExecutor.execute(TestExecutor.java:59)\n\tat androidx.test.runner.AndroidJUnitRunner.onStart(AndroidJUnitRunner.java:467)\n\tat com.wire.android.tests.support.suite.TaggedTestRunner.onStart(TaggedTestRunner.kt:51)\n\tat android.app.Instrumentation$InstrumentationThread.run(Instrumentation.java:2278)\n","steps":[{"name":"Start SSO login flow using SSO code","time":{"start":1772111856015,"stop":1772111861901,"duration":5886},"status":"passed","steps":[],"attachments":[],"parameters":[],"shouldDisplayMessage":false,"stepsCount":0,"attachmentsCount":0,"hasContent":false,"attachmentStep":false},{"name":"Complete Okta login (email + password) and wait for Wire auth handoff","time":{"start":1772111861901,"stop":1772111870440,"duration":8539},"status":"passed","steps":[],"attachments":[],"parameters":[],"shouldDisplayMessage":false,"stepsCount":0,"attachmentsCount":0,"hasContent":false,"attachmentStep":false},{"name":"Finish first-time setup after login (notifications, username, privacy prompts)","time":{"start":1772111870442,"stop":1772111880676,"duration":10234},"status":"failed","statusMessage":"Element not found with selector: resourceId='com.android.permissioncontroller:id/permission_allow_button'","statusTrace":"java.lang.AssertionError: Element not found with selector: resourceId='com.android.permissioncontroller:id/permission_allow_button'\n\tat uiautomatorutils.UiWaitUtils.waitElement(UiWaitUtils.kt:94)\n\tat uiautomatorutils.UiWaitUtils.waitElement$default(UiWaitUtils.kt:85)\n\tat com.wire.android.tests.core.pages.RegistrationPage.clickAllowNotificationButton(RegistrationPage.kt:191)\n\tat com.wire.android.tests.core.criticalFlows.SSODeviceBackup.givenSSOTeamWithOkta_whenSettingUpNewDeviceAndRestoringBackup_thenMessageIsRestored$lambda$0$0$2(SSODeviceBackup.kt:138)\n\tat com.wire.android.tests.core.criticalFlows.SSODeviceBackup.$r8$lambda$xrcS-4O0RK8e9_MgQZonhlDG_vA(Unknown Source:0)\n\tat com.wire.android.tests.core.criticalFlows.SSODeviceBackup$$ExternalSyntheticLambda1.invoke(D8$$SyntheticClass:0)\n\tat com.wire.android.tests.core.BaseUiTest.step$lambda$0(BaseUiTest.kt:54)\n\tat com.wire.android.tests.core.BaseUiTest$$ExternalSyntheticLambda1.invoke(D8$$SyntheticClass:0)\n\tat io.qameta.allure.kotlin.Allure.step(Allure.kt:60)\n\tat com.wire.android.tests.core.BaseUiTest.step(BaseUiTest.kt:54)\n\tat com.wire.android.tests.core.criticalFlows.SSODeviceBackup.givenSSOTeamWithOkta_whenSettingUpNewDeviceAndRestoringBackup_thenMessageIsRestored$lambda$0$0(SSODeviceBackup.kt:135)\n\tat com.wire.android.tests.core.criticalFlows.SSODeviceBackup.$r8$lambda$C-hGdlCOzx_DKpIg3aBvqOpagm8(Unknown Source:0)\n\tat com.wire.android.tests.core.criticalFlows.SSODeviceBackup$$ExternalSyntheticLambda9.invoke(D8$$SyntheticClass:0)\n\tat com.wire.android.tests.core.BaseUiTest.step$lambda$0(BaseUiTest.kt:54)\n\tat com.wire.android.tests.core.BaseUiTest$$ExternalSyntheticLambda1.invoke(D8$$SyntheticClass:0)\n\tat io.qameta.allure.kotlin.Allure.step(Allure.kt:60)\n\tat com.wire.android.tests.core.BaseUiTest.step(BaseUiTest.kt:54)\n\tat com.wire.android.tests.core.criticalFlows.SSODeviceBackup.givenSSOTeamWithOkta_whenSettingUpNewDeviceAndRestoringBackup_thenMessageIsRestored$lambda$0(SSODeviceBackup.kt:107)\n\tat com.wire.android.tests.core.criticalFlows.SSODeviceBackup$$ExternalSyntheticLambda0.invoke(D8$$SyntheticClass:0)\n\tat com.wire.android.tests.core.BaseUiTest.step$lambda$0(BaseUiTest.kt:54)\n\tat com.wire.android.tests.core.BaseUiTest$$ExternalSyntheticLambda1.invoke(D8$$SyntheticClass:0)\n\tat io.qameta.allure.kotlin.Allure.step(Allure.kt:60)\n\tat com.wire.android.tests.core.BaseUiTest.step(BaseUiTest.kt:54)\n\tat com.wire.android.tests.core.criticalFlows.SSODeviceBackup.givenSSOTeamWithOkta_whenSettingUpNewDeviceAndRestoringBackup_thenMessageIsRestored(SSODeviceBackup.kt:84)\n\tat java.lang.reflect.Method.invoke(Native Method)\n\tat org.junit.runners.model.FrameworkMethod$1.runReflectiveCall(FrameworkMethod.java:59)\n\tat org.junit.internal.runners.model.ReflectiveCallable.run(ReflectiveCallable.java:12)\n\tat org.junit.runners.model.FrameworkMethod.invokeExplosively(FrameworkMethod.java:56)\n\tat org.junit.internal.runners.statements.InvokeMethod.evaluate(InvokeMethod.java:17)\n\tat androidx.test.internal.runner.junit4.statement.RunBefores.evaluate(RunBefores.java:80)\n\tat androidx.test.internal.runner.junit4.statement.RunAfters.evaluate(RunAfters.java:61)\n\tat com.wire.android.tests.support.suite.AllureFailureScreenshotRule$apply$1.evaluate(AllureFailureScreenshotRule.kt:44)\n\tat com.wire.android.tests.support.suite.AllureLabelsRule$apply$1.evaluate(AllureLabelsRule.kt:70)\n\tat org.junit.rules.TestWatcher$1.evaluate(TestWatcher.java:61)\n\tat com.wire.android.tests.support.suite.AllureLogcatRule$apply$1.evaluate(AllureLogcatRule.kt:41)\n\tat org.junit.runners.ParentRunner$3.evaluate(ParentRunner.java:306)\n\tat org.junit.runners.BlockJUnit4ClassRunner$1.evaluate(BlockJUnit4ClassRunner.java:100)\n\tat org.junit.runners.ParentRunner.runLeaf(ParentRunner.java:366)\n\tat org.junit.runners.BlockJUnit4ClassRunner.runChild(BlockJUnit4ClassRunner.java:103)\n\tat org.junit.runners.BlockJUnit4ClassRunner.runChild(BlockJUnit4ClassRunner.java:63)\n\tat org.junit.runners.ParentRunner$4.run(ParentRunner.java:331)\n\tat org.junit.runners.ParentRunner$1.schedule(ParentRunner.java:79)\n\tat org.junit.runners.ParentRunner.runChildren(ParentRunner.java:329)\n\tat org.junit.runners.ParentRunner.access$100(ParentRunner.java:66)\n\tat org.junit.runners.ParentRunner$2.evaluate(ParentRunner.java:293)\n\tat org.junit.runners.ParentRunner$3.evaluate(ParentRunner.java:306)\n\tat org.junit.runners.ParentRunner.run(ParentRunner.java:413)\n\tat androidx.test.ext.junit.runners.AndroidJUnit4.run(AndroidJUnit4.java:162)\n\tat org.junit.runners.Suite.runChild(Suite.java:128)\n\tat org.junit.runners.Suite.runChild(Suite.java:27)\n\tat org.junit.runners.ParentRunner$4.run(ParentRunner.java:331)\n\tat org.junit.runners.ParentRunner$1.schedule(ParentRunner.java:79)\n\tat org.junit.runners.ParentRunner.runChildren(ParentRunner.java:329)\n\tat org.junit.runners.ParentRunner.access$100(ParentRunner.java:66)\n\tat org.junit.runners.ParentRunner$2.evaluate(ParentRunner.java:293)\n\tat org.junit.runners.ParentRunner$3.evaluate(ParentRunner.java:306)\n\tat org.junit.runners.ParentRunner.run(ParentRunner.java:413)\n\tat org.junit.runner.JUnitCore.run(JUnitCore.java:137)\n\tat org.junit.runner.JUnitCore.run(JUnitCore.java:115)\n\tat androidx.test.internal.runner.TestExecutor.execute(TestExecutor.java:68)\n\tat androidx.test.internal.runner.TestExecutor.execute(TestExecutor.java:59)\n\tat androidx.test.runner.AndroidJUnitRunner.onStart(AndroidJUnitRunner.java:467)\n\tat com.wire.android.tests.support.suite.TaggedTestRunner.onStart(TaggedTestRunner.kt:51)\n\tat android.app.Instrumentation$InstrumentationThread.run(Instrumentation.java:2278)\n","steps":[],"attachments":[],"parameters":[],"shouldDisplayMessage":true,"stepsCount":0,"attachmentsCount":0,"hasContent":true,"attachmentStep":false}],"attachments":[],"parameters":[],"shouldDisplayMessage":false,"stepsCount":3,"attachmentsCount":0,"hasContent":true,"attachmentStep":false}],"attachments":[],"parameters":[],"shouldDisplayMessage":false,"stepsCount":4,"attachmentsCount":0,"hasContent":true,"attachmentStep":false}],"attachments":[{"uid":"463d4fc8be0a8305","name":"failure-screenshot","source":"463d4fc8be0a8305.png","type":"image/png","size":158254},{"uid":"b277eae2cbc57347","name":"logcat","source":"b277eae2cbc57347.txt","type":"text/plain","size":35801}],"parameters":[],"shouldDisplayMessage":false,"stepsCount":5,"attachmentsCount":2,"hasContent":true,"attachmentStep":false},"afterStages":[],"labels":[{"name":"package","value":"com.wire.android.tests.core.criticalFlows"},{"name":"testClass","value":"com.wire.android.tests.core.criticalFlows.SSODeviceBackup"},{"name":"testMethod","value":"givenSSOTeamWithOkta_whenSettingUpNewDeviceAndRestoringBackup_thenMessageIsRestored"},{"name":"suite","value":"com.wire.android.tests.core.criticalFlows.SSODeviceBackup"},{"name":"thread","value":"Instr: com.wire.android.tests.support.suite.TaggedTestRunner(686)"},{"name":"framework","value":"junit4"},{"name":"language","value":"kotlin"},{"name":"tag","value":"TC-8604"},{"name":"tag","value":"criticalFlow"},{"name":"device","value":"Pixel 3a - 12 (9BMAY1KFA3)"},{"name":"host","value":"Pixel 3a - 12 (9BMAY1KFA3)"},{"name":"resultFormat","value":"allure2"}],"parameters":[{"name":"device","value":"Pixel 3a - 12 (9BMAY1KFA3)"}],"links":[],"hidden":false,"retry":false,"extra":{"severity":"normal","retries":[],"categories":[{"name":"Product defects","matchedStatuses":[],"flaky":false}],"tags":["TC-8604","criticalFlow"]},"source":"235c996913f464e5.json","parameterValues":["Pixel 3a - 12 (9BMAY1KFA3)"]}