--------- beginning of main
02-18 17:47:57.778 30137 30137 I .testsCore.test: Late-enabling -Xcheck:jni
02-18 17:47:57.801 30137 30137 I .testsCore.test: Using CollectorTypeCC GC.
02-18 17:47:57.813 30137 30137 D nativeloader: Load libframework-connectivity-tiramisu-jni.so using APEX ns com_android_tethering for caller /apex/com.android.tethering/javalib/framework-connectivity-t.jar: ok
02-18 17:47:57.818 30137 30137 D ActivityThread: setConscryptValidator
02-18 17:47:57.818 30137 30137 D ActivityThread: setConscryptValidator - put
02-18 17:47:57.861 30137 30137 D ApplicationLoaders: Returning zygote-cached class loader: /system_ext/framework/androidx.window.extensions.jar
02-18 17:47:57.861 30137 30137 D ApplicationLoaders: Returning zygote-cached class loader: /system_ext/framework/androidx.window.sidecar.jar
02-18 17:47:58.019 30137 30137 D nativeloader: Configuring clns-7 for other apk /data/app/~~CA6sVQJiUDcZfaRoPYJP4A==/com.wire.android.tests.testsCore.test-3m9GcT54cEmWeZSe95QOFw==/base.apk. target_sdk_version=36, uses_libraries=, library_path=/data/app/~~CA6sVQJiUDcZfaRoPYJP4A==/com.wire.android.tests.testsCore.test-3m9GcT54cEmWeZSe95QOFw==/lib/arm64:/data/app/~~CA6sVQJiUDcZfaRoPYJP4A==/com.wire.android.tests.testsCore.test-3m9GcT54cEmWeZSe95QOFw==/base.apk!/lib/arm64-v8a, permitted_path=/data:/mnt/expand:/data/user/0/com.wire.android.tests.testsCore.test
02-18 17:47:58.029 30137 30137 V GraphicsEnvironment: Currently set values for:
02-18 17:47:58.029 30137 30137 V GraphicsEnvironment:   angle_gl_driver_selection_pkgs=[]
02-18 17:47:58.029 30137 30137 V GraphicsEnvironment:   angle_gl_driver_selection_values=[]
02-18 17:47:58.029 30137 30137 V GraphicsEnvironment: Global.Settings values are invalid: number of packages: 0, number of values: 0
02-18 17:47:58.029 30137 30137 V GraphicsEnvironment: App is not on the allowlist for updatable production driver.
02-18 17:47:58.050 30137 30137 I AndroidJUnitRunner: newApplication android.app.Application
02-18 17:47:58.066 30137 30137 I TaggedTestRunner: onCreate called. testCaseId=null, category=null, tagKey=null, tagValue=null
02-18 17:47:58.102 30137 30137 I AndroidJUnitRunner: onCreate Bundle[{testTimeoutSeconds=31536000, shardIndex=1, clearPackageData=true, filter=com.wire.android.tests.support.suite.TaggedFilter, force-queryable=true, numShards=2, listener=io.qameta.allure.kotlin.junit4.AllureJunit4,io.qameta.allure.android.listeners.ExternalStoragePermissionsListener, additionalTestOutputDir=/sdcard/Android/media/com.wire.android.tests.testsCore.test/additional_test_output}]
02-18 17:47:58.103 30137 30137 D AndroidJUnitRunner: Use the raw file system for managing file I/O.
02-18 17:47:58.107 30137 30137 V TestEventClient: No service name argument was given (testDiscoveryService, testRunEventService or orchestratorService)
02-18 17:47:58.159 30137 30152 I TaggedTestRunner: Cleared Allure results dir on device, exitCode=0
02-18 17:47:58.159 30137 30152 D AndroidJUnitRunner: onStart is called.
02-18 17:47:58.179 30137 30152 I InstrConnection: Could not send broadcast or register receiver (isolatedProcess?)
02-18 17:47:58.195 30137 30152 D TestRequestBuilder: Using class path scanning to discover tests
02-18 17:47:58.196 30137 30152 I TestRequestBuilder: Scanning classpath to find tests in paths [/data/app/~~CA6sVQJiUDcZfaRoPYJP4A==/com.wire.android.tests.testsCore.test-3m9GcT54cEmWeZSe95QOFw==/base.apk]
02-18 17:47:58.197 30137 30152 W .testsCore.test: Opening an oat file without a class loader. Are you using the deprecated DexFile APIs?
02-18 17:47:58.519 30137 30152 W ScanningTestLoader: Could not load class: androidx.compose.ui.graphics.layer.view.PlaceholderHardwareCanvas
02-18 17:47:58.519 30137 30152 W ScanningTestLoader: java.lang.ClassNotFoundException: androidx.compose.ui.graphics.layer.view.PlaceholderHardwareCanvas
02-18 17:47:58.519 30137 30152 W ScanningTestLoader: 	at java.lang.Class.classForName(Native Method)
02-18 17:47:58.519 30137 30152 W ScanningTestLoader: 	at java.lang.Class.forName(Class.java:591)
02-18 17:47:58.519 30137 30152 W ScanningTestLoader: 	at androidx.test.internal.runner.ScanningTestLoader.doCreateRunner(ScanningTestLoader.java:45)
02-18 17:47:58.519 30137 30152 W ScanningTestLoader: 	at androidx.test.internal.runner.TestLoader.getRunnersFor(TestLoader.java:64)
02-18 17:47:58.519 30137 30152 W ScanningTestLoader: 	at androidx.test.internal.runner.TestRequestBuilder.build(TestRequestBuilder.java:842)
02-18 17:47:58.519 30137 30152 W ScanningTestLoader: 	at androidx.test.runner.AndroidJUnitRunner.buildRequest(AndroidJUnitRunner.java:672)
02-18 17:47:58.519 30137 30152 W ScanningTestLoader: 	at androidx.test.runner.AndroidJUnitRunner.onStart(AndroidJUnitRunner.java:453)
02-18 17:47:58.519 30137 30152 W ScanningTestLoader: 	at com.wire.android.tests.support.suite.TaggedTestRunner.onStart(TaggedTestRunner.kt:51)
02-18 17:47:58.519 30137 30152 W ScanningTestLoader: 	at android.app.Instrumentation$InstrumentationThread.run(Instrumentation.java:2607)
02-18 17:47:58.519 30137 30152 W ScanningTestLoader: Caused by: java.lang.ClassNotFoundException: androidx.compose.ui.graphics.layer.view.PlaceholderHardwareCanvas
02-18 17:47:58.519 30137 30152 W ScanningTestLoader: 	at java.lang.VMClassLoader.findLoadedClass(Native Method)
02-18 17:47:58.519 30137 30152 W ScanningTestLoader: 	at java.lang.ClassLoader.findLoadedClass(ClassLoader.java:1281)
02-18 17:47:58.519 30137 30152 W ScanningTestLoader: 	at java.lang.ClassLoader.loadClass(ClassLoader.java:626)
02-18 17:47:58.519 30137 30152 W ScanningTestLoader: 	at java.lang.ClassLoader.loadClass(ClassLoader.java:578)
02-18 17:47:58.519 30137 30152 W ScanningTestLoader: 	... 9 more
02-18 17:47:58.519 30137 30152 W ScanningTestLoader: Caused by: java.lang.NoClassDefFoundError: Failed resolution of: Landroid/view/HardwareCanvas;
02-18 17:47:58.519 30137 30152 W ScanningTestLoader: 	... 9 more
02-18 17:47:58.519 30137 30152 W ScanningTestLoader: Caused by: java.lang.ClassNotFoundException: Didn't find class "android.view.HardwareCanvas" on path: DexPathList[[zip file "/data/app/~~CA6sVQJiUDcZfaRoPYJP4A==/com.wire.android.tests.testsCore.test-3m9GcT54cEmWeZSe95QOFw==/base.apk"],nativeLibraryDirectories=[/data/app/~~CA6sVQJiUDcZfaRoPYJP4A==/com.wire.android.tests.testsCore.test-3m9GcT54cEmWeZSe95QOFw==/lib/arm64, /data/app/~~CA6sVQJiUDcZfaRoPYJP4A==/com.wire.android.tests.testsCore.test-3m9GcT54cEmWeZSe95QOFw==/base.apk!/lib/arm64-v8a, /system/lib64, /system/system_ext/lib64]]
02-18 17:47:58.519 30137 30152 W ScanningTestLoader: 	at dalvik.system.BaseDexClassLoader.findClass(BaseDexClassLoader.java:259)
02-18 17:47:58.519 30137 30152 W ScanningTestLoader: 	at java.lang.ClassLoader.loadClass(ClassLoader.java:642)
02-18 17:47:58.519 30137 30152 W ScanningTestLoader: 	at java.lang.ClassLoader.loadClass(ClassLoader.java:578)
02-18 17:47:58.519 30137 30152 W ScanningTestLoader: 	... 9 more
02-18 17:47:58.731 30137 30152 W ScanningTestLoader: Could not load class: androidx.test.uiautomator.UiAutomatorInstrumentationTestRunner
02-18 17:47:58.731 30137 30152 W ScanningTestLoader: java.lang.ClassNotFoundException: androidx.test.uiautomator.UiAutomatorInstrumentationTestRunner
02-18 17:47:58.731 30137 30152 W ScanningTestLoader: 	at java.lang.Class.classForName(Native Method)
02-18 17:47:58.731 30137 30152 W ScanningTestLoader: 	at java.lang.Class.forName(Class.java:591)
02-18 17:47:58.731 30137 30152 W ScanningTestLoader: 	at androidx.test.internal.runner.ScanningTestLoader.doCreateRunner(ScanningTestLoader.java:45)
02-18 17:47:58.731 30137 30152 W ScanningTestLoader: 	at androidx.test.internal.runner.TestLoader.getRunnersFor(TestLoader.java:64)
02-18 17:47:58.731 30137 30152 W ScanningTestLoader: 	at androidx.test.internal.runner.TestRequestBuilder.build(TestRequestBuilder.java:842)
02-18 17:47:58.731 30137 30152 W ScanningTestLoader: 	at androidx.test.runner.AndroidJUnitRunner.buildRequest(AndroidJUnitRunner.java:672)
02-18 17:47:58.731 30137 30152 W ScanningTestLoader: 	at androidx.test.runner.AndroidJUnitRunner.onStart(AndroidJUnitRunner.java:453)
02-18 17:47:58.731 30137 30152 W ScanningTestLoader: 	at com.wire.android.tests.support.suite.TaggedTestRunner.onStart(TaggedTestRunner.kt:51)
02-18 17:47:58.731 30137 30152 W ScanningTestLoader: 	at android.app.Instrumentation$InstrumentationThread.run(Instrumentation.java:2607)
02-18 17:47:58.731 30137 30152 W ScanningTestLoader: Caused by: java.lang.ClassNotFoundException: androidx.test.uiautomator.UiAutomatorInstrumentationTestRunner
02-18 17:47:58.731 30137 30152 W ScanningTestLoader: 	at java.lang.VMClassLoader.findLoadedClass(Native Method)
02-18 17:47:58.731 30137 30152 W ScanningTestLoader: 	at java.lang.ClassLoader.findLoadedClass(ClassLoader.java:1281)
02-18 17:47:58.731 30137 30152 W ScanningTestLoader: 	at java.lang.ClassLoader.loadClass(ClassLoader.java:626)
02-18 17:47:58.731 30137 30152 W ScanningTestLoader: 	at java.lang.ClassLoader.loadClass(ClassLoader.java:578)
02-18 17:47:58.731 30137 30152 W ScanningTestLoader: 	... 9 more
02-18 17:47:58.731 30137 30152 W ScanningTestLoader: Caused by: java.lang.NoClassDefFoundError: Failed resolution of: Landroid/test/InstrumentationTestRunner;
02-18 17:47:58.731 30137 30152 W ScanningTestLoader: 	... 9 more
02-18 17:47:58.731 30137 30152 W ScanningTestLoader: Caused by: java.lang.ClassNotFoundException: Didn't find class "android.test.InstrumentationTestRunner" on path: DexPathList[[zip file "/data/app/~~CA6sVQJiUDcZfaRoPYJP4A==/com.wire.android.tests.testsCore.test-3m9GcT54cEmWeZSe95QOFw==/base.apk"],nativeLibraryDirectories=[/data/app/~~CA6sVQJiUDcZfaRoPYJP4A==/com.wire.android.tests.testsCore.test-3m9GcT54cEmWeZSe95QOFw==/lib/arm64, /data/app/~~CA6sVQJiUDcZfaRoPYJP4A==/com.wire.android.tests.testsCore.test-3m9GcT54cEmWeZSe95QOFw==/base.apk!/lib/arm64-v8a, /system/lib64, /system/system_ext/lib64]]
02-18 17:47:58.731 30137 30152 W ScanningTestLoader: 	at dalvik.system.BaseDexClassLoader.findClass(BaseDexClassLoader.java:259)
02-18 17:47:58.731 30137 30152 W ScanningTestLoader: 	at java.lang.ClassLoader.loadClass(ClassLoader.java:642)
02-18 17:47:58.731 30137 30152 W ScanningTestLoader: 	at java.lang.ClassLoader.loadClass(ClassLoader.java:578)
02-18 17:47:58.731 30137 30152 W ScanningTestLoader: 	... 9 more
02-18 17:47:58.732 30137 30152 W ScanningTestLoader: Could not load class: androidx.test.uiautomator.UiAutomatorTestCase
02-18 17:47:58.732 30137 30152 W ScanningTestLoader: java.lang.ClassNotFoundException: androidx.test.uiautomator.UiAutomatorTestCase
02-18 17:47:58.732 30137 30152 W ScanningTestLoader: 	at java.lang.Class.classForName(Native Method)
02-18 17:47:58.732 30137 30152 W ScanningTestLoader: 	at java.lang.Class.forName(Class.java:591)
02-18 17:47:58.732 30137 30152 W ScanningTestLoader: 	at androidx.test.internal.runner.ScanningTestLoader.doCreateRunner(ScanningTestLoader.java:45)
02-18 17:47:58.732 30137 30152 W ScanningTestLoader: 	at androidx.test.internal.runner.TestLoader.getRunnersFor(TestLoader.java:64)
02-18 17:47:58.732 30137 30152 W ScanningTestLoader: 	at androidx.test.internal.runner.TestRequestBuilder.build(TestRequestBuilder.java:842)
02-18 17:47:58.732 30137 30152 W ScanningTestLoader: 	at androidx.test.runner.AndroidJUnitRunner.buildRequest(AndroidJUnitRunner.java:672)
02-18 17:47:58.732 30137 30152 W ScanningTestLoader: 	at androidx.test.runner.AndroidJUnitRunner.onStart(AndroidJUnitRunner.java:453)
02-18 17:47:58.732 30137 30152 W ScanningTestLoader: 	at com.wire.android.tests.support.suite.TaggedTestRunner.onStart(TaggedTestRunner.kt:51)
02-18 17:47:58.732 30137 30152 W ScanningTestLoader: 	at android.app.Instrumentation$InstrumentationThread.run(Instrumentation.java:2607)
02-18 17:47:58.732 30137 30152 W ScanningTestLoader: Caused by: java.lang.ClassNotFoundException: androidx.test.uiautomator.UiAutomatorTestCase
02-18 17:47:58.732 30137 30152 W ScanningTestLoader: 	at java.lang.VMClassLoader.findLoadedClass(Native Method)
02-18 17:47:58.732 30137 30152 W ScanningTestLoader: 	at java.lang.ClassLoader.findLoadedClass(ClassLoader.java:1281)
02-18 17:47:58.732 30137 30152 W ScanningTestLoader: 	at java.lang.ClassLoader.loadClass(ClassLoader.java:626)
02-18 17:47:58.732 30137 30152 W ScanningTestLoader: 	at java.lang.ClassLoader.loadClass(ClassLoader.java:578)
02-18 17:47:58.732 30137 30152 W ScanningTestLoader: 	... 9 more
02-18 17:47:58.732 30137 30152 W ScanningTestLoader: Caused by: java.lang.NoClassDefFoundError: Failed resolution of: Landroid/test/InstrumentationTestCase;
02-18 17:47:58.732 30137 30152 W ScanningTestLoader: 	... 9 more
02-18 17:47:58.732 30137 30152 W ScanningTestLoader: Caused by: java.lang.ClassNotFoundException: Didn't find class "android.test.InstrumentationTestCase" on path: DexPathList[[zip file "/data/app/~~CA6sVQJiUDcZfaRoPYJP4A==/com.wire.android.tests.testsCore.test-3m9GcT54cEmWeZSe95QOFw==/base.apk"],nativeLibraryDirectories=[/data/app/~~CA6sVQJiUDcZfaRoPYJP4A==/com.wire.android.tests.testsCore.test-3m9GcT54cEmWeZSe95QOFw==/lib/arm64, /data/app/~~CA6sVQJiUDcZfaRoPYJP4A==/com.wire.android.tests.testsCore.test-3m9GcT54cEmWeZSe95QOFw==/base.apk!/lib/arm64-v8a, /system/lib64, /system/system_ext/lib64]]
02-18 17:47:58.732 30137 30152 W ScanningTestLoader: 	at dalvik.system.BaseDexClassLoader.findClass(BaseDexClassLoader.java:259)
02-18 17:47:58.732 30137 30152 W ScanningTestLoader: 	at java.lang.ClassLoader.loadClass(ClassLoader.java:642)
02-18 17:47:58.732 30137 30152 W ScanningTestLoader: 	at java.lang.ClassLoader.loadClass(ClassLoader.java:578)
02-18 17:47:58.732 30137 30152 W ScanningTestLoader: 	... 9 more
02-18 17:47:58.737 30137 30152 W ScanningTestLoader: Could not load class: androidx.transition.FragmentTransitionSupport
02-18 17:47:58.737 30137 30152 W ScanningTestLoader: java.lang.ClassNotFoundException: androidx.transition.FragmentTransitionSupport
02-18 17:47:58.737 30137 30152 W ScanningTestLoader: 	at java.lang.Class.classForName(Native Method)
02-18 17:47:58.737 30137 30152 W ScanningTestLoader: 	at java.lang.Class.forName(Class.java:591)
02-18 17:47:58.737 30137 30152 W ScanningTestLoader: 	at androidx.test.internal.runner.ScanningTestLoader.doCreateRunner(ScanningTestLoader.java:45)
02-18 17:47:58.737 30137 30152 W ScanningTestLoader: 	at androidx.test.internal.runner.TestLoader.getRunnersFor(TestLoader.java:64)
02-18 17:47:58.737 30137 30152 W ScanningTestLoader: 	at androidx.test.internal.runner.TestRequestBuilder.build(TestRequestBuilder.java:842)
02-18 17:47:58.737 30137 30152 W ScanningTestLoader: 	at androidx.test.runner.AndroidJUnitRunner.buildRequest(AndroidJUnitRunner.java:672)
02-18 17:47:58.737 30137 30152 W ScanningTestLoader: 	at androidx.test.runner.AndroidJUnitRunner.onStart(AndroidJUnitRunner.java:453)
02-18 17:47:58.737 30137 30152 W ScanningTestLoader: 	at com.wire.android.tests.support.suite.TaggedTestRunner.onStart(TaggedTestRunner.kt:51)
02-18 17:47:58.737 30137 30152 W ScanningTestLoader: 	at android.app.Instrumentation$InstrumentationThread.run(Instrumentation.java:2607)
02-18 17:47:58.737 30137 30152 W ScanningTestLoader: Caused by: java.lang.ClassNotFoundException: androidx.transition.FragmentTransitionSupport
02-18 17:47:58.737 30137 30152 W ScanningTestLoader: 	at java.lang.VMClassLoader.findLoadedClass(Native Method)
02-18 17:47:58.737 30137 30152 W ScanningTestLoader: 	at java.lang.ClassLoader.findLoadedClass(ClassLoader.java:1281)
02-18 17:47:58.737 30137 30152 W ScanningTestLoader: 	at java.lang.ClassLoader.loadClass(ClassLoader.java:626)
02-18 17:47:58.737 30137 30152 W ScanningTestLoader: 	at java.lang.ClassLoader.loadClass(ClassLoader.java:578)
02-18 17:47:58.737 30137 30152 W ScanningTestLoader: 	... 9 more
02-18 17:47:58.737 30137 30152 W ScanningTestLoader: Caused by: java.lang.NoClassDefFoundError: Failed resolution of: Landroidx/fragment/app/FragmentTransitionImpl;
02-18 17:47:58.737 30137 30152 W ScanningTestLoader: 	... 9 more
02-18 17:47:58.737 30137 30152 W ScanningTestLoader: Caused by: java.lang.ClassNotFoundException: Didn't find class "androidx.fragment.app.FragmentTransitionImpl" on path: DexPathList[[zip file "/data/app/~~CA6sVQJiUDcZfaRoPYJP4A==/com.wire.android.tests.testsCore.test-3m9GcT54cEmWeZSe95QOFw==/base.apk"],nativeLibraryDirectories=[/data/app/~~CA6sVQJiUDcZfaRoPYJP4A==/com.wire.android.tests.testsCore.test-3m9GcT54cEmWeZSe95QOFw==/lib/arm64, /data/app/~~CA6sVQJiUDcZfaRoPYJP4A==/com.wire.android.tests.testsCore.test-3m9GcT54cEmWeZSe95QOFw==/base.apk!/lib/arm64-v8a, /system/lib64, /system/system_ext/lib64]]
02-18 17:47:58.737 30137 30152 W ScanningTestLoader: 	at dalvik.system.BaseDexClassLoader.findClass(BaseDexClassLoader.java:259)
02-18 17:47:58.737 30137 30152 W ScanningTestLoader: 	at java.lang.ClassLoader.loadClass(ClassLoader.java:642)
02-18 17:47:58.737 30137 30152 W ScanningTestLoader: 	at java.lang.ClassLoader.loadClass(ClassLoader.java:578)
02-18 17:47:58.737 30137 30152 W ScanningTestLoader: 	... 9 more
02-18 17:47:59.065 30137 30152 I TestRunner: run started: 5 tests
02-18 17:47:59.065 30137 30152 I UiAutomation: Initialized for user 0 on display 0
02-18 17:47:59.093 30137 30152 I TestRunner: started: givenMember_whenEnablingLoggingAndAppLockAndChangingEmailAndResettingPassword_thenAllSettingsUpdateSuccessfully(com.wire.android.tests.core.criticalFlows.AccountManagement)
02-18 17:47:59.094 30137 30152 W TraceRunListener: Span name exceeds limits: AccountManagement#givenMember_whenEnablingLoggingAndAppLockAndChangingEmailAndResettingPassword_thenAllSettingsUpdateSuccessfully
02-18 17:47:59.120 30137 30152 I UiDevice: Creating a new instance, old instance exists: false
02-18 17:47:59.121 30137 30152 D UiDevice: Setting accessibility service flags: 65618
02-18 17:47:59.125 30137 30152 D UiDevice: Executing shell command: pm clear com.wire.internal
02-18 17:47:59.202 30137 30152 D UiDevice: Executing shell command: settings put secure show_ime_with_hard_keyboard 0
02-18 17:47:59.250 30137 30152 D UiDevice: Executing shell command: settings put global window_animation_scale 0
02-18 17:47:59.278 30137 30152 D UiDevice: Executing shell command: settings put global transition_animation_scale 0
02-18 17:47:59.296 30137 30152 D UiDevice: Executing shell command: settings put global animator_duration_scale .5
02-18 17:47:59.624 30137 30152 D UiDevice: Pressing home button.
02-18 17:47:59.832 30137 30152 D UiDevice: Waiting 20000ms for SearchCondition[hasObject=BySelector [PKG='\Qcom.sec.android.app.launcher\E']].
02-18 17:47:59.832 30137 30152 D UiDevice: Searching for node with selector: BySelector [PKG='\Qcom.sec.android.app.launcher\E'].
02-18 17:48:00.981 30137 30152 D UiDevice: Waiting 20000ms for SearchCondition[hasObject=BySelector [PKG='\Qcom.wire.internal\E']].
02-18 17:48:00.981 30137 30152 D UiDevice: Searching for node with selector: BySelector [PKG='\Qcom.wire.internal\E'].
02-18 17:48:01.147 30137 30152 D UiDevice: Searching for node with selector: BySelector [PKG='\Qcom.wire.internal\E'].
02-18 17:48:01.757 30137 30152 W UiDevice: Active window root not found.
02-18 17:48:01.761 30137 30152 W UiDevice: Skipping null root node for window: AccessibilityWindowInfo[title=Software update, displayId=0, id=989, taskId=623, type=TYPE_APPLICATION, layer=0, region=SkRegion((0,0,1080,2340)), bounds=Rect(0, 0 - 1080, 2340), focused=true, active=true, pictureInPicture=false, transitionTime=1153178040, hasParent=false, isAnchored=false, hasChildren=false]
02-18 17:48:01.875 30137 30152 D UiDevice: Searching for node with selector: BySelector [PKG='\Qcom.wire.internal\E'].
02-18 17:48:01.876 30137 30152 W UiDevice: Active window root not found.
02-18 17:48:01.878 30137 30152 W UiDevice: Skipping null root node for window: AccessibilityWindowInfo[title=Software update, displayId=0, id=989, taskId=623, type=TYPE_APPLICATION, layer=0, region=SkRegion((0,0,1080,2340)), bounds=Rect(0, 0 - 1080, 2340), focused=true, active=true, pictureInPicture=false, transitionTime=1153178040, hasParent=false, isAnchored=false, hasChildren=false]
02-18 17:48:01.979 30137 30152 D UiDevice: Searching for node with selector: BySelector [PKG='\Qcom.wire.internal\E'].
02-18 17:48:01.980 30137 30152 W UiDevice: Active window root not found.
02-18 17:48:01.983 30137 30152 W UiDevice: Skipping null root node for window: AccessibilityWindowInfo[title=Software update, displayId=0, id=989, taskId=623, type=TYPE_APPLICATION, layer=0, region=SkRegion((0,0,1080,2340)), bounds=Rect(0, 0 - 1080, 2340), focused=true, active=true, pictureInPicture=false, transitionTime=1153178040, hasParent=false, isAnchored=false, hasChildren=false]
02-18 17:48:02.084 30137 30152 D UiDevice: Searching for node with selector: BySelector [PKG='\Qcom.wire.internal\E'].
02-18 17:48:02.876 30137 30152 I System.out: Could not access BuildConfig field 'BACKENDCONNECTION_STAGING_SOCKSPROXY': No field BACKENDCONNECTION_STAGING_SOCKSPROXY in class Lcom/wire/android/testSupport/BuildConfig; (declaration of 'com.wire.android.testSupport.BuildConfig' appears in /data/app/~~CA6sVQJiUDcZfaRoPYJP4A==/com.wire.android.tests.testsCore.test-3m9GcT54cEmWeZSe95QOFw==/base.apk!classes2.dex)
02-18 17:48:02.881 30137 30152 I System.out: Could not access BuildConfig field 'BACKENDCONNECTION_STAGING_SOCKSPROXY': No field BACKENDCONNECTION_STAGING_SOCKSPROXY in class Lcom/wire/android/testSupport/BuildConfig; (declaration of 'com.wire.android.testSupport.BuildConfig' appears in /data/app/~~CA6sVQJiUDcZfaRoPYJP4A==/com.wire.android.tests.testsCore.test-3m9GcT54cEmWeZSe95QOFw==/base.apk!classes2.dex)
02-18 17:48:02.882 30137 30152 I System.out: Could not access BuildConfig field 'BACKENDCONNECTION_STAGING_SOCKSPROXY': No field BACKENDCONNECTION_STAGING_SOCKSPROXY in class Lcom/wire/android/testSupport/BuildConfig; (declaration of 'com.wire.android.testSupport.BuildConfig' appears in /data/app/~~CA6sVQJiUDcZfaRoPYJP4A==/com.wire.android.tests.testsCore.test-3m9GcT54cEmWeZSe95QOFw==/base.apk!classes2.dex)
02-18 17:48:03.330 30137 30152 I ClientUserManager: 17:48:03 INFO [677] (ClientUse) Cannot find user by: user1Name 
02-18 17:48:03.330 30137 30152 I Hello   : 17:48:03 INFO [677] (ClientUse) Hello, my name is Cathey Greenfelder and my email is greenfelderqrxiyrntsl@wire.engineering and password is O5bNuAq# and emailPassword is ~3q*On8CXmx]innnnn 
02-18 17:48:03.517 30137 30739 D ProfileInstaller: Installing profile for com.wire.android.tests.testsCore.test
02-18 17:48:04.764 30137 30152 I ClientUserManager: 17:48:04 INFO [677] (ClientUse) Cannot find user by: user1Name 
02-18 17:48:04.809 30137 30152 I ClientUserManager: 17:48:04 INFO [677] (ClientUse) Cannot find user by: user2Name 
02-18 17:48:04.811 30137 30152 I ClientUserManager: 17:48:04 INFO [677] (ClientUse) Cannot find user by: user3Name 
02-18 17:48:05.134 30137 30145 W System  : A resource failed to call close. 
02-18 17:48:06.356 30137 30152 I ClientUserManager: 17:48:06 INFO [677] (ClientUse) Cannot find user by: user1Name 
02-18 17:48:06.358 30137 30152 I ClientUserManager: 17:48:06 INFO [677] (ClientUse) Cannot find user by: user2Name 
02-18 17:48:06.358 30137 30152 I System.out: Could not access BuildConfig field 'BACKENDCONNECTION_STAGING_SOCKSPROXY': No field BACKENDCONNECTION_STAGING_SOCKSPROXY in class Lcom/wire/android/testSupport/BuildConfig; (declaration of 'com.wire.android.testSupport.BuildConfig' appears in /data/app/~~CA6sVQJiUDcZfaRoPYJP4A==/com.wire.android.tests.testsCore.test-3m9GcT54cEmWeZSe95QOFw==/base.apk!classes2.dex)
02-18 17:48:06.475 30137 30152 I System.out: Could not access BuildConfig field 'BACKENDCONNECTION_STAGING_SOCKSPROXY': No field BACKENDCONNECTION_STAGING_SOCKSPROXY in class Lcom/wire/android/testSupport/BuildConfig; (declaration of 'com.wire.android.testSupport.BuildConfig' appears in /data/app/~~CA6sVQJiUDcZfaRoPYJP4A==/com.wire.android.tests.testsCore.test-3m9GcT54cEmWeZSe95QOFw==/base.apk!classes2.dex)
02-18 17:48:06.477 30137 30152 D UiDevice: Waiting 10000ms for SearchCondition[hasObject=BySelector [TEXT='\QEnter your email to start!\E']].
02-18 17:48:06.477 30137 30152 D UiDevice: Searching for node with selector: BySelector [TEXT='\QEnter your email to start!\E'].
02-18 17:48:07.087 30137 30152 W QueryController: Could not detect idle state.
02-18 17:48:07.087 30137 30152 D UiDevice: Retrieving node with selector: BySelector [TEXT='\QEnter your email to start!\E'].
02-18 17:48:07.106 30137 30152 I .testsCore.test: hiddenapi: Accessing hidden method Landroid/view/MotionEvent;->setDisplayId(I)V (runtime_flags=0, domain=platform, api=blocked,test-api) from Landroidx/test/uiautomator/GestureController; (domain=app, TargetSdkVersion=36) using reflection: allowed
02-18 17:48:07.223 30137 30152 D UiDevice: Retrieving node with selector: BySelector [TEXT='\QEnter your email to start!\E'].
02-18 17:48:07.275 30137 30152 D UiDevice: Waiting 10000ms for SearchCondition[hasObject=BySelector [TEXT='\QProceed\E']].
02-18 17:48:07.278 30137 30152 D UiDevice: Searching for node with selector: BySelector [TEXT='\QProceed\E'].
02-18 17:48:07.408 30137 30152 D UiDevice: Searching for node with selector: BySelector [TEXT='\QProceed\E'].
02-18 17:48:07.518 30137 30152 D UiDevice: Searching for node with selector: BySelector [TEXT='\QProceed\E'].
02-18 17:48:08.639 30137 30152 W QueryController: Could not detect idle state.
02-18 17:48:08.639 30137 30152 D UiDevice: Retrieving node with selector: BySelector [TEXT='\QProceed\E'].
02-18 17:48:09.357 30137 30152 D UiDevice: Retrieving node with selector: BySelector [TEXT='\QProceed\E'].
02-18 17:48:09.369 30137 30152 D UiObject2: Clicking on (756, 1560).
02-18 17:48:09.369 30137 30152 W UiObject2: Clicking on non-clickable object: android.view.accessibility.AccessibilityNodeInfo@b817; boundsInParent: Rect(0, 0 - 0, 0); boundsInScreen: Rect(670, 1534 - 843, 1587); boundsInWindow: Rect(670, 1534 - 843, 1587); packageName: com.wire.internal; className: android.widget.TextView; text: Proceed; error: null; maxTextLength: -1; stateDescription: null; contentDescription: null; tooltipText: null; containerTitle: null; viewIdResName: null; uniqueId: null; checkable: false; checked: false; focusable: false; focused: false; selected: false; clickable: false; longClickable: false; contextClickable: false; enabled: true; password: false; scrollable: false; granularScrollingSupported: false; importantForAccessibility: true; visible: true; actions: [AccessibilityAction: ACTION_NEXT_AT_MOVEMENT_GRANULARITY - null, AccessibilityAction: ACTION_PREVIOUS_AT_MOVEMENT_GRANULARITY - null, AccessibilityAction: ACTION_ACCESSIBILITY_FOCUS - null, AccessibilityAction: ACTION_SET_SELECTION - null]; isTextSelectable: false
02-18 17:48:09.400 30137 30152 W GestureController: Gestures took longer than expected (30ms >> 8ms), device might be in a busy state.
02-18 17:48:09.974 30137 30152 I QueryController: Matched selector: UiSelector[RESOURCE_ID=userIdentifierInput] <<==>> [android.view.accessibility.AccessibilityNodeInfo@a4f4; boundsInParent: Rect(0, 0 - 0, 0); boundsInScreen: Rect(72, 1764 - 1008, 1908); boundsInWindow: Rect(72, 1764 - 1008, 1908); packageName: com.wire.internal; className: android.widget.EditText; text: ; error: null; maxTextLength: 8000; stateDescription: null; contentDescription: null; tooltipText: null; containerTitle: null; viewIdResName: userIdentifierInput; uniqueId: null; checkable: false; checked: false; focusable: true; focused: false; selected: false; clickable: true; longClickable: true; contextClickable: false; enabled: true; password: false; scrollable: false; granularScrollingSupported: false; importantForAccessibility: true; visible: true; actions: [AccessibilityAction: ACTION_FOCUS - null, AccessibilityAction: ACTION_NEXT_AT_MOVEMENT_GRANULARITY - null, AccessibilityAction: ACTION_PREVIOUS_AT_MOVEMENT_GRANULARITY - null, AccessibilityAction: ACTION_ACCESSIBILITY_FOCUS - null, AccessibilityAction: ACTION_CLICK - null, AccessibilityAction: ACTION_LONG_CLICK - null, AccessibilityAction: ACTION_SET_TEXT - null, AccessibilityAction: ACTION_IME_ENTER - null, AccessibilityAction: ACTION_SET_SELECTION - null]; isTextSelectable: false]
02-18 17:48:09.976 30137 30152 D UiObject: Clicking on (540, 1836).
02-18 17:48:11.171 30137 30152 I QueryController: Matched selector: UiSelector[RESOURCE_ID=userIdentifierInput] <<==>> [android.view.accessibility.AccessibilityNodeInfo@a4f4; boundsInParent: Rect(0, 0 - 0, 0); boundsInScreen: Rect(72, 882 - 1008, 1026); boundsInWindow: Rect(72, 882 - 1008, 1026); packageName: com.wire.internal; className: android.widget.EditText; text: ; error: null; maxTextLength: 8000; stateDescription: null; contentDescription: null; tooltipText: null; containerTitle: null; viewIdResName: userIdentifierInput; uniqueId: null; checkable: false; checked: false; focusable: true; focused: true; selected: false; clickable: true; longClickable: true; contextClickable: false; enabled: true; password: false; scrollable: false; granularScrollingSupported: false; importantForAccessibility: true; visible: true; actions: [AccessibilityAction: ACTION_CLEAR_FOCUS - null, AccessibilityAction: ACTION_NEXT_AT_MOVEMENT_GRANULARITY - null, AccessibilityAction: ACTION_PREVIOUS_AT_MOVEMENT_GRANULARITY - null, AccessibilityAction: ACTION_ACCESSIBILITY_FOCUS - null, AccessibilityAction: ACTION_CLICK - null, AccessibilityAction: ACTION_LONG_CLICK - null, AccessibilityAction: ACTION_SET_TEXT - null, AccessibilityAction: ACTION_IME_ENTER - null, AccessibilityAction: ACTION_SET_SELECTION - null]; isTextSelectable: false]
02-18 17:48:11.172 30137 30152 D UiObject: Setting text to 'yostxetymtvwzp@wire.engineering'.
02-18 17:48:11.178 30137 30152 D UiDevice: Waiting 10000ms for SearchCondition[hasObject=BySelector [RES='\QloginButton\E']].
02-18 17:48:11.179 30137 30152 D UiDevice: Searching for node with selector: BySelector [RES='\QloginButton\E'].
02-18 17:48:11.788 30137 30152 D UiDevice: Retrieving node with selector: BySelector [RES='\QloginButton\E'].
02-18 17:48:11.913 30137 30152 D UiDevice: Retrieving node with selector: BySelector [RES='\QloginButton\E'].
02-18 17:48:11.936 30137 30152 D UiObject2: Clicking on (540, 1122).
02-18 17:48:11.966 30137 30152 W GestureController: Gestures took longer than expected (29ms >> 8ms), device might be in a busy state.
02-18 17:48:11.967 30137 30152 D UiDevice: Waiting 10000ms for SearchCondition[hasObject=BySelector [RES='\QPasswordInput\E']].
02-18 17:48:11.967 30137 30152 D UiDevice: Searching for node with selector: BySelector [RES='\QPasswordInput\E'].
02-18 17:48:12.836 30137 30152 D UiDevice: Retrieving node with selector: BySelector [RES='\QPasswordInput\E'].
02-18 17:48:12.959 30137 30152 D UiDevice: Retrieving node with selector: BySelector [RES='\QPasswordInput\E'].
02-18 17:48:12.991 30137 30152 D UiObject2: Clicking on (540, 1581).
02-18 17:48:13.034 30137 30152 W GestureController: Gestures took longer than expected (43ms >> 8ms), device might be in a busy state.
02-18 17:48:13.047 30137 30152 D UiObject2: Setting text to 'd2Dp@mP@'.
02-18 17:48:13.049 30137 30152 D UiDevice: Waiting 10000ms for SearchCondition[hasObject=BySelector [RES='\QloginButton\E']].
02-18 17:48:13.050 30137 30152 D UiDevice: Searching for node with selector: BySelector [RES='\QloginButton\E'].
02-18 17:48:14.486 30137 30152 W QueryController: Could not detect idle state.
02-18 17:48:14.486 30137 30152 D UiDevice: Retrieving node with selector: BySelector [RES='\QloginButton\E'].
02-18 17:48:14.621 30137 30152 D UiDevice: Retrieving node with selector: BySelector [RES='\QloginButton\E'].
02-18 17:48:14.657 30137 30152 D UiObject2: Clicking on (540, 1166).
02-18 17:48:14.700 30137 30152 W GestureController: Gestures took longer than expected (42ms >> 8ms), device might be in a busy state.
02-18 17:48:14.701 30137 30152 D UiObject: Waiting 0ms for UiSelector[RESOURCE_ID=loginButton].
02-18 17:48:14.708 30137 30152 I QueryController: Matched selector: UiSelector[RESOURCE_ID=loginButton] <<==>> [android.view.accessibility.AccessibilityNodeInfo@afda; boundsInParent: Rect(0, 0 - 0, 0); boundsInScreen: Rect(72, 1094 - 1008, 1238); boundsInWindow: Rect(72, 1094 - 1008, 1238); packageName: com.wire.internal; className: android.view.View; text: null; error: null; maxTextLength: -1; stateDescription: null; contentDescription: null; tooltipText: null; containerTitle: null; viewIdResName: loginButton; uniqueId: null; checkable: false; checked: false; focusable: true; focused: false; selected: false; clickable: true; longClickable: false; contextClickable: false; enabled: true; password: false; scrollable: false; granularScrollingSupported: false; importantForAccessibility: true; visible: true; actions: [AccessibilityAction: ACTION_FOCUS - null, AccessibilityAction: ACTION_ACCESSIBILITY_FOCUS - null, AccessibilityAction: ACTION_CLICK - null]; isTextSelectable: false]
02-18 17:48:15.208 30137 30152 D UiObject: Waiting 0ms for UiSelector[RESOURCE_ID=loginButton].
02-18 17:48:15.212 30137 30152 I QueryController: Matched selector: UiSelector[RESOURCE_ID=loginButton] <<==>> [android.view.accessibility.AccessibilityNodeInfo@afda; boundsInParent: Rect(0, 0 - 0, 0); boundsInScreen: Rect(72, 1094 - 1008, 1238); boundsInWindow: Rect(72, 1094 - 1008, 1238); packageName: com.wire.internal; className: android.view.View; text: null; error: null; maxTextLength: -1; stateDescription: null; contentDescription: null; tooltipText: null; containerTitle: null; viewIdResName: loginButton; uniqueId: null; checkable: false; checked: false; focusable: false; focused: false; selected: false; clickable: true; longClickable: false; contextClickable: false; enabled: false; password: false; scrollable: false; granularScrollingSupported: false; importantForAccessibility: true; visible: true; actions: [AccessibilityAction: ACTION_ACCESSIBILITY_FOCUS - null]; isTextSelectable: false]
02-18 17:48:15.713 30137 30152 D UiObject: Waiting 0ms for UiSelector[RESOURCE_ID=loginButton].
02-18 17:48:15.720 30137 30152 I QueryController: Matched selector: UiSelector[RESOURCE_ID=loginButton] <<==>> [android.view.accessibility.AccessibilityNodeInfo@afda; boundsInParent: Rect(0, 0 - 0, 0); boundsInScreen: Rect(72, 1094 - 1008, 1238); boundsInWindow: Rect(72, 1094 - 1008, 1238); packageName: com.wire.internal; className: android.view.View; text: null; error: null; maxTextLength: -1; stateDescription: null; contentDescription: null; tooltipText: null; containerTitle: null; viewIdResName: loginButton; uniqueId: null; checkable: false; checked: false; focusable: false; focused: false; selected: false; clickable: true; longClickable: false; contextClickable: false; enabled: false; password: false; scrollable: false; granularScrollingSupported: false; importantForAccessibility: true; visible: true; actions: [AccessibilityAction: ACTION_ACCESSIBILITY_FOCUS - null]; isTextSelectable: false]
02-18 17:48:16.221 30137 30152 D UiObject: Waiting 0ms for UiSelector[RESOURCE_ID=loginButton].
02-18 17:48:16.246 30137 30152 I QueryController: Matched selector: UiSelector[RESOURCE_ID=loginButton] <<==>> [android.view.accessibility.AccessibilityNodeInfo@afda; boundsInParent: Rect(0, 0 - 0, 0); boundsInScreen: Rect(72, 1094 - 1008, 1238); boundsInWindow: Rect(72, 1094 - 1008, 1238); packageName: com.wire.internal; className: android.view.View; text: null; error: null; maxTextLength: -1; stateDescription: null; contentDescription: null; tooltipText: null; containerTitle: null; viewIdResName: loginButton; uniqueId: null; checkable: false; checked: false; focusable: false; focused: false; selected: false; clickable: true; longClickable: false; contextClickable: false; enabled: false; password: false; scrollable: false; granularScrollingSupported: false; importantForAccessibility: true; visible: true; actions: [AccessibilityAction: ACTION_ACCESSIBILITY_FOCUS - null]; isTextSelectable: false]
02-18 17:48:16.746 30137 30152 D UiObject: Waiting 0ms for UiSelector[RESOURCE_ID=loginButton].
02-18 17:48:16.833 30137 30152 I QueryController: Matched selector: UiSelector[RESOURCE_ID=loginButton] <<==>> [android.view.accessibility.AccessibilityNodeInfo@afda; boundsInParent: Rect(0, 0 - 0, 0); boundsInScreen: Rect(72, 1094 - 1008, 1238); boundsInWindow: Rect(72, 1094 - 1008, 1238); packageName: com.wire.internal; className: android.view.View; text: null; error: null; maxTextLength: -1; stateDescription: null; contentDescription: null; tooltipText: null; containerTitle: null; viewIdResName: loginButton; uniqueId: null; checkable: false; checked: false; focusable: false; focused: false; selected: false; clickable: true; longClickable: false; contextClickable: false; enabled: false; password: false; scrollable: false; granularScrollingSupported: false; importantForAccessibility: true; visible: true; actions: [AccessibilityAction: ACTION_ACCESSIBILITY_FOCUS - null]; isTextSelectable: false]
02-18 17:48:17.334 30137 30152 D UiObject: Waiting 0ms for UiSelector[RESOURCE_ID=loginButton].
02-18 17:48:19.336 30137 30152 E QueryController: Got null root node from accessibility - Retrying...
02-18 17:48:19.613 30137 30152 D UiObject: Waiting 0ms for UiSelector[TEXT=Setting up Wire, CLASS=android.widget.TextView].
02-18 17:48:20.204 30137 30152 D UiDevice: Waiting 10000ms for SearchCondition[hasObject=BySelector [RES='\Qcom.android.permissioncontroller:id/permission_allow_button\E']].
02-18 17:48:20.205 30137 30152 D UiDevice: Searching for node with selector: BySelector [RES='\Qcom.android.permissioncontroller:id/permission_allow_button\E'].
02-18 17:48:20.355 30137 30152 D UiDevice: Searching for node with selector: BySelector [RES='\Qcom.android.permissioncontroller:id/permission_allow_button\E'].
02-18 17:48:20.479 30137 30152 D UiDevice: Searching for node with selector: BySelector [RES='\Qcom.android.permissioncontroller:id/permission_allow_button\E'].
02-18 17:48:20.598 30137 30152 D UiDevice: Searching for node with selector: BySelector [RES='\Qcom.android.permissioncontroller:id/permission_allow_button\E'].
02-18 17:48:20.720 30137 30152 D UiDevice: Searching for node with selector: BySelector [RES='\Qcom.android.permissioncontroller:id/permission_allow_button\E'].
02-18 17:48:20.842 30137 30152 D UiDevice: Searching for node with selector: BySelector [RES='\Qcom.android.permissioncontroller:id/permission_allow_button\E'].
02-18 17:48:20.961 30137 30152 D UiDevice: Searching for node with selector: BySelector [RES='\Qcom.android.permissioncontroller:id/permission_allow_button\E'].
02-18 17:48:21.098 30137 30152 D UiDevice: Searching for node with selector: BySelector [RES='\Qcom.android.permissioncontroller:id/permission_allow_button\E'].
02-18 17:48:21.221 30137 30152 D UiDevice: Searching for node with selector: BySelector [RES='\Qcom.android.permissioncontroller:id/permission_allow_button\E'].
02-18 17:48:21.342 30137 30152 D UiDevice: Searching for node with selector: BySelector [RES='\Qcom.android.permissioncontroller:id/permission_allow_button\E'].
02-18 17:48:21.470 30137 30152 D UiDevice: Searching for node with selector: BySelector [RES='\Qcom.android.permissioncontroller:id/permission_allow_button\E'].
02-18 17:48:21.593 30137 30152 D UiDevice: Searching for node with selector: BySelector [RES='\Qcom.android.permissioncontroller:id/permission_allow_button\E'].
02-18 17:48:21.769 30137 30152 D UiDevice: Searching for node with selector: BySelector [RES='\Qcom.android.permissioncontroller:id/permission_allow_button\E'].
02-18 17:48:22.335 30137 30152 D UiDevice: Searching for node with selector: BySelector [RES='\Qcom.android.permissioncontroller:id/permission_allow_button\E'].
02-18 17:48:22.469 30137 30152 D UiDevice: Searching for node with selector: BySelector [RES='\Qcom.android.permissioncontroller:id/permission_allow_button\E'].
02-18 17:48:22.604 30137 30152 D UiDevice: Searching for node with selector: BySelector [RES='\Qcom.android.permissioncontroller:id/permission_allow_button\E'].
02-18 17:48:22.745 30137 30152 D UiDevice: Searching for node with selector: BySelector [RES='\Qcom.android.permissioncontroller:id/permission_allow_button\E'].
02-18 17:48:22.890 30137 30152 D UiDevice: Searching for node with selector: BySelector [RES='\Qcom.android.permissioncontroller:id/permission_allow_button\E'].
02-18 17:48:23.034 30137 30152 D UiDevice: Searching for node with selector: BySelector [RES='\Qcom.android.permissioncontroller:id/permission_allow_button\E'].
02-18 17:48:23.168 30137 30152 D UiDevice: Searching for node with selector: BySelector [RES='\Qcom.android.permissioncontroller:id/permission_allow_button\E'].
02-18 17:48:23.311 30137 30152 D UiDevice: Searching for node with selector: BySelector [RES='\Qcom.android.permissioncontroller:id/permission_allow_button\E'].
02-18 17:48:23.452 30137 30152 D UiDevice: Searching for node with selector: BySelector [RES='\Qcom.android.permissioncontroller:id/permission_allow_button\E'].
02-18 17:48:23.581 30137 30152 D UiDevice: Searching for node with selector: BySelector [RES='\Qcom.android.permissioncontroller:id/permission_allow_button\E'].
02-18 17:48:23.713 30137 30152 D UiDevice: Searching for node with selector: BySelector [RES='\Qcom.android.permissioncontroller:id/permission_allow_button\E'].
02-18 17:48:23.908 30137 30152 D UiDevice: Searching for node with selector: BySelector [RES='\Qcom.android.permissioncontroller:id/permission_allow_button\E'].
02-18 17:48:24.489 30137 30152 D UiDevice: Searching for node with selector: BySelector [RES='\Qcom.android.permissioncontroller:id/permission_allow_button\E'].
02-18 17:48:24.632 30137 30152 D UiDevice: Searching for node with selector: BySelector [RES='\Qcom.android.permissioncontroller:id/permission_allow_button\E'].
02-18 17:48:24.773 30137 30152 D UiDevice: Searching for node with selector: BySelector [RES='\Qcom.android.permissioncontroller:id/permission_allow_button\E'].
02-18 17:48:24.905 30137 30152 D UiDevice: Searching for node with selector: BySelector [RES='\Qcom.android.permissioncontroller:id/permission_allow_button\E'].
02-18 17:48:25.039 30137 30152 D UiDevice: Searching for node with selector: BySelector [RES='\Qcom.android.permissioncontroller:id/permission_allow_button\E'].
02-18 17:48:25.181 30137 30152 D UiDevice: Searching for node with selector: BySelector [RES='\Qcom.android.permissioncontroller:id/permission_allow_button\E'].
02-18 17:48:25.321 30137 30152 D UiDevice: Searching for node with selector: BySelector [RES='\Qcom.android.permissioncontroller:id/permission_allow_button\E'].
02-18 17:48:25.463 30137 30152 D UiDevice: Searching for node with selector: BySelector [RES='\Qcom.android.permissioncontroller:id/permission_allow_button\E'].
02-18 17:48:25.598 30137 30152 D UiDevice: Searching for node with selector: BySelector [RES='\Qcom.android.permissioncontroller:id/permission_allow_button\E'].
02-18 17:48:25.741 30137 30152 D UiDevice: Searching for node with selector: BySelector [RES='\Qcom.android.permissioncontroller:id/permission_allow_button\E'].
02-18 17:48:25.929 30137 30152 D UiDevice: Searching for node with selector: BySelector [RES='\Qcom.android.permissioncontroller:id/permission_allow_button\E'].
02-18 17:48:26.516 30137 30152 D UiDevice: Searching for node with selector: BySelector [RES='\Qcom.android.permissioncontroller:id/permission_allow_button\E'].
02-18 17:48:26.657 30137 30152 D UiDevice: Searching for node with selector: BySelector [RES='\Qcom.android.permissioncontroller:id/permission_allow_button\E'].
02-18 17:48:26.791 30137 30152 D UiDevice: Searching for node with selector: BySelector [RES='\Qcom.android.permissioncontroller:id/permission_allow_button\E'].
02-18 17:48:26.924 30137 30152 D UiDevice: Searching for node with selector: BySelector [RES='\Qcom.android.permissioncontroller:id/permission_allow_button\E'].
02-18 17:48:27.064 30137 30152 D UiDevice: Searching for node with selector: BySelector [RES='\Qcom.android.permissioncontroller:id/permission_allow_button\E'].
02-18 17:48:27.205 30137 30152 D UiDevice: Searching for node with selector: BySelector [RES='\Qcom.android.permissioncontroller:id/permission_allow_button\E'].
02-18 17:48:27.337 30137 30152 D UiDevice: Searching for node with selector: BySelector [RES='\Qcom.android.permissioncontroller:id/permission_allow_button\E'].
02-18 17:48:27.478 30137 30152 D UiDevice: Searching for node with selector: BySelector [RES='\Qcom.android.permissioncontroller:id/permission_allow_button\E'].
02-18 17:48:27.616 30137 30152 D UiDevice: Searching for node with selector: BySelector [RES='\Qcom.android.permissioncontroller:id/permission_allow_button\E'].
02-18 17:48:27.752 30137 30152 D UiDevice: Searching for node with selector: BySelector [RES='\Qcom.android.permissioncontroller:id/permission_allow_button\E'].
02-18 17:48:27.955 30137 30152 D UiDevice: Searching for node with selector: BySelector [RES='\Qcom.android.permissioncontroller:id/permission_allow_button\E'].
02-18 17:48:28.517 30137 30152 D UiDevice: Searching for node with selector: BySelector [RES='\Qcom.android.permissioncontroller:id/permission_allow_button\E'].
02-18 17:48:28.659 30137 30152 D UiDevice: Searching for node with selector: BySelector [RES='\Qcom.android.permissioncontroller:id/permission_allow_button\E'].
02-18 17:48:28.798 30137 30152 D UiDevice: Searching for node with selector: BySelector [RES='\Qcom.android.permissioncontroller:id/permission_allow_button\E'].
02-18 17:48:28.935 30137 30152 D UiDevice: Searching for node with selector: BySelector [RES='\Qcom.android.permissioncontroller:id/permission_allow_button\E'].
02-18 17:48:29.071 30137 30152 D UiDevice: Searching for node with selector: BySelector [RES='\Qcom.android.permissioncontroller:id/permission_allow_button\E'].
02-18 17:48:29.193 30137 30152 D UiDevice: Searching for node with selector: BySelector [RES='\Qcom.android.permissioncontroller:id/permission_allow_button\E'].
02-18 17:48:29.333 30137 30152 D UiDevice: Searching for node with selector: BySelector [RES='\Qcom.android.permissioncontroller:id/permission_allow_button\E'].
02-18 17:48:29.470 30137 30152 D UiDevice: Searching for node with selector: BySelector [RES='\Qcom.android.permissioncontroller:id/permission_allow_button\E'].
02-18 17:48:29.606 30137 30152 D UiDevice: Searching for node with selector: BySelector [RES='\Qcom.android.permissioncontroller:id/permission_allow_button\E'].
02-18 17:48:29.743 30137 30152 D UiDevice: Searching for node with selector: BySelector [RES='\Qcom.android.permissioncontroller:id/permission_allow_button\E'].
02-18 17:48:29.884 30137 30152 D UiDevice: Searching for node with selector: BySelector [RES='\Qcom.android.permissioncontroller:id/permission_allow_button\E'].
02-18 17:48:30.101 30137 30152 D UiDevice: Searching for node with selector: BySelector [RES='\Qcom.android.permissioncontroller:id/permission_allow_button\E'].
02-18 17:48:30.554 30137 30152 D UiDevice: Executing shell command: am force-stop com.wire.internal
02-18 17:48:30.755 30137 30152 I TeamClient: 17:48:30 INFO [677] (TeamsExte) Accepted 
02-18 17:48:30.756 30137 30152 I AllureFailureScreenshotRule: Taking failure screenshot for givenMember_whenEnablingLoggingAndAppLockAndChangingEmailAndResettingPassword_thenAllSettingsUpdateSuccessfully(com.wire.android.tests.core.criticalFlows.AccountManagement)
02-18 17:48:30.760 30137 30152 D UiDevice: Taking screenshot (scale=1,000000, quality=80) and storing at /data/user/0/com.wire.android.tests.testsCore.test/cache/screenshot5485938484699856540.tmp.
02-18 17:48:30.789 30137 30152 D HWUI    : HWUI - treat SMPTE_170M as sRGB
02-18 17:48:30.795 30137 30942 D HWUI    : CacheManager constructor. deviceInfo=(1080, 1920)
02-18 17:48:30.797 30137 30942 I AdrenoGLES-0: QUALCOMM build                   : 923a446bf8, I23d7d7df15
02-18 17:48:30.797 30137 30942 I AdrenoGLES-0: Build Date                       : 09/05/24
02-18 17:48:30.797 30137 30942 I AdrenoGLES-0: OpenGL ES Shader Compiler Version: EV031.35.01.12
02-18 17:48:30.797 30137 30942 I AdrenoGLES-0: Local Branch                     : 
02-18 17:48:30.797 30137 30942 I AdrenoGLES-0: Remote Branch                    : refs/tags/AU_LINUX_ANDROID_LA.UM.9.14.11.00.00.571.148
02-18 17:48:30.797 30137 30942 I AdrenoGLES-0: Remote Branch                    : NONE
02-18 17:48:30.797 30137 30942 I AdrenoGLES-0: Reconstruct Branch               : NOTHING
02-18 17:48:30.797 30137 30942 I AdrenoGLES-0: Build Config                     : S P 10.0.7 AArch64
02-18 17:48:30.797 30137 30942 I AdrenoGLES-0: Driver Path                      : /vendor/lib64/egl/libGLESv2_adreno.so
02-18 17:48:30.804 30137 30942 I AdrenoGLES-0: PFP: 0x016dc094, ME: 0x00000000
