{"uid":"3fba1caca39bb02d","name":"givenIStartGroupCall_whenParticipantShareMessageFileAndLocation_thenAllVisibleAndCallContinues","fullName":"com.wire.android.tests.core.criticalFlows.GroupCallChat.givenIStartGroupCall_whenParticipantShareMessageFileAndLocation_thenAllVisibleAndCallContinues","historyId":"d7f33fff9e223c9263805597bb605ac7","time":{"start":1771348500180,"stop":1771348682242,"duration":182062},"status":"broken","statusMessage":"Call status 'WAITING' for instance '0db251c7-9a62-4606-9c59-9d25fc909208' has not been changed to '[ACTIVE]' after 90 second(s) timeout","statusTrace":"java.util.concurrent.TimeoutException: Call status 'WAITING' for instance '0db251c7-9a62-4606-9c59-9d25fc909208' has not been changed to '[ACTIVE]' after 90 second(s) timeout\n\tat call.CallingManager.waitForExpectedCallStatuses(CallingManager.kt:269)\n\tat call.CallingManager.access$waitForExpectedCallStatuses(CallingManager.kt:60)\n\tat call.CallingManager$waitForExpectedCallStatuses$1.invokeSuspend(Unknown Source:18)\n\tat kotlin.coroutines.jvm.internal.BaseContinuationImpl.resumeWith(ContinuationImpl.kt:33)\n\tat kotlinx.coroutines.DispatchedTaskKt.resume(DispatchedTask.kt:231)\n\tat kotlinx.coroutines.DispatchedTaskKt.dispatch(DispatchedTask.kt:164)\n\tat kotlinx.coroutines.CancellableContinuationImpl.dispatchResume(CancellableContinuationImpl.kt:466)\n\tat kotlinx.coroutines.CancellableContinuationImpl.resumeImpl(CancellableContinuationImpl.kt:500)\n\tat kotlinx.coroutines.CancellableContinuationImpl.resumeImpl$default(CancellableContinuationImpl.kt:489)\n\tat kotlinx.coroutines.CancellableContinuationImpl.resumeUndispatched(CancellableContinuationImpl.kt:587)\n\tat kotlinx.coroutines.EventLoopImplBase$DelayedResumeTask.run(EventLoop.common.kt:490)\n\tat kotlinx.coroutines.EventLoopImplBase.processNextEvent(EventLoop.common.kt:277)\n\tat kotlinx.coroutines.BlockingCoroutine.joinBlocking(Builders.kt:95)\n\tat kotlinx.coroutines.BuildersKt__BuildersKt.runBlocking(Builders.kt:69)\n\tat kotlinx.coroutines.BuildersKt.runBlocking(Unknown Source:1)\n\tat kotlinx.coroutines.BuildersKt__BuildersKt.runBlocking$default(Builders.kt:48)\n\tat kotlinx.coroutines.BuildersKt.runBlocking$default(Unknown Source:1)\n\tat com.wire.android.tests.core.criticalFlows.GroupCallChat.givenIStartGroupCall_whenParticipantShareMessageFileAndLocation_thenAllVisibleAndCallContinues$lambda$15(GroupCallChat.kt:175)\n\tat com.wire.android.tests.core.criticalFlows.GroupCallChat.$r8$lambda$B5cxbCm-b7AGiKdEZxf957oKrpI(Unknown Source:0)\n\tat com.wire.android.tests.core.criticalFlows.GroupCallChat$$ExternalSyntheticLambda13.invoke(D8$$SyntheticClass:0)\n\tat com.wire.android.tests.core.BaseUiTest.step$lambda$1(BaseUiTest.kt:54)\n\tat com.wire.android.tests.core.BaseUiTest.$r8$lambda$CSKDAIjp6271vtVFMpsHBDVw5qY(Unknown Source:0)\n\tat com.wire.android.tests.core.BaseUiTest$$ExternalSyntheticLambda1.invoke(D8$$SyntheticClass:0)\n\tat io.qameta.allure.kotlin.Allure.step(Allure.kt:60)\n\tat com.wire.android.tests.core.BaseUiTest.step(BaseUiTest.kt:54)\n\tat com.wire.android.tests.core.criticalFlows.GroupCallChat.givenIStartGroupCall_whenParticipantShareMessageFileAndLocation_thenAllVisibleAndCallContinues(GroupCallChat.kt:174)\n\tat java.lang.reflect.Method.invoke(Native Method)\n\tat org.junit.runners.model.FrameworkMethod$1.runReflectiveCall(FrameworkMethod.java:59)\n\tat org.junit.internal.runners.model.ReflectiveCallable.run(ReflectiveCallable.java:12)\n\tat org.junit.runners.model.FrameworkMethod.invokeExplosively(FrameworkMethod.java:56)\n\tat org.junit.internal.runners.statements.InvokeMethod.evaluate(InvokeMethod.java:17)\n\tat androidx.test.internal.runner.junit4.statement.RunBefores.evaluate(RunBefores.java:80)\n\tat androidx.test.internal.runner.junit4.statement.RunAfters.evaluate(RunAfters.java:61)\n\tat com.wire.android.tests.support.suite.AllureFailureScreenshotRule$apply$1.evaluate(AllureFailureScreenshotRule.kt:44)\n\tat com.wire.android.tests.support.suite.AllureLabelsRule$apply$1.evaluate(AllureLabelsRule.kt:70)\n\tat org.junit.rules.TestWatcher$1.evaluate(TestWatcher.java:61)\n\tat com.wire.android.tests.support.suite.AllureLogcatRule$apply$1.evaluate(AllureLogcatRule.kt:41)\n\tat org.junit.runners.ParentRunner$3.evaluate(ParentRunner.java:306)\n\tat org.junit.runners.BlockJUnit4ClassRunner$1.evaluate(BlockJUnit4ClassRunner.java:100)\n\tat org.junit.runners.ParentRunner.runLeaf(ParentRunner.java:366)\n\tat org.junit.runners.BlockJUnit4ClassRunner.runChild(BlockJUnit4ClassRunner.java:103)\n\tat org.junit.runners.BlockJUnit4ClassRunner.runChild(BlockJUnit4ClassRunner.java:63)\n\tat org.junit.runners.ParentRunner$4.run(ParentRunner.java:331)\n\tat org.junit.runners.ParentRunner$1.schedule(ParentRunner.java:79)\n\tat org.junit.runners.ParentRunner.runChildren(ParentRunner.java:329)\n\tat org.junit.runners.ParentRunner.access$100(ParentRunner.java:66)\n\tat org.junit.runners.ParentRunner$2.evaluate(ParentRunner.java:293)\n\tat org.junit.runners.ParentRunner$3.evaluate(ParentRunner.java:306)\n\tat org.junit.runners.ParentRunner.run(ParentRunner.java:413)\n\tat androidx.test.ext.junit.runners.AndroidJUnit4.run(AndroidJUnit4.java:162)\n\tat org.junit.runners.Suite.runChild(Suite.java:128)\n\tat org.junit.runners.Suite.runChild(Suite.java:27)\n\tat org.junit.runners.ParentRunner$4.run(ParentRunner.java:331)\n\tat org.junit.runners.ParentRunner$1.schedule(ParentRunner.java:79)\n\tat org.junit.runners.ParentRunner.runChildren(ParentRunner.java:329)\n\tat org.junit.runners.ParentRunner.access$100(ParentRunner.java:66)\n\tat org.junit.runners.ParentRunner$2.evaluate(ParentRunner.java:293)\n\tat org.junit.runners.ParentRunner$3.evaluate(ParentRunner.java:306)\n\tat org.junit.runners.ParentRunner.run(ParentRunner.java:413)\n\tat org.junit.runner.JUnitCore.run(JUnitCore.java:137)\n\tat org.junit.runner.JUnitCore.run(JUnitCore.java:115)\n\tat androidx.test.internal.runner.TestExecutor.execute(TestExecutor.java:68)\n\tat androidx.test.internal.runner.TestExecutor.execute(TestExecutor.java:59)\n\tat androidx.test.runner.AndroidJUnitRunner.onStart(AndroidJUnitRunner.java:467)\n\tat com.wire.android.tests.support.suite.TaggedTestRunner.onStart(TaggedTestRunner.kt:51)\n\tat android.app.Instrumentation$InstrumentationThread.run(Instrumentation.java:2278)\n","flaky":false,"newFailed":false,"newBroken":false,"newPassed":false,"retriesCount":0,"retriesStatusChange":false,"beforeStages":[],"testStage":{"status":"broken","statusMessage":"Call status 'WAITING' for instance '0db251c7-9a62-4606-9c59-9d25fc909208' has not been changed to '[ACTIVE]' after 90 second(s) timeout","statusTrace":"java.util.concurrent.TimeoutException: Call status 'WAITING' for instance '0db251c7-9a62-4606-9c59-9d25fc909208' has not been changed to '[ACTIVE]' after 90 second(s) timeout\n\tat call.CallingManager.waitForExpectedCallStatuses(CallingManager.kt:269)\n\tat call.CallingManager.access$waitForExpectedCallStatuses(CallingManager.kt:60)\n\tat call.CallingManager$waitForExpectedCallStatuses$1.invokeSuspend(Unknown Source:18)\n\tat kotlin.coroutines.jvm.internal.BaseContinuationImpl.resumeWith(ContinuationImpl.kt:33)\n\tat kotlinx.coroutines.DispatchedTaskKt.resume(DispatchedTask.kt:231)\n\tat kotlinx.coroutines.DispatchedTaskKt.dispatch(DispatchedTask.kt:164)\n\tat kotlinx.coroutines.CancellableContinuationImpl.dispatchResume(CancellableContinuationImpl.kt:466)\n\tat kotlinx.coroutines.CancellableContinuationImpl.resumeImpl(CancellableContinuationImpl.kt:500)\n\tat kotlinx.coroutines.CancellableContinuationImpl.resumeImpl$default(CancellableContinuationImpl.kt:489)\n\tat kotlinx.coroutines.CancellableContinuationImpl.resumeUndispatched(CancellableContinuationImpl.kt:587)\n\tat kotlinx.coroutines.EventLoopImplBase$DelayedResumeTask.run(EventLoop.common.kt:490)\n\tat kotlinx.coroutines.EventLoopImplBase.processNextEvent(EventLoop.common.kt:277)\n\tat kotlinx.coroutines.BlockingCoroutine.joinBlocking(Builders.kt:95)\n\tat kotlinx.coroutines.BuildersKt__BuildersKt.runBlocking(Builders.kt:69)\n\tat kotlinx.coroutines.BuildersKt.runBlocking(Unknown Source:1)\n\tat kotlinx.coroutines.BuildersKt__BuildersKt.runBlocking$default(Builders.kt:48)\n\tat kotlinx.coroutines.BuildersKt.runBlocking$default(Unknown Source:1)\n\tat com.wire.android.tests.core.criticalFlows.GroupCallChat.givenIStartGroupCall_whenParticipantShareMessageFileAndLocation_thenAllVisibleAndCallContinues$lambda$15(GroupCallChat.kt:175)\n\tat com.wire.android.tests.core.criticalFlows.GroupCallChat.$r8$lambda$B5cxbCm-b7AGiKdEZxf957oKrpI(Unknown Source:0)\n\tat com.wire.android.tests.core.criticalFlows.GroupCallChat$$ExternalSyntheticLambda13.invoke(D8$$SyntheticClass:0)\n\tat com.wire.android.tests.core.BaseUiTest.step$lambda$1(BaseUiTest.kt:54)\n\tat com.wire.android.tests.core.BaseUiTest.$r8$lambda$CSKDAIjp6271vtVFMpsHBDVw5qY(Unknown Source:0)\n\tat com.wire.android.tests.core.BaseUiTest$$ExternalSyntheticLambda1.invoke(D8$$SyntheticClass:0)\n\tat io.qameta.allure.kotlin.Allure.step(Allure.kt:60)\n\tat com.wire.android.tests.core.BaseUiTest.step(BaseUiTest.kt:54)\n\tat com.wire.android.tests.core.criticalFlows.GroupCallChat.givenIStartGroupCall_whenParticipantShareMessageFileAndLocation_thenAllVisibleAndCallContinues(GroupCallChat.kt:174)\n\tat java.lang.reflect.Method.invoke(Native Method)\n\tat org.junit.runners.model.FrameworkMethod$1.runReflectiveCall(FrameworkMethod.java:59)\n\tat org.junit.internal.runners.model.ReflectiveCallable.run(ReflectiveCallable.java:12)\n\tat org.junit.runners.model.FrameworkMethod.invokeExplosively(FrameworkMethod.java:56)\n\tat org.junit.internal.runners.statements.InvokeMethod.evaluate(InvokeMethod.java:17)\n\tat androidx.test.internal.runner.junit4.statement.RunBefores.evaluate(RunBefores.java:80)\n\tat androidx.test.internal.runner.junit4.statement.RunAfters.evaluate(RunAfters.java:61)\n\tat com.wire.android.tests.support.suite.AllureFailureScreenshotRule$apply$1.evaluate(AllureFailureScreenshotRule.kt:44)\n\tat com.wire.android.tests.support.suite.AllureLabelsRule$apply$1.evaluate(AllureLabelsRule.kt:70)\n\tat org.junit.rules.TestWatcher$1.evaluate(TestWatcher.java:61)\n\tat com.wire.android.tests.support.suite.AllureLogcatRule$apply$1.evaluate(AllureLogcatRule.kt:41)\n\tat org.junit.runners.ParentRunner$3.evaluate(ParentRunner.java:306)\n\tat org.junit.runners.BlockJUnit4ClassRunner$1.evaluate(BlockJUnit4ClassRunner.java:100)\n\tat org.junit.runners.ParentRunner.runLeaf(ParentRunner.java:366)\n\tat org.junit.runners.BlockJUnit4ClassRunner.runChild(BlockJUnit4ClassRunner.java:103)\n\tat org.junit.runners.BlockJUnit4ClassRunner.runChild(BlockJUnit4ClassRunner.java:63)\n\tat org.junit.runners.ParentRunner$4.run(ParentRunner.java:331)\n\tat org.junit.runners.ParentRunner$1.schedule(ParentRunner.java:79)\n\tat org.junit.runners.ParentRunner.runChildren(ParentRunner.java:329)\n\tat org.junit.runners.ParentRunner.access$100(ParentRunner.java:66)\n\tat org.junit.runners.ParentRunner$2.evaluate(ParentRunner.java:293)\n\tat org.junit.runners.ParentRunner$3.evaluate(ParentRunner.java:306)\n\tat org.junit.runners.ParentRunner.run(ParentRunner.java:413)\n\tat androidx.test.ext.junit.runners.AndroidJUnit4.run(AndroidJUnit4.java:162)\n\tat org.junit.runners.Suite.runChild(Suite.java:128)\n\tat org.junit.runners.Suite.runChild(Suite.java:27)\n\tat org.junit.runners.ParentRunner$4.run(ParentRunner.java:331)\n\tat org.junit.runners.ParentRunner$1.schedule(ParentRunner.java:79)\n\tat org.junit.runners.ParentRunner.runChildren(ParentRunner.java:329)\n\tat org.junit.runners.ParentRunner.access$100(ParentRunner.java:66)\n\tat org.junit.runners.ParentRunner$2.evaluate(ParentRunner.java:293)\n\tat org.junit.runners.ParentRunner$3.evaluate(ParentRunner.java:306)\n\tat org.junit.runners.ParentRunner.run(ParentRunner.java:413)\n\tat org.junit.runner.JUnitCore.run(JUnitCore.java:137)\n\tat org.junit.runner.JUnitCore.run(JUnitCore.java:115)\n\tat androidx.test.internal.runner.TestExecutor.execute(TestExecutor.java:68)\n\tat androidx.test.internal.runner.TestExecutor.execute(TestExecutor.java:59)\n\tat androidx.test.runner.AndroidJUnitRunner.onStart(AndroidJUnitRunner.java:467)\n\tat com.wire.android.tests.support.suite.TaggedTestRunner.onStart(TaggedTestRunner.kt:51)\n\tat android.app.Instrumentation$InstrumentationThread.run(Instrumentation.java:2278)\n","steps":[{"name":"Prepare team via backend (owner + members + conversation)","time":{"start":1771348541793,"stop":1771348555356,"duration":13563},"status":"passed","steps":[],"attachments":[],"parameters":[],"shouldDisplayMessage":false,"stepsCount":0,"attachmentsCount":0,"hasContent":false,"attachmentStep":false},{"name":"Enable conference calling & start browser instances for participants","time":{"start":1771348555356,"stop":1771348567856,"duration":12500},"status":"passed","steps":[],"attachments":[],"parameters":[],"shouldDisplayMessage":false,"stepsCount":0,"attachmentsCount":0,"hasContent":false,"attachmentStep":false},{"name":"Login as team owner in Android app","time":{"start":1771348567857,"stop":1771348589229,"duration":21372},"status":"passed","steps":[],"attachments":[],"parameters":[],"shouldDisplayMessage":false,"stepsCount":0,"attachmentsCount":0,"hasContent":false,"attachmentStep":false},{"name":"Open GroupCallChat conversation","time":{"start":1771348589230,"stop":1771348590312,"duration":1082},"status":"passed","steps":[],"attachments":[],"parameters":[],"shouldDisplayMessage":false,"stepsCount":0,"attachmentsCount":0,"hasContent":false,"attachmentStep":false},{"name":"Prepare participants to auto-accept next incoming call","time":{"start":1771348590312,"stop":1771348590394,"duration":82},"status":"passed","steps":[],"attachments":[],"parameters":[],"shouldDisplayMessage":false,"stepsCount":0,"attachmentsCount":0,"hasContent":false,"attachmentStep":false},{"name":"Start group call from GroupCallChats conversation","time":{"start":1771348590394,"stop":1771348591110,"duration":716},"status":"passed","steps":[],"attachments":[],"parameters":[],"shouldDisplayMessage":false,"stepsCount":0,"attachmentsCount":0,"hasContent":false,"attachmentStep":false},{"name":"Verify group call is active and participants joined","time":{"start":1771348591111,"stop":1771348681263,"duration":90152},"status":"broken","statusMessage":"Call status 'WAITING' for instance '0db251c7-9a62-4606-9c59-9d25fc909208' has not been changed to '[ACTIVE]' after 90 second(s) timeout","statusTrace":"java.util.concurrent.TimeoutException: Call status 'WAITING' for instance '0db251c7-9a62-4606-9c59-9d25fc909208' has not been changed to '[ACTIVE]' after 90 second(s) timeout\n\tat call.CallingManager.waitForExpectedCallStatuses(CallingManager.kt:269)\n\tat call.CallingManager.access$waitForExpectedCallStatuses(CallingManager.kt:60)\n\tat call.CallingManager$waitForExpectedCallStatuses$1.invokeSuspend(Unknown Source:18)\n\tat kotlin.coroutines.jvm.internal.BaseContinuationImpl.resumeWith(ContinuationImpl.kt:33)\n\tat kotlinx.coroutines.DispatchedTaskKt.resume(DispatchedTask.kt:231)\n\tat kotlinx.coroutines.DispatchedTaskKt.dispatch(DispatchedTask.kt:164)\n\tat kotlinx.coroutines.CancellableContinuationImpl.dispatchResume(CancellableContinuationImpl.kt:466)\n\tat kotlinx.coroutines.CancellableContinuationImpl.resumeImpl(CancellableContinuationImpl.kt:500)\n\tat kotlinx.coroutines.CancellableContinuationImpl.resumeImpl$default(CancellableContinuationImpl.kt:489)\n\tat kotlinx.coroutines.CancellableContinuationImpl.resumeUndispatched(CancellableContinuationImpl.kt:587)\n\tat kotlinx.coroutines.EventLoopImplBase$DelayedResumeTask.run(EventLoop.common.kt:490)\n\tat kotlinx.coroutines.EventLoopImplBase.processNextEvent(EventLoop.common.kt:277)\n\tat kotlinx.coroutines.BlockingCoroutine.joinBlocking(Builders.kt:95)\n\tat kotlinx.coroutines.BuildersKt__BuildersKt.runBlocking(Builders.kt:69)\n\tat kotlinx.coroutines.BuildersKt.runBlocking(Unknown Source:1)\n\tat kotlinx.coroutines.BuildersKt__BuildersKt.runBlocking$default(Builders.kt:48)\n\tat kotlinx.coroutines.BuildersKt.runBlocking$default(Unknown Source:1)\n\tat com.wire.android.tests.core.criticalFlows.GroupCallChat.givenIStartGroupCall_whenParticipantShareMessageFileAndLocation_thenAllVisibleAndCallContinues$lambda$15(GroupCallChat.kt:175)\n\tat com.wire.android.tests.core.criticalFlows.GroupCallChat.$r8$lambda$B5cxbCm-b7AGiKdEZxf957oKrpI(Unknown Source:0)\n\tat com.wire.android.tests.core.criticalFlows.GroupCallChat$$ExternalSyntheticLambda13.invoke(D8$$SyntheticClass:0)\n\tat com.wire.android.tests.core.BaseUiTest.step$lambda$1(BaseUiTest.kt:54)\n\tat com.wire.android.tests.core.BaseUiTest.$r8$lambda$CSKDAIjp6271vtVFMpsHBDVw5qY(Unknown Source:0)\n\tat com.wire.android.tests.core.BaseUiTest$$ExternalSyntheticLambda1.invoke(D8$$SyntheticClass:0)\n\tat io.qameta.allure.kotlin.Allure.step(Allure.kt:60)\n\tat com.wire.android.tests.core.BaseUiTest.step(BaseUiTest.kt:54)\n\tat com.wire.android.tests.core.criticalFlows.GroupCallChat.givenIStartGroupCall_whenParticipantShareMessageFileAndLocation_thenAllVisibleAndCallContinues(GroupCallChat.kt:174)\n\tat java.lang.reflect.Method.invoke(Native Method)\n\tat org.junit.runners.model.FrameworkMethod$1.runReflectiveCall(FrameworkMethod.java:59)\n\tat org.junit.internal.runners.model.ReflectiveCallable.run(ReflectiveCallable.java:12)\n\tat org.junit.runners.model.FrameworkMethod.invokeExplosively(FrameworkMethod.java:56)\n\tat org.junit.internal.runners.statements.InvokeMethod.evaluate(InvokeMethod.java:17)\n\tat androidx.test.internal.runner.junit4.statement.RunBefores.evaluate(RunBefores.java:80)\n\tat androidx.test.internal.runner.junit4.statement.RunAfters.evaluate(RunAfters.java:61)\n\tat com.wire.android.tests.support.suite.AllureFailureScreenshotRule$apply$1.evaluate(AllureFailureScreenshotRule.kt:44)\n\tat com.wire.android.tests.support.suite.AllureLabelsRule$apply$1.evaluate(AllureLabelsRule.kt:70)\n\tat org.junit.rules.TestWatcher$1.evaluate(TestWatcher.java:61)\n\tat com.wire.android.tests.support.suite.AllureLogcatRule$apply$1.evaluate(AllureLogcatRule.kt:41)\n\tat org.junit.runners.ParentRunner$3.evaluate(ParentRunner.java:306)\n\tat org.junit.runners.BlockJUnit4ClassRunner$1.evaluate(BlockJUnit4ClassRunner.java:100)\n\tat org.junit.runners.ParentRunner.runLeaf(ParentRunner.java:366)\n\tat org.junit.runners.BlockJUnit4ClassRunner.runChild(BlockJUnit4ClassRunner.java:103)\n\tat org.junit.runners.BlockJUnit4ClassRunner.runChild(BlockJUnit4ClassRunner.java:63)\n\tat org.junit.runners.ParentRunner$4.run(ParentRunner.java:331)\n\tat org.junit.runners.ParentRunner$1.schedule(ParentRunner.java:79)\n\tat org.junit.runners.ParentRunner.runChildren(ParentRunner.java:329)\n\tat org.junit.runners.ParentRunner.access$100(ParentRunner.java:66)\n\tat org.junit.runners.ParentRunner$2.evaluate(ParentRunner.java:293)\n\tat org.junit.runners.ParentRunner$3.evaluate(ParentRunner.java:306)\n\tat org.junit.runners.ParentRunner.run(ParentRunner.java:413)\n\tat androidx.test.ext.junit.runners.AndroidJUnit4.run(AndroidJUnit4.java:162)\n\tat org.junit.runners.Suite.runChild(Suite.java:128)\n\tat org.junit.runners.Suite.runChild(Suite.java:27)\n\tat org.junit.runners.ParentRunner$4.run(ParentRunner.java:331)\n\tat org.junit.runners.ParentRunner$1.schedule(ParentRunner.java:79)\n\tat org.junit.runners.ParentRunner.runChildren(ParentRunner.java:329)\n\tat org.junit.runners.ParentRunner.access$100(ParentRunner.java:66)\n\tat org.junit.runners.ParentRunner$2.evaluate(ParentRunner.java:293)\n\tat org.junit.runners.ParentRunner$3.evaluate(ParentRunner.java:306)\n\tat org.junit.runners.ParentRunner.run(ParentRunner.java:413)\n\tat org.junit.runner.JUnitCore.run(JUnitCore.java:137)\n\tat org.junit.runner.JUnitCore.run(JUnitCore.java:115)\n\tat androidx.test.internal.runner.TestExecutor.execute(TestExecutor.java:68)\n\tat androidx.test.internal.runner.TestExecutor.execute(TestExecutor.java:59)\n\tat androidx.test.runner.AndroidJUnitRunner.onStart(AndroidJUnitRunner.java:467)\n\tat com.wire.android.tests.support.suite.TaggedTestRunner.onStart(TaggedTestRunner.kt:51)\n\tat android.app.Instrumentation$InstrumentationThread.run(Instrumentation.java:2278)\n","steps":[],"attachments":[],"parameters":[],"shouldDisplayMessage":true,"stepsCount":0,"attachmentsCount":0,"hasContent":true,"attachmentStep":false}],"attachments":[{"uid":"d16abada54bb45d7","name":"failure-screenshot","source":"d16abada54bb45d7.png","type":"image/png","size":82983},{"uid":"c50177a2819a1e0d","name":"logcat","source":"c50177a2819a1e0d.txt","type":"text/plain","size":86617}],"parameters":[],"shouldDisplayMessage":false,"stepsCount":7,"attachmentsCount":2,"hasContent":true,"attachmentStep":false},"afterStages":[],"labels":[{"name":"package","value":"com.wire.android.tests.core.criticalFlows"},{"name":"testClass","value":"com.wire.android.tests.core.criticalFlows.GroupCallChat"},{"name":"testMethod","value":"givenIStartGroupCall_whenParticipantShareMessageFileAndLocation_thenAllVisibleAndCallContinues"},{"name":"suite","value":"com.wire.android.tests.core.criticalFlows.GroupCallChat"},{"name":"thread","value":"Instr: com.wire.android.tests.support.suite.TaggedTestRunner(451)"},{"name":"framework","value":"junit4"},{"name":"language","value":"kotlin"},{"name":"tag","value":"TC-8602"},{"name":"tag","value":"criticalFlow"},{"name":"tag","value":"criticalFlow:groupCallChat"},{"name":"device","value":"Pixel 3a - 12 (9BMAY1KFA3)"},{"name":"host","value":"Pixel 3a - 12 (9BMAY1KFA3)"},{"name":"resultFormat","value":"allure2"}],"parameters":[{"name":"device","value":"Pixel 3a - 12 (9BMAY1KFA3)"}],"links":[],"hidden":false,"retry":false,"extra":{"severity":"normal","retries":[],"categories":[{"name":"Test defects","matchedStatuses":[],"flaky":false}],"tags":["criticalFlow","criticalFlow:groupCallChat","TC-8602"]},"source":"3fba1caca39bb02d.json","parameterValues":["Pixel 3a - 12 (9BMAY1KFA3)"]}