{"uid":"20fe442912bd3667","name":"givenUserEnablesAppLock_whenAppIsBackgroundedForOneMinute_thenAppRequiresUnlockOnReturn","fullName":"com.wire.android.tests.core.tests.ApplockTest.givenUserEnablesAppLock_whenAppIsBackgroundedForOneMinute_thenAppRequiresUnlockOnReturn","historyId":"93ac1ae124fa65e2406c3be2fefbc7d3","time":{"start":1771437139493,"stop":1771437167295,"duration":27802},"status":"failed","statusMessage":"Element not found with selector: resourceId='com.android.permissioncontroller:id/permission_allow_button'","statusTrace":"java.lang.AssertionError: Element not found with selector: resourceId='com.android.permissioncontroller:id/permission_allow_button'\n\tat uiautomatorutils.UiWaitUtils.waitElement(UiWaitUtils.kt:94)\n\tat uiautomatorutils.UiWaitUtils.waitElement$default(UiWaitUtils.kt:85)\n\tat com.wire.android.tests.core.pages.RegistrationPage.clickAllowNotificationButton(RegistrationPage.kt:191)\n\tat com.wire.android.tests.core.tests.ApplockTest.givenUserEnablesAppLock_whenAppIsBackgroundedForOneMinute_thenAppRequiresUnlockOnReturn$lambda$3(ApplockTest.kt:114)\n\tat com.wire.android.tests.core.tests.ApplockTest$$ExternalSyntheticLambda3.invoke(D8$$SyntheticClass:0)\n\tat com.wire.android.tests.core.BaseUiTest.step$lambda$0(BaseUiTest.kt:54)\n\tat com.wire.android.tests.core.BaseUiTest$$ExternalSyntheticLambda1.invoke(D8$$SyntheticClass:0)\n\tat io.qameta.allure.kotlin.Allure.step(Allure.kt:60)\n\tat com.wire.android.tests.core.BaseUiTest.step(BaseUiTest.kt:54)\n\tat com.wire.android.tests.core.tests.ApplockTest.givenUserEnablesAppLock_whenAppIsBackgroundedForOneMinute_thenAppRequiresUnlockOnReturn(ApplockTest.kt:111)\n\tat java.lang.reflect.Method.invoke(Native Method)\n\tat org.junit.runners.model.FrameworkMethod$1.runReflectiveCall(FrameworkMethod.java:59)\n\tat org.junit.internal.runners.model.ReflectiveCallable.run(ReflectiveCallable.java:12)\n\tat org.junit.runners.model.FrameworkMethod.invokeExplosively(FrameworkMethod.java:56)\n\tat org.junit.internal.runners.statements.InvokeMethod.evaluate(InvokeMethod.java:17)\n\tat androidx.test.internal.runner.junit4.statement.RunBefores.evaluate(RunBefores.java:80)\n\tat androidx.test.internal.runner.junit4.statement.RunAfters.evaluate(RunAfters.java:61)\n\tat com.wire.android.tests.support.suite.AllureFailureScreenshotRule$apply$1.evaluate(AllureFailureScreenshotRule.kt:44)\n\tat com.wire.android.tests.support.suite.AllureLabelsRule$apply$1.evaluate(AllureLabelsRule.kt:70)\n\tat org.junit.rules.TestWatcher$1.evaluate(TestWatcher.java:61)\n\tat com.wire.android.tests.support.suite.AllureLogcatRule$apply$1.evaluate(AllureLogcatRule.kt:41)\n\tat org.junit.runners.ParentRunner$3.evaluate(ParentRunner.java:306)\n\tat org.junit.runners.BlockJUnit4ClassRunner$1.evaluate(BlockJUnit4ClassRunner.java:100)\n\tat org.junit.runners.ParentRunner.runLeaf(ParentRunner.java:366)\n\tat org.junit.runners.BlockJUnit4ClassRunner.runChild(BlockJUnit4ClassRunner.java:103)\n\tat org.junit.runners.BlockJUnit4ClassRunner.runChild(BlockJUnit4ClassRunner.java:63)\n\tat org.junit.runners.ParentRunner$4.run(ParentRunner.java:331)\n\tat org.junit.runners.ParentRunner$1.schedule(ParentRunner.java:79)\n\tat org.junit.runners.ParentRunner.runChildren(ParentRunner.java:329)\n\tat org.junit.runners.ParentRunner.access$100(ParentRunner.java:66)\n\tat org.junit.runners.ParentRunner$2.evaluate(ParentRunner.java:293)\n\tat org.junit.runners.ParentRunner$3.evaluate(ParentRunner.java:306)\n\tat org.junit.runners.ParentRunner.run(ParentRunner.java:413)\n\tat androidx.test.ext.junit.runners.AndroidJUnit4.run(AndroidJUnit4.java:162)\n\tat org.junit.runners.Suite.runChild(Suite.java:128)\n\tat org.junit.runners.Suite.runChild(Suite.java:27)\n\tat org.junit.runners.ParentRunner$4.run(ParentRunner.java:331)\n\tat org.junit.runners.ParentRunner$1.schedule(ParentRunner.java:79)\n\tat org.junit.runners.ParentRunner.runChildren(ParentRunner.java:329)\n\tat org.junit.runners.ParentRunner.access$100(ParentRunner.java:66)\n\tat org.junit.runners.ParentRunner$2.evaluate(ParentRunner.java:293)\n\tat org.junit.runners.ParentRunner$3.evaluate(ParentRunner.java:306)\n\tat org.junit.runners.ParentRunner.run(ParentRunner.java:413)\n\tat org.junit.runner.JUnitCore.run(JUnitCore.java:137)\n\tat org.junit.runner.JUnitCore.run(JUnitCore.java:115)\n\tat androidx.test.internal.runner.TestExecutor.execute(TestExecutor.java:68)\n\tat androidx.test.internal.runner.TestExecutor.execute(TestExecutor.java:59)\n\tat androidx.test.runner.AndroidJUnitRunner.onStart(AndroidJUnitRunner.java:467)\n\tat com.wire.android.tests.support.suite.TaggedTestRunner.onStart(TaggedTestRunner.kt:51)\n\tat android.app.Instrumentation$InstrumentationThread.run(Instrumentation.java:2607)\n","flaky":false,"newFailed":false,"newBroken":false,"newPassed":false,"retriesCount":0,"retriesStatusChange":false,"beforeStages":[],"testStage":{"status":"failed","statusMessage":"Element not found with selector: resourceId='com.android.permissioncontroller:id/permission_allow_button'","statusTrace":"java.lang.AssertionError: Element not found with selector: resourceId='com.android.permissioncontroller:id/permission_allow_button'\n\tat uiautomatorutils.UiWaitUtils.waitElement(UiWaitUtils.kt:94)\n\tat uiautomatorutils.UiWaitUtils.waitElement$default(UiWaitUtils.kt:85)\n\tat com.wire.android.tests.core.pages.RegistrationPage.clickAllowNotificationButton(RegistrationPage.kt:191)\n\tat com.wire.android.tests.core.tests.ApplockTest.givenUserEnablesAppLock_whenAppIsBackgroundedForOneMinute_thenAppRequiresUnlockOnReturn$lambda$3(ApplockTest.kt:114)\n\tat com.wire.android.tests.core.tests.ApplockTest$$ExternalSyntheticLambda3.invoke(D8$$SyntheticClass:0)\n\tat com.wire.android.tests.core.BaseUiTest.step$lambda$0(BaseUiTest.kt:54)\n\tat com.wire.android.tests.core.BaseUiTest$$ExternalSyntheticLambda1.invoke(D8$$SyntheticClass:0)\n\tat io.qameta.allure.kotlin.Allure.step(Allure.kt:60)\n\tat com.wire.android.tests.core.BaseUiTest.step(BaseUiTest.kt:54)\n\tat com.wire.android.tests.core.tests.ApplockTest.givenUserEnablesAppLock_whenAppIsBackgroundedForOneMinute_thenAppRequiresUnlockOnReturn(ApplockTest.kt:111)\n\tat java.lang.reflect.Method.invoke(Native Method)\n\tat org.junit.runners.model.FrameworkMethod$1.runReflectiveCall(FrameworkMethod.java:59)\n\tat org.junit.internal.runners.model.ReflectiveCallable.run(ReflectiveCallable.java:12)\n\tat org.junit.runners.model.FrameworkMethod.invokeExplosively(FrameworkMethod.java:56)\n\tat org.junit.internal.runners.statements.InvokeMethod.evaluate(InvokeMethod.java:17)\n\tat androidx.test.internal.runner.junit4.statement.RunBefores.evaluate(RunBefores.java:80)\n\tat androidx.test.internal.runner.junit4.statement.RunAfters.evaluate(RunAfters.java:61)\n\tat com.wire.android.tests.support.suite.AllureFailureScreenshotRule$apply$1.evaluate(AllureFailureScreenshotRule.kt:44)\n\tat com.wire.android.tests.support.suite.AllureLabelsRule$apply$1.evaluate(AllureLabelsRule.kt:70)\n\tat org.junit.rules.TestWatcher$1.evaluate(TestWatcher.java:61)\n\tat com.wire.android.tests.support.suite.AllureLogcatRule$apply$1.evaluate(AllureLogcatRule.kt:41)\n\tat org.junit.runners.ParentRunner$3.evaluate(ParentRunner.java:306)\n\tat org.junit.runners.BlockJUnit4ClassRunner$1.evaluate(BlockJUnit4ClassRunner.java:100)\n\tat org.junit.runners.ParentRunner.runLeaf(ParentRunner.java:366)\n\tat org.junit.runners.BlockJUnit4ClassRunner.runChild(BlockJUnit4ClassRunner.java:103)\n\tat org.junit.runners.BlockJUnit4ClassRunner.runChild(BlockJUnit4ClassRunner.java:63)\n\tat org.junit.runners.ParentRunner$4.run(ParentRunner.java:331)\n\tat org.junit.runners.ParentRunner$1.schedule(ParentRunner.java:79)\n\tat org.junit.runners.ParentRunner.runChildren(ParentRunner.java:329)\n\tat org.junit.runners.ParentRunner.access$100(ParentRunner.java:66)\n\tat org.junit.runners.ParentRunner$2.evaluate(ParentRunner.java:293)\n\tat org.junit.runners.ParentRunner$3.evaluate(ParentRunner.java:306)\n\tat org.junit.runners.ParentRunner.run(ParentRunner.java:413)\n\tat androidx.test.ext.junit.runners.AndroidJUnit4.run(AndroidJUnit4.java:162)\n\tat org.junit.runners.Suite.runChild(Suite.java:128)\n\tat org.junit.runners.Suite.runChild(Suite.java:27)\n\tat org.junit.runners.ParentRunner$4.run(ParentRunner.java:331)\n\tat org.junit.runners.ParentRunner$1.schedule(ParentRunner.java:79)\n\tat org.junit.runners.ParentRunner.runChildren(ParentRunner.java:329)\n\tat org.junit.runners.ParentRunner.access$100(ParentRunner.java:66)\n\tat org.junit.runners.ParentRunner$2.evaluate(ParentRunner.java:293)\n\tat org.junit.runners.ParentRunner$3.evaluate(ParentRunner.java:306)\n\tat org.junit.runners.ParentRunner.run(ParentRunner.java:413)\n\tat org.junit.runner.JUnitCore.run(JUnitCore.java:137)\n\tat org.junit.runner.JUnitCore.run(JUnitCore.java:115)\n\tat androidx.test.internal.runner.TestExecutor.execute(TestExecutor.java:68)\n\tat androidx.test.internal.runner.TestExecutor.execute(TestExecutor.java:59)\n\tat androidx.test.runner.AndroidJUnitRunner.onStart(AndroidJUnitRunner.java:467)\n\tat com.wire.android.tests.support.suite.TaggedTestRunner.onStart(TaggedTestRunner.kt:51)\n\tat android.app.Instrumentation$InstrumentationThread.run(Instrumentation.java:2607)\n","steps":[{"name":"Prepare backend team (owner + members)","time":{"start":1771437142252,"stop":1771437145294,"duration":3042},"status":"passed","steps":[],"attachments":[],"parameters":[],"shouldDisplayMessage":false,"stepsCount":0,"attachmentsCount":0,"hasContent":false,"attachmentStep":false},{"name":"Verify email welcome page is shown","time":{"start":1771437145295,"stop":1771437146084,"duration":789},"status":"passed","steps":[],"attachments":[],"parameters":[],"shouldDisplayMessage":false,"stepsCount":0,"attachmentsCount":0,"hasContent":false,"attachmentStep":false},{"name":"Login as personal user in Android app","time":{"start":1771437146085,"stop":1771437153256,"duration":7171},"status":"passed","steps":[],"attachments":[],"parameters":[],"shouldDisplayMessage":false,"stepsCount":0,"attachmentsCount":0,"hasContent":false,"attachmentStep":false},{"name":"Complete registration flow and reach conversation list","time":{"start":1771437153257,"stop":1771437166335,"duration":13078},"status":"failed","statusMessage":"Element not found with selector: resourceId='com.android.permissioncontroller:id/permission_allow_button'","statusTrace":"java.lang.AssertionError: Element not found with selector: resourceId='com.android.permissioncontroller:id/permission_allow_button'\n\tat uiautomatorutils.UiWaitUtils.waitElement(UiWaitUtils.kt:94)\n\tat uiautomatorutils.UiWaitUtils.waitElement$default(UiWaitUtils.kt:85)\n\tat com.wire.android.tests.core.pages.RegistrationPage.clickAllowNotificationButton(RegistrationPage.kt:191)\n\tat com.wire.android.tests.core.tests.ApplockTest.givenUserEnablesAppLock_whenAppIsBackgroundedForOneMinute_thenAppRequiresUnlockOnReturn$lambda$3(ApplockTest.kt:114)\n\tat com.wire.android.tests.core.tests.ApplockTest$$ExternalSyntheticLambda3.invoke(D8$$SyntheticClass:0)\n\tat com.wire.android.tests.core.BaseUiTest.step$lambda$0(BaseUiTest.kt:54)\n\tat com.wire.android.tests.core.BaseUiTest$$ExternalSyntheticLambda1.invoke(D8$$SyntheticClass:0)\n\tat io.qameta.allure.kotlin.Allure.step(Allure.kt:60)\n\tat com.wire.android.tests.core.BaseUiTest.step(BaseUiTest.kt:54)\n\tat com.wire.android.tests.core.tests.ApplockTest.givenUserEnablesAppLock_whenAppIsBackgroundedForOneMinute_thenAppRequiresUnlockOnReturn(ApplockTest.kt:111)\n\tat java.lang.reflect.Method.invoke(Native Method)\n\tat org.junit.runners.model.FrameworkMethod$1.runReflectiveCall(FrameworkMethod.java:59)\n\tat org.junit.internal.runners.model.ReflectiveCallable.run(ReflectiveCallable.java:12)\n\tat org.junit.runners.model.FrameworkMethod.invokeExplosively(FrameworkMethod.java:56)\n\tat org.junit.internal.runners.statements.InvokeMethod.evaluate(InvokeMethod.java:17)\n\tat androidx.test.internal.runner.junit4.statement.RunBefores.evaluate(RunBefores.java:80)\n\tat androidx.test.internal.runner.junit4.statement.RunAfters.evaluate(RunAfters.java:61)\n\tat com.wire.android.tests.support.suite.AllureFailureScreenshotRule$apply$1.evaluate(AllureFailureScreenshotRule.kt:44)\n\tat com.wire.android.tests.support.suite.AllureLabelsRule$apply$1.evaluate(AllureLabelsRule.kt:70)\n\tat org.junit.rules.TestWatcher$1.evaluate(TestWatcher.java:61)\n\tat com.wire.android.tests.support.suite.AllureLogcatRule$apply$1.evaluate(AllureLogcatRule.kt:41)\n\tat org.junit.runners.ParentRunner$3.evaluate(ParentRunner.java:306)\n\tat org.junit.runners.BlockJUnit4ClassRunner$1.evaluate(BlockJUnit4ClassRunner.java:100)\n\tat org.junit.runners.ParentRunner.runLeaf(ParentRunner.java:366)\n\tat org.junit.runners.BlockJUnit4ClassRunner.runChild(BlockJUnit4ClassRunner.java:103)\n\tat org.junit.runners.BlockJUnit4ClassRunner.runChild(BlockJUnit4ClassRunner.java:63)\n\tat org.junit.runners.ParentRunner$4.run(ParentRunner.java:331)\n\tat org.junit.runners.ParentRunner$1.schedule(ParentRunner.java:79)\n\tat org.junit.runners.ParentRunner.runChildren(ParentRunner.java:329)\n\tat org.junit.runners.ParentRunner.access$100(ParentRunner.java:66)\n\tat org.junit.runners.ParentRunner$2.evaluate(ParentRunner.java:293)\n\tat org.junit.runners.ParentRunner$3.evaluate(ParentRunner.java:306)\n\tat org.junit.runners.ParentRunner.run(ParentRunner.java:413)\n\tat androidx.test.ext.junit.runners.AndroidJUnit4.run(AndroidJUnit4.java:162)\n\tat org.junit.runners.Suite.runChild(Suite.java:128)\n\tat org.junit.runners.Suite.runChild(Suite.java:27)\n\tat org.junit.runners.ParentRunner$4.run(ParentRunner.java:331)\n\tat org.junit.runners.ParentRunner$1.schedule(ParentRunner.java:79)\n\tat org.junit.runners.ParentRunner.runChildren(ParentRunner.java:329)\n\tat org.junit.runners.ParentRunner.access$100(ParentRunner.java:66)\n\tat org.junit.runners.ParentRunner$2.evaluate(ParentRunner.java:293)\n\tat org.junit.runners.ParentRunner$3.evaluate(ParentRunner.java:306)\n\tat org.junit.runners.ParentRunner.run(ParentRunner.java:413)\n\tat org.junit.runner.JUnitCore.run(JUnitCore.java:137)\n\tat org.junit.runner.JUnitCore.run(JUnitCore.java:115)\n\tat androidx.test.internal.runner.TestExecutor.execute(TestExecutor.java:68)\n\tat androidx.test.internal.runner.TestExecutor.execute(TestExecutor.java:59)\n\tat androidx.test.runner.AndroidJUnitRunner.onStart(AndroidJUnitRunner.java:467)\n\tat com.wire.android.tests.support.suite.TaggedTestRunner.onStart(TaggedTestRunner.kt:51)\n\tat android.app.Instrumentation$InstrumentationThread.run(Instrumentation.java:2607)\n","steps":[],"attachments":[],"parameters":[],"shouldDisplayMessage":true,"stepsCount":0,"attachmentsCount":0,"hasContent":true,"attachmentStep":false}],"attachments":[{"uid":"b4b9cd958f7c151","name":"failure-screenshot","source":"b4b9cd958f7c151.png","type":"image/png","size":2866799},{"uid":"940aaa4d01840477","name":"logcat","source":"940aaa4d01840477.txt","type":"text/plain","size":28248}],"parameters":[],"shouldDisplayMessage":false,"stepsCount":4,"attachmentsCount":2,"hasContent":true,"attachmentStep":false},"afterStages":[],"labels":[{"name":"package","value":"com.wire.android.tests.core.tests"},{"name":"testClass","value":"com.wire.android.tests.core.tests.ApplockTest"},{"name":"testMethod","value":"givenUserEnablesAppLock_whenAppIsBackgroundedForOneMinute_thenAppRequiresUnlockOnReturn"},{"name":"suite","value":"com.wire.android.tests.core.tests.ApplockTest"},{"name":"thread","value":"Instr: com.wire.android.tests.support.suite.TaggedTestRunner(679)"},{"name":"framework","value":"junit4"},{"name":"language","value":"kotlin"},{"name":"tag","value":"TC-8143"},{"name":"tag","value":"applock"},{"name":"tag","value":"regression"},{"name":"device","value":"SM-G990B - 15 (RFCT70854YJ)"},{"name":"host","value":"SM-G990B - 15 (RFCT70854YJ)"},{"name":"resultFormat","value":"allure2"}],"parameters":[{"name":"device","value":"SM-G990B - 15 (RFCT70854YJ)"}],"links":[],"hidden":false,"retry":false,"extra":{"severity":"normal","retries":[],"categories":[{"name":"Product defects","matchedStatuses":[],"flaky":false}],"tags":["TC-8143","applock","regression"]},"source":"20fe442912bd3667.json","parameterValues":["SM-G990B - 15 (RFCT70854YJ)"]}