{"uid":"57c1ee29e00af33","name":"givenUserWantsToRegister_whenTheyProvideValidDetails_thenAccountIsCreatedSuccessfully","fullName":"com.wire.android.tests.core.tests.PersonalUserRegistrationTest.givenUserWantsToRegister_whenTheyProvideValidDetails_thenAccountIsCreatedSuccessfully","historyId":"f4774ca3f19e3fbf3da62c80bbe7051d","time":{"start":1771925747525,"stop":1771925799874,"duration":52349},"status":"failed","statusMessage":"Element not found with selector: text='Enter your email to start!'","statusTrace":"java.lang.AssertionError: Element not found with selector: text='Enter your email to start!'\n\tat uiautomatorutils.UiWaitUtils.waitElement(UiWaitUtils.kt:94)\n\tat uiautomatorutils.UiWaitUtils.waitElement$default(UiWaitUtils.kt:85)\n\tat com.wire.android.tests.core.pages.RegistrationPage.assertEmailWelcomePage(RegistrationPage.kt:66)\n\tat com.wire.android.tests.core.tests.PersonalUserRegistrationTest.givenUserWantsToRegister_whenTheyProvideValidDetails_thenAccountIsCreatedSuccessfully$lambda$1(PersonalUserRegistrationTest.kt:75)\n\tat com.wire.android.tests.core.tests.PersonalUserRegistrationTest$$ExternalSyntheticLambda1.invoke(D8$$SyntheticClass:0)\n\tat com.wire.android.tests.core.BaseUiTest.step$lambda$0(BaseUiTest.kt:54)\n\tat com.wire.android.tests.core.BaseUiTest$$ExternalSyntheticLambda1.invoke(D8$$SyntheticClass:0)\n\tat io.qameta.allure.kotlin.Allure.step(Allure.kt:60)\n\tat com.wire.android.tests.core.BaseUiTest.step(BaseUiTest.kt:54)\n\tat com.wire.android.tests.core.tests.PersonalUserRegistrationTest.givenUserWantsToRegister_whenTheyProvideValidDetails_thenAccountIsCreatedSuccessfully(PersonalUserRegistrationTest.kt:73)\n\tat java.lang.reflect.Method.invoke(Native Method)\n\tat org.junit.runners.model.FrameworkMethod$1.runReflectiveCall(FrameworkMethod.java:59)\n\tat org.junit.internal.runners.model.ReflectiveCallable.run(ReflectiveCallable.java:12)\n\tat org.junit.runners.model.FrameworkMethod.invokeExplosively(FrameworkMethod.java:56)\n\tat org.junit.internal.runners.statements.InvokeMethod.evaluate(InvokeMethod.java:17)\n\tat androidx.test.internal.runner.junit4.statement.RunBefores.evaluate(RunBefores.java:80)\n\tat androidx.test.internal.runner.junit4.statement.RunAfters.evaluate(RunAfters.java:61)\n\tat com.wire.android.tests.support.suite.AllureFailureScreenshotRule$apply$1.evaluate(AllureFailureScreenshotRule.kt:44)\n\tat com.wire.android.tests.support.suite.AllureLabelsRule$apply$1.evaluate(AllureLabelsRule.kt:70)\n\tat org.junit.rules.TestWatcher$1.evaluate(TestWatcher.java:61)\n\tat com.wire.android.tests.support.suite.AllureLogcatRule$apply$1.evaluate(AllureLogcatRule.kt:41)\n\tat org.junit.runners.ParentRunner$3.evaluate(ParentRunner.java:306)\n\tat org.junit.runners.BlockJUnit4ClassRunner$1.evaluate(BlockJUnit4ClassRunner.java:100)\n\tat org.junit.runners.ParentRunner.runLeaf(ParentRunner.java:366)\n\tat org.junit.runners.BlockJUnit4ClassRunner.runChild(BlockJUnit4ClassRunner.java:103)\n\tat org.junit.runners.BlockJUnit4ClassRunner.runChild(BlockJUnit4ClassRunner.java:63)\n\tat org.junit.runners.ParentRunner$4.run(ParentRunner.java:331)\n\tat org.junit.runners.ParentRunner$1.schedule(ParentRunner.java:79)\n\tat org.junit.runners.ParentRunner.runChildren(ParentRunner.java:329)\n\tat org.junit.runners.ParentRunner.access$100(ParentRunner.java:66)\n\tat org.junit.runners.ParentRunner$2.evaluate(ParentRunner.java:293)\n\tat org.junit.runners.ParentRunner$3.evaluate(ParentRunner.java:306)\n\tat org.junit.runners.ParentRunner.run(ParentRunner.java:413)\n\tat androidx.test.ext.junit.runners.AndroidJUnit4.run(AndroidJUnit4.java:162)\n\tat org.junit.runners.Suite.runChild(Suite.java:128)\n\tat org.junit.runners.Suite.runChild(Suite.java:27)\n\tat org.junit.runners.ParentRunner$4.run(ParentRunner.java:331)\n\tat org.junit.runners.ParentRunner$1.schedule(ParentRunner.java:79)\n\tat org.junit.runners.ParentRunner.runChildren(ParentRunner.java:329)\n\tat org.junit.runners.ParentRunner.access$100(ParentRunner.java:66)\n\tat org.junit.runners.ParentRunner$2.evaluate(ParentRunner.java:293)\n\tat org.junit.runners.ParentRunner$3.evaluate(ParentRunner.java:306)\n\tat org.junit.runners.ParentRunner.run(ParentRunner.java:413)\n\tat org.junit.runner.JUnitCore.run(JUnitCore.java:137)\n\tat org.junit.runner.JUnitCore.run(JUnitCore.java:115)\n\tat androidx.test.internal.runner.TestExecutor.execute(TestExecutor.java:68)\n\tat androidx.test.internal.runner.TestExecutor.execute(TestExecutor.java:59)\n\tat androidx.test.runner.AndroidJUnitRunner.onStart(AndroidJUnitRunner.java:467)\n\tat com.wire.android.tests.support.suite.TaggedTestRunner.onStart(TaggedTestRunner.kt:51)\n\tat android.app.Instrumentation$InstrumentationThread.run(Instrumentation.java:2278)\n","flaky":false,"newFailed":false,"newBroken":false,"newPassed":false,"retriesCount":0,"retriesStatusChange":false,"beforeStages":[],"testStage":{"status":"failed","statusMessage":"Element not found with selector: text='Enter your email to start!'","statusTrace":"java.lang.AssertionError: Element not found with selector: text='Enter your email to start!'\n\tat uiautomatorutils.UiWaitUtils.waitElement(UiWaitUtils.kt:94)\n\tat uiautomatorutils.UiWaitUtils.waitElement$default(UiWaitUtils.kt:85)\n\tat com.wire.android.tests.core.pages.RegistrationPage.assertEmailWelcomePage(RegistrationPage.kt:66)\n\tat com.wire.android.tests.core.tests.PersonalUserRegistrationTest.givenUserWantsToRegister_whenTheyProvideValidDetails_thenAccountIsCreatedSuccessfully$lambda$1(PersonalUserRegistrationTest.kt:75)\n\tat com.wire.android.tests.core.tests.PersonalUserRegistrationTest$$ExternalSyntheticLambda1.invoke(D8$$SyntheticClass:0)\n\tat com.wire.android.tests.core.BaseUiTest.step$lambda$0(BaseUiTest.kt:54)\n\tat com.wire.android.tests.core.BaseUiTest$$ExternalSyntheticLambda1.invoke(D8$$SyntheticClass:0)\n\tat io.qameta.allure.kotlin.Allure.step(Allure.kt:60)\n\tat com.wire.android.tests.core.BaseUiTest.step(BaseUiTest.kt:54)\n\tat com.wire.android.tests.core.tests.PersonalUserRegistrationTest.givenUserWantsToRegister_whenTheyProvideValidDetails_thenAccountIsCreatedSuccessfully(PersonalUserRegistrationTest.kt:73)\n\tat java.lang.reflect.Method.invoke(Native Method)\n\tat org.junit.runners.model.FrameworkMethod$1.runReflectiveCall(FrameworkMethod.java:59)\n\tat org.junit.internal.runners.model.ReflectiveCallable.run(ReflectiveCallable.java:12)\n\tat org.junit.runners.model.FrameworkMethod.invokeExplosively(FrameworkMethod.java:56)\n\tat org.junit.internal.runners.statements.InvokeMethod.evaluate(InvokeMethod.java:17)\n\tat androidx.test.internal.runner.junit4.statement.RunBefores.evaluate(RunBefores.java:80)\n\tat androidx.test.internal.runner.junit4.statement.RunAfters.evaluate(RunAfters.java:61)\n\tat com.wire.android.tests.support.suite.AllureFailureScreenshotRule$apply$1.evaluate(AllureFailureScreenshotRule.kt:44)\n\tat com.wire.android.tests.support.suite.AllureLabelsRule$apply$1.evaluate(AllureLabelsRule.kt:70)\n\tat org.junit.rules.TestWatcher$1.evaluate(TestWatcher.java:61)\n\tat com.wire.android.tests.support.suite.AllureLogcatRule$apply$1.evaluate(AllureLogcatRule.kt:41)\n\tat org.junit.runners.ParentRunner$3.evaluate(ParentRunner.java:306)\n\tat org.junit.runners.BlockJUnit4ClassRunner$1.evaluate(BlockJUnit4ClassRunner.java:100)\n\tat org.junit.runners.ParentRunner.runLeaf(ParentRunner.java:366)\n\tat org.junit.runners.BlockJUnit4ClassRunner.runChild(BlockJUnit4ClassRunner.java:103)\n\tat org.junit.runners.BlockJUnit4ClassRunner.runChild(BlockJUnit4ClassRunner.java:63)\n\tat org.junit.runners.ParentRunner$4.run(ParentRunner.java:331)\n\tat org.junit.runners.ParentRunner$1.schedule(ParentRunner.java:79)\n\tat org.junit.runners.ParentRunner.runChildren(ParentRunner.java:329)\n\tat org.junit.runners.ParentRunner.access$100(ParentRunner.java:66)\n\tat org.junit.runners.ParentRunner$2.evaluate(ParentRunner.java:293)\n\tat org.junit.runners.ParentRunner$3.evaluate(ParentRunner.java:306)\n\tat org.junit.runners.ParentRunner.run(ParentRunner.java:413)\n\tat androidx.test.ext.junit.runners.AndroidJUnit4.run(AndroidJUnit4.java:162)\n\tat org.junit.runners.Suite.runChild(Suite.java:128)\n\tat org.junit.runners.Suite.runChild(Suite.java:27)\n\tat org.junit.runners.ParentRunner$4.run(ParentRunner.java:331)\n\tat org.junit.runners.ParentRunner$1.schedule(ParentRunner.java:79)\n\tat org.junit.runners.ParentRunner.runChildren(ParentRunner.java:329)\n\tat org.junit.runners.ParentRunner.access$100(ParentRunner.java:66)\n\tat org.junit.runners.ParentRunner$2.evaluate(ParentRunner.java:293)\n\tat org.junit.runners.ParentRunner$3.evaluate(ParentRunner.java:306)\n\tat org.junit.runners.ParentRunner.run(ParentRunner.java:413)\n\tat org.junit.runner.JUnitCore.run(JUnitCore.java:137)\n\tat org.junit.runner.JUnitCore.run(JUnitCore.java:115)\n\tat androidx.test.internal.runner.TestExecutor.execute(TestExecutor.java:68)\n\tat androidx.test.internal.runner.TestExecutor.execute(TestExecutor.java:59)\n\tat androidx.test.runner.AndroidJUnitRunner.onStart(AndroidJUnitRunner.java:467)\n\tat com.wire.android.tests.support.suite.TaggedTestRunner.onStart(TaggedTestRunner.kt:51)\n\tat android.app.Instrumentation$InstrumentationThread.run(Instrumentation.java:2278)\n","steps":[{"name":"Generate unique user data for registration","time":{"start":1771925789207,"stop":1771925789207,"duration":0},"status":"passed","steps":[],"attachments":[],"parameters":[],"shouldDisplayMessage":false,"stepsCount":0,"attachmentsCount":0,"hasContent":false,"attachmentStep":false},{"name":"Open registration welcome screen","time":{"start":1771925789207,"stop":1771925799330,"duration":10123},"status":"failed","statusMessage":"Element not found with selector: text='Enter your email to start!'","statusTrace":"java.lang.AssertionError: Element not found with selector: text='Enter your email to start!'\n\tat uiautomatorutils.UiWaitUtils.waitElement(UiWaitUtils.kt:94)\n\tat uiautomatorutils.UiWaitUtils.waitElement$default(UiWaitUtils.kt:85)\n\tat com.wire.android.tests.core.pages.RegistrationPage.assertEmailWelcomePage(RegistrationPage.kt:66)\n\tat com.wire.android.tests.core.tests.PersonalUserRegistrationTest.givenUserWantsToRegister_whenTheyProvideValidDetails_thenAccountIsCreatedSuccessfully$lambda$1(PersonalUserRegistrationTest.kt:75)\n\tat com.wire.android.tests.core.tests.PersonalUserRegistrationTest$$ExternalSyntheticLambda1.invoke(D8$$SyntheticClass:0)\n\tat com.wire.android.tests.core.BaseUiTest.step$lambda$0(BaseUiTest.kt:54)\n\tat com.wire.android.tests.core.BaseUiTest$$ExternalSyntheticLambda1.invoke(D8$$SyntheticClass:0)\n\tat io.qameta.allure.kotlin.Allure.step(Allure.kt:60)\n\tat com.wire.android.tests.core.BaseUiTest.step(BaseUiTest.kt:54)\n\tat com.wire.android.tests.core.tests.PersonalUserRegistrationTest.givenUserWantsToRegister_whenTheyProvideValidDetails_thenAccountIsCreatedSuccessfully(PersonalUserRegistrationTest.kt:73)\n\tat java.lang.reflect.Method.invoke(Native Method)\n\tat org.junit.runners.model.FrameworkMethod$1.runReflectiveCall(FrameworkMethod.java:59)\n\tat org.junit.internal.runners.model.ReflectiveCallable.run(ReflectiveCallable.java:12)\n\tat org.junit.runners.model.FrameworkMethod.invokeExplosively(FrameworkMethod.java:56)\n\tat org.junit.internal.runners.statements.InvokeMethod.evaluate(InvokeMethod.java:17)\n\tat androidx.test.internal.runner.junit4.statement.RunBefores.evaluate(RunBefores.java:80)\n\tat androidx.test.internal.runner.junit4.statement.RunAfters.evaluate(RunAfters.java:61)\n\tat com.wire.android.tests.support.suite.AllureFailureScreenshotRule$apply$1.evaluate(AllureFailureScreenshotRule.kt:44)\n\tat com.wire.android.tests.support.suite.AllureLabelsRule$apply$1.evaluate(AllureLabelsRule.kt:70)\n\tat org.junit.rules.TestWatcher$1.evaluate(TestWatcher.java:61)\n\tat com.wire.android.tests.support.suite.AllureLogcatRule$apply$1.evaluate(AllureLogcatRule.kt:41)\n\tat org.junit.runners.ParentRunner$3.evaluate(ParentRunner.java:306)\n\tat org.junit.runners.BlockJUnit4ClassRunner$1.evaluate(BlockJUnit4ClassRunner.java:100)\n\tat org.junit.runners.ParentRunner.runLeaf(ParentRunner.java:366)\n\tat org.junit.runners.BlockJUnit4ClassRunner.runChild(BlockJUnit4ClassRunner.java:103)\n\tat org.junit.runners.BlockJUnit4ClassRunner.runChild(BlockJUnit4ClassRunner.java:63)\n\tat org.junit.runners.ParentRunner$4.run(ParentRunner.java:331)\n\tat org.junit.runners.ParentRunner$1.schedule(ParentRunner.java:79)\n\tat org.junit.runners.ParentRunner.runChildren(ParentRunner.java:329)\n\tat org.junit.runners.ParentRunner.access$100(ParentRunner.java:66)\n\tat org.junit.runners.ParentRunner$2.evaluate(ParentRunner.java:293)\n\tat org.junit.runners.ParentRunner$3.evaluate(ParentRunner.java:306)\n\tat org.junit.runners.ParentRunner.run(ParentRunner.java:413)\n\tat androidx.test.ext.junit.runners.AndroidJUnit4.run(AndroidJUnit4.java:162)\n\tat org.junit.runners.Suite.runChild(Suite.java:128)\n\tat org.junit.runners.Suite.runChild(Suite.java:27)\n\tat org.junit.runners.ParentRunner$4.run(ParentRunner.java:331)\n\tat org.junit.runners.ParentRunner$1.schedule(ParentRunner.java:79)\n\tat org.junit.runners.ParentRunner.runChildren(ParentRunner.java:329)\n\tat org.junit.runners.ParentRunner.access$100(ParentRunner.java:66)\n\tat org.junit.runners.ParentRunner$2.evaluate(ParentRunner.java:293)\n\tat org.junit.runners.ParentRunner$3.evaluate(ParentRunner.java:306)\n\tat org.junit.runners.ParentRunner.run(ParentRunner.java:413)\n\tat org.junit.runner.JUnitCore.run(JUnitCore.java:137)\n\tat org.junit.runner.JUnitCore.run(JUnitCore.java:115)\n\tat androidx.test.internal.runner.TestExecutor.execute(TestExecutor.java:68)\n\tat androidx.test.internal.runner.TestExecutor.execute(TestExecutor.java:59)\n\tat androidx.test.runner.AndroidJUnitRunner.onStart(AndroidJUnitRunner.java:467)\n\tat com.wire.android.tests.support.suite.TaggedTestRunner.onStart(TaggedTestRunner.kt:51)\n\tat android.app.Instrumentation$InstrumentationThread.run(Instrumentation.java:2278)\n","steps":[],"attachments":[],"parameters":[],"shouldDisplayMessage":true,"stepsCount":0,"attachmentsCount":0,"hasContent":true,"attachmentStep":false}],"attachments":[{"uid":"806a3d7e37342a81","name":"failure-screenshot","source":"806a3d7e37342a81.png","type":"image/png","size":7092},{"uid":"11a1e242f2b2be2b","name":"logcat","source":"11a1e242f2b2be2b.txt","type":"text/plain","size":51821}],"parameters":[],"shouldDisplayMessage":false,"stepsCount":2,"attachmentsCount":2,"hasContent":true,"attachmentStep":false},"afterStages":[],"labels":[{"name":"package","value":"com.wire.android.tests.core.tests"},{"name":"testClass","value":"com.wire.android.tests.core.tests.PersonalUserRegistrationTest"},{"name":"testMethod","value":"givenUserWantsToRegister_whenTheyProvideValidDetails_thenAccountIsCreatedSuccessfully"},{"name":"suite","value":"com.wire.android.tests.core.tests.PersonalUserRegistrationTest"},{"name":"thread","value":"Instr: com.wire.android.tests.support.suite.TaggedTestRunner(646)"},{"name":"framework","value":"junit4"},{"name":"language","value":"kotlin"},{"name":"tag","value":"TC-8694"},{"name":"tag","value":"regression"},{"name":"tag","value":"RC"},{"name":"tag","value":"registration"},{"name":"device","value":"Pixel 3a - 12 (9BMAY1KFA3)"},{"name":"host","value":"Pixel 3a - 12 (9BMAY1KFA3)"},{"name":"resultFormat","value":"allure2"}],"parameters":[{"name":"device","value":"Pixel 3a - 12 (9BMAY1KFA3)"}],"links":[],"hidden":false,"retry":false,"extra":{"severity":"normal","retries":[],"categories":[{"name":"Product defects","matchedStatuses":[],"flaky":false}],"tags":["RC","TC-8694","regression","registration"]},"source":"57c1ee29e00af33.json","parameterValues":["Pixel 3a - 12 (9BMAY1KFA3)"]}