{"uid":"5141845f02f19516","name":"givenTeamUserAcceptsAnonymousDataSharing_whenConsentIsGiven_thenAnalyticsIdentifierIsVisibleInDebugSettings","fullName":"com.wire.android.tests.core.tests.GdprTest.givenTeamUserAcceptsAnonymousDataSharing_whenConsentIsGiven_thenAnalyticsIdentifierIsVisibleInDebugSettings","historyId":"3a8248983b4583c92d4ab8715e4d95ba","time":{"start":1771232474121,"stop":1771232517290,"duration":43169},"status":"broken","statusMessage":"UiSelector[CLASS=android.view.View, CHILD=UiSelector[TEXT=Analytics Tracking Identifier, PARENT=UiSelector[CLASS=android.widget.TextView, INSTANCE=1]]]","statusTrace":"androidx.test.uiautomator.UiObjectNotFoundException: UiSelector[CLASS=android.view.View, CHILD=UiSelector[TEXT=Analytics Tracking Identifier, PARENT=UiSelector[CLASS=android.widget.TextView, INSTANCE=1]]]\n\tat androidx.test.uiautomator.UiObject.getText(UiObject.java:518)\n\tat com.wire.android.tests.core.pages.SettingsPage.assertAnalyticsTrackingIdentifierIsDispayed(SettingsPage.kt:201)\n\tat com.wire.android.tests.core.tests.GdprTest.givenTeamUserAcceptsAnonymousDataSharing_whenConsentIsGiven_thenAnalyticsIdentifierIsVisibleInDebugSettings$lambda$13(GdprTest.kt:117)\n\tat com.wire.android.tests.core.tests.GdprTest.$r8$lambda$WHWaWv6cWlrIdr_cOULaHrDRrE8(Unknown Source:0)\n\tat com.wire.android.tests.core.tests.GdprTest$$ExternalSyntheticLambda6.invoke(D8$$SyntheticClass:0)\n\tat com.wire.android.tests.core.BaseUiTest.step$lambda$1(BaseUiTest.kt:54)\n\tat com.wire.android.tests.core.BaseUiTest.$r8$lambda$CSKDAIjp6271vtVFMpsHBDVw5qY(Unknown Source:0)\n\tat com.wire.android.tests.core.BaseUiTest$$ExternalSyntheticLambda1.invoke(D8$$SyntheticClass:0)\n\tat io.qameta.allure.kotlin.Allure.step(Allure.kt:60)\n\tat com.wire.android.tests.core.BaseUiTest.step(BaseUiTest.kt:54)\n\tat com.wire.android.tests.core.tests.GdprTest.givenTeamUserAcceptsAnonymousDataSharing_whenConsentIsGiven_thenAnalyticsIdentifierIsVisibleInDebugSettings(GdprTest.kt:113)\n\tat java.lang.reflect.Method.invoke(Native Method)\n\tat org.junit.runners.model.FrameworkMethod$1.runReflectiveCall(FrameworkMethod.java:59)\n\tat org.junit.internal.runners.model.ReflectiveCallable.run(ReflectiveCallable.java:12)\n\tat org.junit.runners.model.FrameworkMethod.invokeExplosively(FrameworkMethod.java:56)\n\tat org.junit.internal.runners.statements.InvokeMethod.evaluate(InvokeMethod.java:17)\n\tat androidx.test.internal.runner.junit4.statement.RunBefores.evaluate(RunBefores.java:80)\n\tat androidx.test.internal.runner.junit4.statement.RunAfters.evaluate(RunAfters.java:61)\n\tat com.wire.android.tests.support.suite.AllureFailureScreenshotRule$apply$1.evaluate(AllureFailureScreenshotRule.kt:44)\n\tat com.wire.android.tests.support.suite.AllureLabelsRule$apply$1.evaluate(AllureLabelsRule.kt:70)\n\tat org.junit.rules.TestWatcher$1.evaluate(TestWatcher.java:61)\n\tat com.wire.android.tests.support.suite.AllureLogcatRule$apply$1.evaluate(AllureLogcatRule.kt:41)\n\tat org.junit.runners.ParentRunner$3.evaluate(ParentRunner.java:306)\n\tat org.junit.runners.BlockJUnit4ClassRunner$1.evaluate(BlockJUnit4ClassRunner.java:100)\n\tat org.junit.runners.ParentRunner.runLeaf(ParentRunner.java:366)\n\tat org.junit.runners.BlockJUnit4ClassRunner.runChild(BlockJUnit4ClassRunner.java:103)\n\tat org.junit.runners.BlockJUnit4ClassRunner.runChild(BlockJUnit4ClassRunner.java:63)\n\tat org.junit.runners.ParentRunner$4.run(ParentRunner.java:331)\n\tat org.junit.runners.ParentRunner$1.schedule(ParentRunner.java:79)\n\tat org.junit.runners.ParentRunner.runChildren(ParentRunner.java:329)\n\tat org.junit.runners.ParentRunner.access$100(ParentRunner.java:66)\n\tat org.junit.runners.ParentRunner$2.evaluate(ParentRunner.java:293)\n\tat org.junit.runners.ParentRunner$3.evaluate(ParentRunner.java:306)\n\tat org.junit.runners.ParentRunner.run(ParentRunner.java:413)\n\tat androidx.test.ext.junit.runners.AndroidJUnit4.run(AndroidJUnit4.java:162)\n\tat org.junit.runners.Suite.runChild(Suite.java:128)\n\tat org.junit.runners.Suite.runChild(Suite.java:27)\n\tat org.junit.runners.ParentRunner$4.run(ParentRunner.java:331)\n\tat org.junit.runners.ParentRunner$1.schedule(ParentRunner.java:79)\n\tat org.junit.runners.ParentRunner.runChildren(ParentRunner.java:329)\n\tat org.junit.runners.ParentRunner.access$100(ParentRunner.java:66)\n\tat org.junit.runners.ParentRunner$2.evaluate(ParentRunner.java:293)\n\tat org.junit.runners.ParentRunner$3.evaluate(ParentRunner.java:306)\n\tat org.junit.runners.ParentRunner.run(ParentRunner.java:413)\n\tat org.junit.runner.JUnitCore.run(JUnitCore.java:137)\n\tat org.junit.runner.JUnitCore.run(JUnitCore.java:115)\n\tat androidx.test.internal.runner.TestExecutor.execute(TestExecutor.java:68)\n\tat androidx.test.internal.runner.TestExecutor.execute(TestExecutor.java:59)\n\tat androidx.test.runner.AndroidJUnitRunner.onStart(AndroidJUnitRunner.java:467)\n\tat com.wire.android.tests.support.suite.TaggedTestRunner.onStart(TaggedTestRunner.kt:51)\n\tat android.app.Instrumentation$InstrumentationThread.run(Instrumentation.java:2607)\n","flaky":false,"newFailed":false,"newBroken":false,"newPassed":false,"retriesCount":0,"retriesStatusChange":false,"beforeStages":[],"testStage":{"status":"broken","statusMessage":"UiSelector[CLASS=android.view.View, CHILD=UiSelector[TEXT=Analytics Tracking Identifier, PARENT=UiSelector[CLASS=android.widget.TextView, INSTANCE=1]]]","statusTrace":"androidx.test.uiautomator.UiObjectNotFoundException: UiSelector[CLASS=android.view.View, CHILD=UiSelector[TEXT=Analytics Tracking Identifier, PARENT=UiSelector[CLASS=android.widget.TextView, INSTANCE=1]]]\n\tat androidx.test.uiautomator.UiObject.getText(UiObject.java:518)\n\tat com.wire.android.tests.core.pages.SettingsPage.assertAnalyticsTrackingIdentifierIsDispayed(SettingsPage.kt:201)\n\tat com.wire.android.tests.core.tests.GdprTest.givenTeamUserAcceptsAnonymousDataSharing_whenConsentIsGiven_thenAnalyticsIdentifierIsVisibleInDebugSettings$lambda$13(GdprTest.kt:117)\n\tat com.wire.android.tests.core.tests.GdprTest.$r8$lambda$WHWaWv6cWlrIdr_cOULaHrDRrE8(Unknown Source:0)\n\tat com.wire.android.tests.core.tests.GdprTest$$ExternalSyntheticLambda6.invoke(D8$$SyntheticClass:0)\n\tat com.wire.android.tests.core.BaseUiTest.step$lambda$1(BaseUiTest.kt:54)\n\tat com.wire.android.tests.core.BaseUiTest.$r8$lambda$CSKDAIjp6271vtVFMpsHBDVw5qY(Unknown Source:0)\n\tat com.wire.android.tests.core.BaseUiTest$$ExternalSyntheticLambda1.invoke(D8$$SyntheticClass:0)\n\tat io.qameta.allure.kotlin.Allure.step(Allure.kt:60)\n\tat com.wire.android.tests.core.BaseUiTest.step(BaseUiTest.kt:54)\n\tat com.wire.android.tests.core.tests.GdprTest.givenTeamUserAcceptsAnonymousDataSharing_whenConsentIsGiven_thenAnalyticsIdentifierIsVisibleInDebugSettings(GdprTest.kt:113)\n\tat java.lang.reflect.Method.invoke(Native Method)\n\tat org.junit.runners.model.FrameworkMethod$1.runReflectiveCall(FrameworkMethod.java:59)\n\tat org.junit.internal.runners.model.ReflectiveCallable.run(ReflectiveCallable.java:12)\n\tat org.junit.runners.model.FrameworkMethod.invokeExplosively(FrameworkMethod.java:56)\n\tat org.junit.internal.runners.statements.InvokeMethod.evaluate(InvokeMethod.java:17)\n\tat androidx.test.internal.runner.junit4.statement.RunBefores.evaluate(RunBefores.java:80)\n\tat androidx.test.internal.runner.junit4.statement.RunAfters.evaluate(RunAfters.java:61)\n\tat com.wire.android.tests.support.suite.AllureFailureScreenshotRule$apply$1.evaluate(AllureFailureScreenshotRule.kt:44)\n\tat com.wire.android.tests.support.suite.AllureLabelsRule$apply$1.evaluate(AllureLabelsRule.kt:70)\n\tat org.junit.rules.TestWatcher$1.evaluate(TestWatcher.java:61)\n\tat com.wire.android.tests.support.suite.AllureLogcatRule$apply$1.evaluate(AllureLogcatRule.kt:41)\n\tat org.junit.runners.ParentRunner$3.evaluate(ParentRunner.java:306)\n\tat org.junit.runners.BlockJUnit4ClassRunner$1.evaluate(BlockJUnit4ClassRunner.java:100)\n\tat org.junit.runners.ParentRunner.runLeaf(ParentRunner.java:366)\n\tat org.junit.runners.BlockJUnit4ClassRunner.runChild(BlockJUnit4ClassRunner.java:103)\n\tat org.junit.runners.BlockJUnit4ClassRunner.runChild(BlockJUnit4ClassRunner.java:63)\n\tat org.junit.runners.ParentRunner$4.run(ParentRunner.java:331)\n\tat org.junit.runners.ParentRunner$1.schedule(ParentRunner.java:79)\n\tat org.junit.runners.ParentRunner.runChildren(ParentRunner.java:329)\n\tat org.junit.runners.ParentRunner.access$100(ParentRunner.java:66)\n\tat org.junit.runners.ParentRunner$2.evaluate(ParentRunner.java:293)\n\tat org.junit.runners.ParentRunner$3.evaluate(ParentRunner.java:306)\n\tat org.junit.runners.ParentRunner.run(ParentRunner.java:413)\n\tat androidx.test.ext.junit.runners.AndroidJUnit4.run(AndroidJUnit4.java:162)\n\tat org.junit.runners.Suite.runChild(Suite.java:128)\n\tat org.junit.runners.Suite.runChild(Suite.java:27)\n\tat org.junit.runners.ParentRunner$4.run(ParentRunner.java:331)\n\tat org.junit.runners.ParentRunner$1.schedule(ParentRunner.java:79)\n\tat org.junit.runners.ParentRunner.runChildren(ParentRunner.java:329)\n\tat org.junit.runners.ParentRunner.access$100(ParentRunner.java:66)\n\tat org.junit.runners.ParentRunner$2.evaluate(ParentRunner.java:293)\n\tat org.junit.runners.ParentRunner$3.evaluate(ParentRunner.java:306)\n\tat org.junit.runners.ParentRunner.run(ParentRunner.java:413)\n\tat org.junit.runner.JUnitCore.run(JUnitCore.java:137)\n\tat org.junit.runner.JUnitCore.run(JUnitCore.java:115)\n\tat androidx.test.internal.runner.TestExecutor.execute(TestExecutor.java:68)\n\tat androidx.test.internal.runner.TestExecutor.execute(TestExecutor.java:59)\n\tat androidx.test.runner.AndroidJUnitRunner.onStart(AndroidJUnitRunner.java:467)\n\tat com.wire.android.tests.support.suite.TaggedTestRunner.onStart(TaggedTestRunner.kt:51)\n\tat android.app.Instrumentation$InstrumentationThread.run(Instrumentation.java:2607)\n","steps":[{"name":"Create personal user via backend","time":{"start":1771232477407,"stop":1771232477801,"duration":394},"status":"passed","steps":[],"attachments":[],"parameters":[],"shouldDisplayMessage":false,"stepsCount":0,"attachmentsCount":0,"hasContent":false,"attachmentStep":false},{"name":"Verify welcome page and login via staging deep link","time":{"start":1771232477801,"stop":1771232485635,"duration":7834},"status":"passed","steps":[],"attachments":[],"parameters":[],"shouldDisplayMessage":false,"stepsCount":0,"attachmentsCount":0,"hasContent":false,"attachmentStep":false},{"name":"Complete login flow and set username","time":{"start":1771232485636,"stop":1771232495196,"duration":9560},"status":"passed","steps":[],"attachments":[],"parameters":[],"shouldDisplayMessage":false,"stepsCount":0,"attachmentsCount":0,"hasContent":false,"attachmentStep":false},{"name":"Give consent to share anonymous usage data and verify landing on conversation page","time":{"start":1771232495196,"stop":1771232498430,"duration":3234},"status":"passed","steps":[],"attachments":[],"parameters":[],"shouldDisplayMessage":false,"stepsCount":0,"attachmentsCount":0,"hasContent":false,"attachmentStep":false},{"name":"Navigate to settings from conversation list","time":{"start":1771232498430,"stop":1771232499928,"duration":1498},"status":"passed","steps":[],"attachments":[],"parameters":[],"shouldDisplayMessage":false,"stepsCount":0,"attachmentsCount":0,"hasContent":false,"attachmentStep":false},{"name":"Verify anonymous usage data toggle is ON in privacy settings","time":{"start":1771232499928,"stop":1771232503467,"duration":3539},"status":"passed","steps":[],"attachments":[],"parameters":[],"shouldDisplayMessage":false,"stepsCount":0,"attachmentsCount":0,"hasContent":false,"attachmentStep":false},{"name":"Open debug settings and verify analytics identifier is visible","time":{"start":1771232503469,"stop":1771232516423,"duration":12954},"status":"broken","statusMessage":"UiSelector[CLASS=android.view.View, CHILD=UiSelector[TEXT=Analytics Tracking Identifier, PARENT=UiSelector[CLASS=android.widget.TextView, INSTANCE=1]]]","statusTrace":"androidx.test.uiautomator.UiObjectNotFoundException: UiSelector[CLASS=android.view.View, CHILD=UiSelector[TEXT=Analytics Tracking Identifier, PARENT=UiSelector[CLASS=android.widget.TextView, INSTANCE=1]]]\n\tat androidx.test.uiautomator.UiObject.getText(UiObject.java:518)\n\tat com.wire.android.tests.core.pages.SettingsPage.assertAnalyticsTrackingIdentifierIsDispayed(SettingsPage.kt:201)\n\tat com.wire.android.tests.core.tests.GdprTest.givenTeamUserAcceptsAnonymousDataSharing_whenConsentIsGiven_thenAnalyticsIdentifierIsVisibleInDebugSettings$lambda$13(GdprTest.kt:117)\n\tat com.wire.android.tests.core.tests.GdprTest.$r8$lambda$WHWaWv6cWlrIdr_cOULaHrDRrE8(Unknown Source:0)\n\tat com.wire.android.tests.core.tests.GdprTest$$ExternalSyntheticLambda6.invoke(D8$$SyntheticClass:0)\n\tat com.wire.android.tests.core.BaseUiTest.step$lambda$1(BaseUiTest.kt:54)\n\tat com.wire.android.tests.core.BaseUiTest.$r8$lambda$CSKDAIjp6271vtVFMpsHBDVw5qY(Unknown Source:0)\n\tat com.wire.android.tests.core.BaseUiTest$$ExternalSyntheticLambda1.invoke(D8$$SyntheticClass:0)\n\tat io.qameta.allure.kotlin.Allure.step(Allure.kt:60)\n\tat com.wire.android.tests.core.BaseUiTest.step(BaseUiTest.kt:54)\n\tat com.wire.android.tests.core.tests.GdprTest.givenTeamUserAcceptsAnonymousDataSharing_whenConsentIsGiven_thenAnalyticsIdentifierIsVisibleInDebugSettings(GdprTest.kt:113)\n\tat java.lang.reflect.Method.invoke(Native Method)\n\tat org.junit.runners.model.FrameworkMethod$1.runReflectiveCall(FrameworkMethod.java:59)\n\tat org.junit.internal.runners.model.ReflectiveCallable.run(ReflectiveCallable.java:12)\n\tat org.junit.runners.model.FrameworkMethod.invokeExplosively(FrameworkMethod.java:56)\n\tat org.junit.internal.runners.statements.InvokeMethod.evaluate(InvokeMethod.java:17)\n\tat androidx.test.internal.runner.junit4.statement.RunBefores.evaluate(RunBefores.java:80)\n\tat androidx.test.internal.runner.junit4.statement.RunAfters.evaluate(RunAfters.java:61)\n\tat com.wire.android.tests.support.suite.AllureFailureScreenshotRule$apply$1.evaluate(AllureFailureScreenshotRule.kt:44)\n\tat com.wire.android.tests.support.suite.AllureLabelsRule$apply$1.evaluate(AllureLabelsRule.kt:70)\n\tat org.junit.rules.TestWatcher$1.evaluate(TestWatcher.java:61)\n\tat com.wire.android.tests.support.suite.AllureLogcatRule$apply$1.evaluate(AllureLogcatRule.kt:41)\n\tat org.junit.runners.ParentRunner$3.evaluate(ParentRunner.java:306)\n\tat org.junit.runners.BlockJUnit4ClassRunner$1.evaluate(BlockJUnit4ClassRunner.java:100)\n\tat org.junit.runners.ParentRunner.runLeaf(ParentRunner.java:366)\n\tat org.junit.runners.BlockJUnit4ClassRunner.runChild(BlockJUnit4ClassRunner.java:103)\n\tat org.junit.runners.BlockJUnit4ClassRunner.runChild(BlockJUnit4ClassRunner.java:63)\n\tat org.junit.runners.ParentRunner$4.run(ParentRunner.java:331)\n\tat org.junit.runners.ParentRunner$1.schedule(ParentRunner.java:79)\n\tat org.junit.runners.ParentRunner.runChildren(ParentRunner.java:329)\n\tat org.junit.runners.ParentRunner.access$100(ParentRunner.java:66)\n\tat org.junit.runners.ParentRunner$2.evaluate(ParentRunner.java:293)\n\tat org.junit.runners.ParentRunner$3.evaluate(ParentRunner.java:306)\n\tat org.junit.runners.ParentRunner.run(ParentRunner.java:413)\n\tat androidx.test.ext.junit.runners.AndroidJUnit4.run(AndroidJUnit4.java:162)\n\tat org.junit.runners.Suite.runChild(Suite.java:128)\n\tat org.junit.runners.Suite.runChild(Suite.java:27)\n\tat org.junit.runners.ParentRunner$4.run(ParentRunner.java:331)\n\tat org.junit.runners.ParentRunner$1.schedule(ParentRunner.java:79)\n\tat org.junit.runners.ParentRunner.runChildren(ParentRunner.java:329)\n\tat org.junit.runners.ParentRunner.access$100(ParentRunner.java:66)\n\tat org.junit.runners.ParentRunner$2.evaluate(ParentRunner.java:293)\n\tat org.junit.runners.ParentRunner$3.evaluate(ParentRunner.java:306)\n\tat org.junit.runners.ParentRunner.run(ParentRunner.java:413)\n\tat org.junit.runner.JUnitCore.run(JUnitCore.java:137)\n\tat org.junit.runner.JUnitCore.run(JUnitCore.java:115)\n\tat androidx.test.internal.runner.TestExecutor.execute(TestExecutor.java:68)\n\tat androidx.test.internal.runner.TestExecutor.execute(TestExecutor.java:59)\n\tat androidx.test.runner.AndroidJUnitRunner.onStart(AndroidJUnitRunner.java:467)\n\tat com.wire.android.tests.support.suite.TaggedTestRunner.onStart(TaggedTestRunner.kt:51)\n\tat android.app.Instrumentation$InstrumentationThread.run(Instrumentation.java:2607)\n","steps":[],"attachments":[],"parameters":[],"shouldDisplayMessage":true,"stepsCount":0,"attachmentsCount":0,"hasContent":true,"attachmentStep":false}],"attachments":[{"uid":"bb473ecdb4bd434a","name":"failure-screenshot","source":"bb473ecdb4bd434a.png","type":"image/png","size":141093},{"uid":"c9df23df67dc5355","name":"logcat","source":"c9df23df67dc5355.txt","type":"text/plain","size":86546}],"parameters":[],"shouldDisplayMessage":false,"stepsCount":7,"attachmentsCount":2,"hasContent":true,"attachmentStep":false},"afterStages":[],"labels":[{"name":"package","value":"com.wire.android.tests.core.tests"},{"name":"testClass","value":"com.wire.android.tests.core.tests.GdprTest"},{"name":"testMethod","value":"givenTeamUserAcceptsAnonymousDataSharing_whenConsentIsGiven_thenAnalyticsIdentifierIsVisibleInDebugSettings"},{"name":"suite","value":"com.wire.android.tests.core.tests.GdprTest"},{"name":"thread","value":"Instr: com.wire.android.tests.support.suite.TaggedTestRunner(669)"},{"name":"framework","value":"junit4"},{"name":"language","value":"kotlin"},{"name":"tag","value":"TC-8705"},{"name":"tag","value":"gdpr"},{"name":"tag","value":"regression"},{"name":"device","value":"SM-G990B - 15 (RFCT70854YJ)"},{"name":"host","value":"SM-G990B - 15 (RFCT70854YJ)"},{"name":"resultFormat","value":"allure2"}],"parameters":[{"name":"device","value":"SM-G990B - 15 (RFCT70854YJ)"}],"links":[],"hidden":false,"retry":false,"extra":{"severity":"normal","retries":[],"categories":[{"name":"Test defects","matchedStatuses":[],"flaky":false}],"tags":["TC-8705","regression","gdpr"]},"source":"5141845f02f19516.json","parameterValues":["SM-G990B - 15 (RFCT70854YJ)"]}